[2017-05-23 18:05:31.032] [INFO] normal - GET /gaodun
[2017-05-23 18:05:31.058] [INFO] normal - GET /css/index_gaodun.css
[2017-05-23 18:05:31.062] [INFO] normal - GET /css/bootstrap.min.css
[2017-05-23 18:05:31.067] [INFO] normal - GET /lib/jquery.min.js
[2017-05-23 18:05:31.068] [INFO] normal - GET /lib/layer.js
[2017-05-23 18:05:31.078] [INFO] normal - GET /lib/bootstrap.min.js
[2017-05-23 18:05:31.095] [INFO] normal - GET /lib/jquery.form.min.js
[2017-05-23 18:05:31.107] [INFO] normal - GET /js/index_gaodun.js
[2017-05-23 18:05:31.114] [INFO] normal - GET /images/logo.png
[2017-05-23 18:05:31.124] [INFO] normal - GET /images/%E6%A8%A1%E6%9D%BF%E4%B8%80_s.png
[2017-05-23 18:05:31.161] [INFO] normal - GET /lib/skin/default/layer.css?v=3.0.11110
[2017-05-23 18:05:31.400] [INFO] normal - GET /lib/jquery.min.map
[2017-05-23 18:05:31.402] [INFO] normal - GET /images/arr.png
[2017-05-23 18:05:31.404] [INFO] normal - GET /images/dg.png
[2017-05-23 18:05:31.416] [INFO] normal - GET /images/add.png
[2017-05-23 18:05:31.424] [INFO] normal - GET /images/dgs.png
[2017-05-23 18:05:31.426] [INFO] normal - GET /images/delete.png
[2017-05-23 18:05:31.733] [INFO] normal - GET /images/%E6%A8%A1%E6%9D%BF%E4%B8%89.png
[2017-05-23 18:05:31.831] [INFO] normal - GET /images/%E6%A8%A1%E6%9D%BF%E4%B8%80.png
[2017-05-23 18:05:32.307] [INFO] normal - GET /images/%E6%A8%A1%E6%9D%BF%E4%BA%8C.png
