[2017-05-17 08:46:42.602] [INFO] normal - GET /
[2017-05-17 08:46:43.179] [INFO] normal - GET /users/login
[2017-05-17 08:46:43.192] [INFO] normal - GET /css/bootstrap.min.css
[2017-05-17 08:46:43.194] [INFO] normal - GET /css/index.css
[2017-05-17 08:46:43.197] [INFO] normal - GET /lib/jquery.min.js
[2017-05-17 08:46:43.198] [INFO] normal - GET /lib/bootstrap.min.js
[2017-05-17 08:46:43.206] [INFO] normal - GET /lib/layer.js
[2017-05-17 08:46:43.207] [INFO] normal - GET /images/logo.png
[2017-05-17 08:46:43.409] [INFO] normal - GET /lib/skin/default/layer.css?v=3.0.11110
[2017-05-17 08:46:43.417] [INFO] normal - GET /images/arr.png
[2017-05-17 08:46:43.774] [INFO] normal - GET /favicon.ico
[2017-05-17 08:46:48.285] [INFO] normal - POST /users/login
[2017-05-17 08:46:49.876] [INFO] normal - GET /
[2017-05-17 08:46:49.962] [INFO] normal - GET /css/bootstrap.min.css
[2017-05-17 08:46:49.964] [INFO] normal - GET /css/index.css
[2017-05-17 08:46:49.965] [INFO] normal - GET /lib/jquery.min.js
[2017-05-17 08:46:49.966] [INFO] normal - GET /lib/bootstrap.min.js
[2017-05-17 08:46:50.010] [INFO] normal - GET /lib/layer.js
[2017-05-17 08:46:50.088] [INFO] normal - GET /lib/jquery.form.min.js
[2017-05-17 08:46:50.104] [INFO] normal - GET /js/index.js
[2017-05-17 08:46:50.121] [INFO] normal - GET /images/logo.png
[2017-05-17 08:46:50.134] [INFO] normal - GET /images/%E6%A8%A1%E6%9D%BF%E4%B8%80_s.png
[2017-05-17 08:46:50.143] [INFO] normal - GET /images/%E6%A8%A1%E6%9D%BF%E4%BA%8C_s.png
[2017-05-17 08:46:50.169] [INFO] normal - GET /images/%E6%A8%A1%E6%9D%BF%E4%B8%89_s.png
[2017-05-17 08:46:50.170] [INFO] normal - GET /lib/skin/default/layer.css?v=3.0.11110
[2017-05-17 08:46:50.196] [INFO] normal - GET /images/%E6%A8%A1%E6%9D%BF%E4%B8%80.png
[2017-05-17 08:46:50.198] [INFO] normal - GET /images/%E6%A8%A1%E6%9D%BF%E4%BA%8C.png
[2017-05-17 08:46:50.199] [INFO] normal - GET /images/%E6%A8%A1%E6%9D%BF%E4%B8%89.png
[2017-05-17 08:46:50.221] [INFO] normal - GET /images/add.png
[2017-05-17 08:46:50.221] [INFO] normal - GET /images/arr.png
[2017-05-17 08:46:50.223] [INFO] normal - GET /images/dg.png
[2017-05-17 08:46:50.227] [INFO] normal - GET /images/dgs.png
[2017-05-17 08:46:50.229] [INFO] normal - GET /images/delete.png
[2017-05-17 09:21:24.723] [INFO] normal - GET /
[2017-05-17 09:21:24.742] [INFO] normal - GET /css/bootstrap.min.css
[2017-05-17 09:21:24.744] [INFO] normal - GET /css/index.css
[2017-05-17 09:21:24.745] [INFO] normal - GET /lib/jquery.min.js
[2017-05-17 09:21:24.745] [INFO] normal - GET /lib/bootstrap.min.js
[2017-05-17 09:21:24.749] [INFO] normal - GET /lib/layer.js
[2017-05-17 09:21:24.753] [INFO] normal - GET /lib/jquery.form.min.js
[2017-05-17 09:21:24.757] [INFO] normal - GET /js/index.js
[2017-05-17 09:21:24.761] [INFO] normal - GET /images/logo.png
[2017-05-17 09:21:24.764] [INFO] normal - GET /images/%E6%A8%A1%E6%9D%BF%E4%B8%80_s.png
[2017-05-17 09:21:24.771] [INFO] normal - GET /images/%E6%A8%A1%E6%9D%BF%E4%BA%8C_s.png
[2017-05-17 09:21:24.772] [INFO] normal - GET /lib/skin/default/layer.css?v=3.0.11110
[2017-05-17 09:21:24.776] [INFO] normal - GET /images/%E6%A8%A1%E6%9D%BF%E4%B8%89_s.png
[2017-05-17 09:21:24.784] [INFO] normal - GET /images/%E6%A8%A1%E6%9D%BF%E4%B8%80.png
[2017-05-17 09:21:24.785] [INFO] normal - GET /images/%E6%A8%A1%E6%9D%BF%E4%BA%8C.png
[2017-05-17 09:21:24.785] [INFO] normal - GET /images/%E6%A8%A1%E6%9D%BF%E4%B8%89.png
[2017-05-17 09:21:24.786] [INFO] normal - GET /images/arr.png
[2017-05-17 09:21:24.786] [INFO] normal - GET /images/dg.png
[2017-05-17 09:21:24.797] [INFO] normal - GET /images/add.png
[2017-05-17 09:21:24.807] [INFO] normal - GET /images/dgs.png
[2017-05-17 09:21:24.809] [INFO] normal - GET /images/delete.png
[2017-05-17 09:21:26.208] [INFO] normal - GET /users/logout
[2017-05-17 09:21:26.355] [INFO] normal - GET /users/login
[2017-05-17 09:21:26.364] [INFO] normal - GET /css/bootstrap.min.css
[2017-05-17 09:21:26.365] [INFO] normal - GET /css/index.css
[2017-05-17 09:21:26.369] [INFO] normal - GET /lib/jquery.min.js
[2017-05-17 09:21:26.370] [INFO] normal - GET /lib/bootstrap.min.js
[2017-05-17 09:21:26.373] [INFO] normal - GET /lib/layer.js
[2017-05-17 09:21:26.374] [INFO] normal - GET /images/logo.png
[2017-05-17 09:21:26.391] [INFO] normal - GET /lib/skin/default/layer.css?v=3.0.11110
[2017-05-17 09:21:26.395] [INFO] normal - GET /images/arr.png
[2017-05-17 09:21:27.332] [INFO] normal - POST /users/login
[2017-05-17 09:21:27.920] [INFO] normal - GET /
[2017-05-17 09:21:27.935] [INFO] normal - GET /css/bootstrap.min.css
[2017-05-17 09:21:27.936] [INFO] normal - GET /css/index.css
[2017-05-17 09:21:27.937] [INFO] normal - GET /lib/jquery.min.js
[2017-05-17 09:21:27.940] [INFO] normal - GET /lib/bootstrap.min.js
[2017-05-17 09:21:27.943] [INFO] normal - GET /lib/layer.js
[2017-05-17 09:21:27.947] [INFO] normal - GET /lib/jquery.form.min.js
[2017-05-17 09:21:27.953] [INFO] normal - GET /js/index.js
[2017-05-17 09:21:27.959] [INFO] normal - GET /images/logo.png
[2017-05-17 09:21:27.963] [INFO] normal - GET /lib/skin/default/layer.css?v=3.0.11110
[2017-05-17 09:21:27.967] [INFO] normal - GET /images/%E6%A8%A1%E6%9D%BF%E4%B8%80_s.png
[2017-05-17 09:21:27.975] [INFO] normal - GET /images/%E6%A8%A1%E6%9D%BF%E4%BA%8C_s.png
[2017-05-17 09:21:27.976] [INFO] normal - GET /images/%E6%A8%A1%E6%9D%BF%E4%B8%89_s.png
[2017-05-17 09:21:27.982] [INFO] normal - GET /images/%E6%A8%A1%E6%9D%BF%E4%B8%80.png
[2017-05-17 09:21:27.982] [INFO] normal - GET /images/%E6%A8%A1%E6%9D%BF%E4%BA%8C.png
[2017-05-17 09:21:27.983] [INFO] normal - GET /images/%E6%A8%A1%E6%9D%BF%E4%B8%89.png
[2017-05-17 09:21:27.987] [INFO] normal - GET /images/arr.png
[2017-05-17 09:21:27.988] [INFO] normal - GET /images/dgs.png
[2017-05-17 09:21:27.990] [INFO] normal - GET /images/dg.png
[2017-05-17 09:21:27.995] [INFO] normal - GET /images/delete.png
[2017-05-17 09:21:28.000] [INFO] normal - GET /images/add.png
[2017-05-17 09:23:30.916] [INFO] normal - GET /
[2017-05-17 09:23:30.930] [INFO] normal - GET /css/bootstrap.min.css
[2017-05-17 09:23:30.931] [INFO] normal - GET /css/index.css
[2017-05-17 09:23:30.932] [INFO] normal - GET /lib/jquery.min.js
[2017-05-17 09:23:30.934] [INFO] normal - GET /lib/bootstrap.min.js
[2017-05-17 09:23:30.935] [INFO] normal - GET /lib/layer.js
[2017-05-17 09:23:30.941] [INFO] normal - GET /lib/jquery.form.min.js
[2017-05-17 09:23:30.948] [INFO] normal - GET /js/index.js
[2017-05-17 09:23:30.956] [INFO] normal - GET /images/logo.png
[2017-05-17 09:23:30.959] [INFO] normal - GET /lib/skin/default/layer.css?v=3.0.11110
[2017-05-17 09:23:30.972] [INFO] normal - GET /images/%E6%A8%A1%E6%9D%BF%E4%B8%80_s.png
[2017-05-17 09:23:30.973] [INFO] normal - GET /images/%E6%A8%A1%E6%9D%BF%E4%BA%8C_s.png
[2017-05-17 09:23:30.976] [INFO] normal - GET /images/%E6%A8%A1%E6%9D%BF%E4%B8%89_s.png
[2017-05-17 09:23:30.986] [INFO] normal - GET /images/%E6%A8%A1%E6%9D%BF%E4%B8%80.png
[2017-05-17 09:23:30.988] [INFO] normal - GET /images/%E6%A8%A1%E6%9D%BF%E4%BA%8C.png
[2017-05-17 09:23:30.991] [INFO] normal - GET /images/%E6%A8%A1%E6%9D%BF%E4%B8%89.png
[2017-05-17 09:23:30.996] [INFO] normal - GET /images/dgs.png
[2017-05-17 09:23:30.997] [INFO] normal - GET /images/dg.png
[2017-05-17 09:23:30.998] [INFO] normal - GET /images/delete.png
[2017-05-17 09:23:30.999] [INFO] normal - GET /images/add.png
[2017-05-17 09:23:31.002] [INFO] normal - GET /images/arr.png
[2017-05-17 09:24:05.852] [INFO] normal - POST /uploadFile
[2017-05-17 09:24:30.849] [INFO] normal - POST /uploadFile
[2017-05-17 09:24:43.937] [INFO] normal - POST /uploadFile
[2017-05-17 09:24:57.256] [INFO] normal - GET /
[2017-05-17 09:24:57.271] [INFO] normal - GET /css/bootstrap.min.css
[2017-05-17 09:24:57.272] [INFO] normal - GET /css/index.css
[2017-05-17 09:24:57.273] [INFO] normal - GET /lib/jquery.min.js
[2017-05-17 09:24:57.276] [INFO] normal - GET /lib/bootstrap.min.js
[2017-05-17 09:24:57.280] [INFO] normal - GET /lib/layer.js
[2017-05-17 09:24:57.284] [INFO] normal - GET /lib/jquery.form.min.js
[2017-05-17 09:24:57.294] [INFO] normal - GET /js/index.js
[2017-05-17 09:24:57.300] [INFO] normal - GET /images/logo.png
[2017-05-17 09:24:57.304] [INFO] normal - GET /lib/skin/default/layer.css?v=3.0.11110
[2017-05-17 09:24:57.313] [INFO] normal - GET /images/%E6%A8%A1%E6%9D%BF%E4%B8%80_s.png
[2017-05-17 09:24:57.314] [INFO] normal - GET /images/%E6%A8%A1%E6%9D%BF%E4%BA%8C_s.png
[2017-05-17 09:24:57.319] [INFO] normal - GET /images/%E6%A8%A1%E6%9D%BF%E4%B8%89_s.png
[2017-05-17 09:24:57.320] [INFO] normal - GET /images/%E6%A8%A1%E6%9D%BF%E4%B8%80.png
[2017-05-17 09:24:57.320] [INFO] normal - GET /images/%E6%A8%A1%E6%9D%BF%E4%BA%8C.png
[2017-05-17 09:24:57.321] [INFO] normal - GET /images/%E6%A8%A1%E6%9D%BF%E4%B8%89.png
[2017-05-17 09:24:57.327] [INFO] normal - GET /images/dgs.png
[2017-05-17 09:24:57.328] [INFO] normal - GET /images/delete.png
[2017-05-17 09:24:57.331] [INFO] normal - GET /images/add.png
[2017-05-17 09:24:57.335] [INFO] normal - GET /images/dg.png
[2017-05-17 09:24:57.336] [INFO] normal - GET /images/arr.png
[2017-05-17 09:25:05.089] [INFO] normal - POST /uploadFile
[2017-05-17 09:25:23.419] [INFO] normal - GET /
[2017-05-17 09:25:23.434] [INFO] normal - GET /css/bootstrap.min.css
[2017-05-17 09:25:23.437] [INFO] normal - GET /css/index.css
[2017-05-17 09:25:23.439] [INFO] normal - GET /lib/jquery.min.js
[2017-05-17 09:25:23.441] [INFO] normal - GET /lib/bootstrap.min.js
[2017-05-17 09:25:23.443] [INFO] normal - GET /lib/layer.js
[2017-05-17 09:25:23.446] [INFO] normal - GET /lib/jquery.form.min.js
[2017-05-17 09:25:23.451] [INFO] normal - GET /js/index.js
[2017-05-17 09:25:23.456] [INFO] normal - GET /images/logo.png
[2017-05-17 09:25:23.460] [INFO] normal - GET /images/%E6%A8%A1%E6%9D%BF%E4%B8%80_s.png
[2017-05-17 09:25:23.463] [INFO] normal - GET /images/%E6%A8%A1%E6%9D%BF%E4%BA%8C_s.png
[2017-05-17 09:25:23.467] [INFO] normal - GET /lib/skin/default/layer.css?v=3.0.11110
[2017-05-17 09:25:23.469] [INFO] normal - GET /images/%E6%A8%A1%E6%9D%BF%E4%B8%89_s.png
[2017-05-17 09:25:23.473] [INFO] normal - GET /images/%E6%A8%A1%E6%9D%BF%E4%B8%80.png
[2017-05-17 09:25:23.476] [INFO] normal - GET /images/%E6%A8%A1%E6%9D%BF%E4%BA%8C.png
[2017-05-17 09:25:23.478] [INFO] normal - GET /images/%E6%A8%A1%E6%9D%BF%E4%B8%89.png
[2017-05-17 09:25:23.479] [INFO] normal - GET /images/arr.png
[2017-05-17 09:25:23.481] [INFO] normal - GET /images/dg.png
[2017-05-17 09:25:23.488] [INFO] normal - GET /images/add.png
[2017-05-17 09:25:23.490] [INFO] normal - GET /images/dgs.png
[2017-05-17 09:25:23.491] [INFO] normal - GET /images/delete.png
[2017-05-17 09:25:26.824] [INFO] normal - POST /uploadFile
[2017-05-17 09:25:36.712] [INFO] normal - GET /users/logout
[2017-05-17 09:25:36.823] [INFO] normal - GET /users/login
[2017-05-17 09:25:36.835] [INFO] normal - GET /css/bootstrap.min.css
[2017-05-17 09:25:36.835] [INFO] normal - GET /css/index.css
[2017-05-17 09:25:36.839] [INFO] normal - GET /lib/jquery.min.js
[2017-05-17 09:25:36.842] [INFO] normal - GET /lib/bootstrap.min.js
[2017-05-17 09:25:36.843] [INFO] normal - GET /lib/layer.js
[2017-05-17 09:25:36.847] [INFO] normal - GET /images/logo.png
[2017-05-17 09:25:36.863] [INFO] normal - GET /lib/skin/default/layer.css?v=3.0.11110
[2017-05-17 09:25:36.868] [INFO] normal - GET /images/arr.png
[2017-05-17 09:25:38.294] [INFO] normal - POST /users/login
[2017-05-17 09:25:38.786] [INFO] normal - GET /
[2017-05-17 09:25:38.801] [INFO] normal - GET /css/bootstrap.min.css
[2017-05-17 09:25:38.802] [INFO] normal - GET /css/index.css
[2017-05-17 09:25:38.804] [INFO] normal - GET /lib/jquery.min.js
[2017-05-17 09:25:38.807] [INFO] normal - GET /lib/bootstrap.min.js
[2017-05-17 09:25:38.807] [INFO] normal - GET /lib/layer.js
[2017-05-17 09:25:38.814] [INFO] normal - GET /lib/jquery.form.min.js
[2017-05-17 09:25:38.822] [INFO] normal - GET /js/index.js
[2017-05-17 09:25:38.828] [INFO] normal - GET /images/logo.png
[2017-05-17 09:25:38.833] [INFO] normal - GET /lib/skin/default/layer.css?v=3.0.11110
[2017-05-17 09:25:38.837] [INFO] normal - GET /images/%E6%A8%A1%E6%9D%BF%E4%B8%80_s.png
[2017-05-17 09:25:38.843] [INFO] normal - GET /images/%E6%A8%A1%E6%9D%BF%E4%BA%8C_s.png
[2017-05-17 09:25:38.848] [INFO] normal - GET /images/%E6%A8%A1%E6%9D%BF%E4%B8%89_s.png
[2017-05-17 09:25:38.850] [INFO] normal - GET /images/%E6%A8%A1%E6%9D%BF%E4%B8%80.png
[2017-05-17 09:25:38.852] [INFO] normal - GET /images/%E6%A8%A1%E6%9D%BF%E4%BA%8C.png
[2017-05-17 09:25:38.854] [INFO] normal - GET /images/%E6%A8%A1%E6%9D%BF%E4%B8%89.png
[2017-05-17 09:25:38.859] [INFO] normal - GET /images/dg.png
[2017-05-17 09:25:38.860] [INFO] normal - GET /images/add.png
[2017-05-17 09:25:38.863] [INFO] normal - GET /images/dgs.png
[2017-05-17 09:25:38.867] [INFO] normal - GET /images/delete.png
[2017-05-17 09:25:42.928] [INFO] normal - POST /uploadFile
[2017-05-17 09:26:10.333] [INFO] normal - GET /
[2017-05-17 09:26:10.345] [INFO] normal - GET /css/bootstrap.min.css
[2017-05-17 09:26:10.352] [INFO] normal - GET /css/index.css
[2017-05-17 09:26:10.353] [INFO] normal - GET /lib/jquery.min.js
[2017-05-17 09:26:10.356] [INFO] normal - GET /lib/bootstrap.min.js
[2017-05-17 09:26:10.357] [INFO] normal - GET /lib/layer.js
[2017-05-17 09:26:10.365] [INFO] normal - GET /lib/jquery.form.min.js
[2017-05-17 09:26:10.372] [INFO] normal - GET /js/index.js
[2017-05-17 09:26:10.381] [INFO] normal - GET /images/logo.png
[2017-05-17 09:26:10.383] [INFO] normal - GET /lib/skin/default/layer.css?v=3.0.11110
[2017-05-17 09:26:10.389] [INFO] normal - GET /images/%E6%A8%A1%E6%9D%BF%E4%B8%80_s.png
[2017-05-17 09:26:10.394] [INFO] normal - GET /images/%E6%A8%A1%E6%9D%BF%E4%BA%8C_s.png
[2017-05-17 09:26:10.399] [INFO] normal - GET /images/%E6%A8%A1%E6%9D%BF%E4%B8%89_s.png
[2017-05-17 09:26:10.403] [INFO] normal - GET /images/%E6%A8%A1%E6%9D%BF%E4%B8%80.png
[2017-05-17 09:26:10.406] [INFO] normal - GET /images/%E6%A8%A1%E6%9D%BF%E4%BA%8C.png
[2017-05-17 09:26:10.408] [INFO] normal - GET /images/%E6%A8%A1%E6%9D%BF%E4%B8%89.png
[2017-05-17 09:26:11.614] [INFO] normal - GET /
[2017-05-17 09:26:11.628] [INFO] normal - GET /css/bootstrap.min.css
[2017-05-17 09:26:11.630] [INFO] normal - GET /css/index.css
[2017-05-17 09:26:11.631] [INFO] normal - GET /lib/jquery.min.js
[2017-05-17 09:26:11.632] [INFO] normal - GET /lib/bootstrap.min.js
[2017-05-17 09:26:11.634] [INFO] normal - GET /lib/layer.js
[2017-05-17 09:26:11.636] [INFO] normal - GET /lib/jquery.form.min.js
[2017-05-17 09:26:11.639] [INFO] normal - GET /js/index.js
[2017-05-17 09:26:11.643] [INFO] normal - GET /images/logo.png
[2017-05-17 09:26:11.646] [INFO] normal - GET /images/%E6%A8%A1%E6%9D%BF%E4%B8%80_s.png
[2017-05-17 09:26:11.650] [INFO] normal - GET /images/%E6%A8%A1%E6%9D%BF%E4%BA%8C_s.png
[2017-05-17 09:26:11.654] [INFO] normal - GET /lib/skin/default/layer.css?v=3.0.11110
[2017-05-17 09:26:11.655] [INFO] normal - GET /images/%E6%A8%A1%E6%9D%BF%E4%B8%89_s.png
[2017-05-17 09:26:11.665] [INFO] normal - GET /images/%E6%A8%A1%E6%9D%BF%E4%B8%80.png
[2017-05-17 09:26:11.667] [INFO] normal - GET /images/%E6%A8%A1%E6%9D%BF%E4%BA%8C.png
[2017-05-17 09:26:11.667] [INFO] normal - GET /images/%E6%A8%A1%E6%9D%BF%E4%B8%89.png
[2017-05-17 09:26:14.496] [INFO] normal - POST /uploadFile
[2017-05-17 09:26:19.932] [INFO] normal - POST /uploadFile
[2017-05-17 09:26:21.659] [INFO] normal - GET /css/bootstrap.min.css
[2017-05-17 09:26:21.660] [INFO] normal - GET /css/index.css
[2017-05-17 09:26:21.664] [INFO] normal - GET /lib/skin/default/layer.css?v=3.0.11110
[2017-05-17 09:26:29.612] [INFO] normal - GET /
[2017-05-17 09:26:29.633] [INFO] normal - GET /css/bootstrap.min.css
[2017-05-17 09:26:29.635] [INFO] normal - GET /css/index.css
[2017-05-17 09:26:29.641] [INFO] normal - GET /lib/jquery.min.js
[2017-05-17 09:26:29.641] [INFO] normal - GET /lib/bootstrap.min.js
[2017-05-17 09:26:29.645] [INFO] normal - GET /lib/layer.js
[2017-05-17 09:26:29.650] [INFO] normal - GET /lib/jquery.form.min.js
[2017-05-17 09:26:29.657] [INFO] normal - GET /js/index.js
[2017-05-17 09:26:29.665] [INFO] normal - GET /images/logo.png
[2017-05-17 09:26:29.673] [INFO] normal - GET /images/%E6%A8%A1%E6%9D%BF%E4%B8%80_s.png
[2017-05-17 09:26:29.677] [INFO] normal - GET /images/%E6%A8%A1%E6%9D%BF%E4%BA%8C_s.png
[2017-05-17 09:26:29.681] [INFO] normal - GET /images/%E6%A8%A1%E6%9D%BF%E4%B8%89_s.png
[2017-05-17 09:26:29.695] [INFO] normal - GET /images/%E6%A8%A1%E6%9D%BF%E4%B8%80.png
[2017-05-17 09:26:29.766] [INFO] normal - GET /images/%E6%A8%A1%E6%9D%BF%E4%BA%8C.png
[2017-05-17 09:26:29.768] [INFO] normal - GET /lib/jquery.min.map
[2017-05-17 09:26:29.769] [INFO] normal - GET /lib/skin/default/layer.css?v=3.0.11110
[2017-05-17 09:26:29.771] [INFO] normal - GET /images/%E6%A8%A1%E6%9D%BF%E4%B8%89.png
[2017-05-17 09:26:32.445] [INFO] normal - POST /uploadFile
[2017-05-17 09:26:59.421] [INFO] normal - GET /images/%E6%A8%A1%E6%9D%BF%E4%B8%80.png
[2017-05-17 09:27:00.046] [INFO] normal - GET /images/%E6%A8%A1%E6%9D%BF%E4%BA%8C.png
[2017-05-17 09:27:00.548] [INFO] normal - GET /images/%E6%A8%A1%E6%9D%BF%E4%B8%89.png
[2017-05-17 09:27:20.103] [INFO] normal - GET /
[2017-05-17 09:27:20.129] [INFO] normal - GET /css/bootstrap.min.css
[2017-05-17 09:27:20.130] [INFO] normal - GET /css/index.css
[2017-05-17 09:27:20.131] [INFO] normal - GET /lib/jquery.min.js
[2017-05-17 09:27:20.132] [INFO] normal - GET /lib/bootstrap.min.js
[2017-05-17 09:27:20.135] [INFO] normal - GET /lib/layer.js
[2017-05-17 09:27:20.146] [INFO] normal - GET /lib/jquery.form.min.js
[2017-05-17 09:27:20.158] [INFO] normal - GET /js/index.js
[2017-05-17 09:27:20.172] [INFO] normal - GET /images/logo.png
[2017-05-17 09:27:20.182] [INFO] normal - GET /images/%E6%A8%A1%E6%9D%BF%E4%B8%80_s.png
[2017-05-17 09:27:20.199] [INFO] normal - GET /images/%E6%A8%A1%E6%9D%BF%E4%BA%8C_s.png
[2017-05-17 09:27:20.206] [INFO] normal - GET /images/%E6%A8%A1%E6%9D%BF%E4%B8%89_s.png
[2017-05-17 09:27:20.214] [INFO] normal - GET /images/%E6%A8%A1%E6%9D%BF%E4%B8%80.png
[2017-05-17 09:27:20.221] [INFO] normal - GET /images/%E6%A8%A1%E6%9D%BF%E4%BA%8C.png
[2017-05-17 09:27:20.227] [INFO] normal - GET /images/%E6%A8%A1%E6%9D%BF%E4%B8%89.png
[2017-05-17 09:27:20.240] [INFO] normal - GET /lib/skin/default/layer.css?v=3.0.11110
[2017-05-17 09:27:20.411] [INFO] normal - GET /lib/jquery.min.map
[2017-05-17 09:27:21.638] [INFO] normal - GET /images/%E6%A8%A1%E6%9D%BF%E4%BA%8C.png
[2017-05-17 09:27:21.749] [INFO] normal - GET /images/%E6%A8%A1%E6%9D%BF%E4%B8%89.png
[2017-05-17 09:27:24.199] [INFO] normal - POST /uploadFile
[2017-05-17 09:28:34.415] [INFO] normal - POST /uploadFile
[2017-05-17 09:29:38.951] [INFO] normal - POST /uploadFile
[2017-05-17 09:29:45.184] [INFO] normal - POST /uploadFile
[2017-05-17 12:43:38.787] [INFO] normal - GET /
[2017-05-17 12:43:38.808] [INFO] normal - GET /css/bootstrap.min.css
[2017-05-17 12:43:38.810] [INFO] normal - GET /css/index.css
[2017-05-17 12:43:38.813] [INFO] normal - GET /lib/jquery.min.js
[2017-05-17 12:43:38.814] [INFO] normal - GET /lib/bootstrap.min.js
[2017-05-17 12:43:38.815] [INFO] normal - GET /lib/layer.js
[2017-05-17 12:43:38.822] [INFO] normal - GET /lib/jquery.form.min.js
[2017-05-17 12:43:38.825] [INFO] normal - GET /js/index.js
[2017-05-17 12:43:38.828] [INFO] normal - GET /images/logo.png
[2017-05-17 12:43:38.832] [INFO] normal - GET /images/%E6%A8%A1%E6%9D%BF%E4%B8%80_s.png
[2017-05-17 12:43:38.846] [INFO] normal - GET /images/%E6%A8%A1%E6%9D%BF%E4%BA%8C_s.png
[2017-05-17 12:43:38.850] [INFO] normal - GET /images/%E6%A8%A1%E6%9D%BF%E4%B8%89_s.png
[2017-05-17 12:43:38.856] [INFO] normal - GET /images/%E6%A8%A1%E6%9D%BF%E4%B8%80.png
[2017-05-17 12:43:38.859] [INFO] normal - GET /images/%E6%A8%A1%E6%9D%BF%E4%BA%8C.png
[2017-05-17 12:43:38.870] [INFO] normal - GET /images/%E6%A8%A1%E6%9D%BF%E4%B8%89.png
[2017-05-17 12:43:39.063] [INFO] normal - GET /lib/jquery.min.map
[2017-05-17 12:43:39.064] [INFO] normal - GET /lib/skin/default/layer.css?v=3.0.11110
[2017-05-17 12:43:39.066] [INFO] normal - GET /images/dg.png
[2017-05-17 12:43:39.068] [INFO] normal - GET /images/arr.png
[2017-05-17 12:43:39.071] [INFO] normal - GET /images/add.png
[2017-05-17 12:43:39.077] [INFO] normal - GET /images/dgs.png
[2017-05-17 12:43:39.080] [INFO] normal - GET /images/delete.png
[2017-05-17 12:43:43.098] [INFO] normal - POST /uploadFile
[2017-05-17 12:46:06.899] [INFO] normal - GET /
[2017-05-17 12:46:06.913] [INFO] normal - GET /css/bootstrap.min.css
[2017-05-17 12:46:06.918] [INFO] normal - GET /css/index.css
[2017-05-17 12:46:06.919] [INFO] normal - GET /lib/jquery.min.js
[2017-05-17 12:46:06.920] [INFO] normal - GET /lib/bootstrap.min.js
[2017-05-17 12:46:06.925] [INFO] normal - GET /lib/layer.js
[2017-05-17 12:46:06.928] [INFO] normal - GET /lib/jquery.form.min.js
[2017-05-17 12:46:06.936] [INFO] normal - GET /js/index.js
[2017-05-17 12:46:06.940] [INFO] normal - GET /images/logo.png
[2017-05-17 12:46:06.944] [INFO] normal - GET /images/%E6%A8%A1%E6%9D%BF%E4%B8%80_s.png
[2017-05-17 12:46:06.948] [INFO] normal - GET /images/%E6%A8%A1%E6%9D%BF%E4%BA%8C_s.png
[2017-05-17 12:46:06.952] [INFO] normal - GET /images/%E6%A8%A1%E6%9D%BF%E4%B8%89_s.png
[2017-05-17 12:46:06.956] [INFO] normal - GET /images/%E6%A8%A1%E6%9D%BF%E4%B8%80.png
[2017-05-17 12:46:06.959] [INFO] normal - GET /images/%E6%A8%A1%E6%9D%BF%E4%BA%8C.png
[2017-05-17 12:46:06.965] [INFO] normal - GET /images/%E6%A8%A1%E6%9D%BF%E4%B8%89.png
[2017-05-17 12:46:07.172] [INFO] normal - GET /lib/jquery.min.map
[2017-05-17 12:46:07.174] [INFO] normal - GET /lib/skin/default/layer.css?v=3.0.11110
[2017-05-17 12:46:07.175] [INFO] normal - GET /images/arr.png
[2017-05-17 12:46:07.182] [INFO] normal - GET /images/dg.png
[2017-05-17 12:46:07.191] [INFO] normal - GET /images/add.png
[2017-05-17 12:46:07.192] [INFO] normal - GET /images/dgs.png
[2017-05-17 12:46:07.194] [INFO] normal - GET /images/delete.png
[2017-05-17 12:46:12.234] [INFO] normal - POST /uploadFile
[2017-05-17 12:46:44.991] [INFO] normal - GET /pagelist
[2017-05-17 12:46:45.013] [INFO] normal - GET /css/bootstrap.min.css
[2017-05-17 12:46:45.015] [INFO] normal - GET /css/index.css
[2017-05-17 12:46:45.016] [INFO] normal - GET /lib/jquery.min.js
[2017-05-17 12:46:45.020] [INFO] normal - GET /lib/bootstrap.min.js
[2017-05-17 12:46:45.023] [INFO] normal - GET /lib/layer.js
[2017-05-17 12:46:45.025] [INFO] normal - GET /images/logo.png
[2017-05-17 12:46:45.159] [INFO] normal - GET /lib/jquery.min.map
[2017-05-17 12:46:45.160] [INFO] normal - GET /lib/skin/default/layer.css?v=3.0.11110
[2017-05-17 12:46:45.162] [INFO] normal - GET /images/arr.png
[2017-05-17 12:46:45.164] [INFO] normal - GET /images/delete.png
[2017-05-17 12:46:45.165] [INFO] normal - GET /images/icon3.png
[2017-05-17 12:46:45.166] [INFO] normal - GET /images/icon2.png
[2017-05-17 12:46:45.171] [INFO] normal - GET /images/icon1.png
[2017-05-17 12:46:49.175] [INFO] normal - GET /pagelist/delete/591bbcec2f75e929f4264999
[2017-05-17 12:46:49.339] [INFO] normal - GET /pagelist
[2017-05-17 12:46:49.348] [INFO] normal - GET /css/bootstrap.min.css
[2017-05-17 12:46:49.353] [INFO] normal - GET /css/index.css
[2017-05-17 12:46:49.354] [INFO] normal - GET /lib/jquery.min.js
[2017-05-17 12:46:49.355] [INFO] normal - GET /lib/bootstrap.min.js
[2017-05-17 12:46:49.357] [INFO] normal - GET /lib/layer.js
[2017-05-17 12:46:49.371] [INFO] normal - GET /images/logo.png
[2017-05-17 12:46:49.475] [INFO] normal - GET /lib/jquery.min.map
[2017-05-17 12:46:49.476] [INFO] normal - GET /lib/skin/default/layer.css?v=3.0.11110
[2017-05-17 12:46:49.477] [INFO] normal - GET /images/arr.png
[2017-05-17 12:46:49.478] [INFO] normal - GET /images/fill.png
[2017-05-17 12:46:51.260] [INFO] normal - GET /
[2017-05-17 12:46:51.274] [INFO] normal - GET /css/bootstrap.min.css
[2017-05-17 12:46:51.280] [INFO] normal - GET /css/index.css
[2017-05-17 12:46:51.281] [INFO] normal - GET /lib/bootstrap.min.js
[2017-05-17 12:46:51.282] [INFO] normal - GET /lib/jquery.min.js
[2017-05-17 12:46:51.283] [INFO] normal - GET /lib/layer.js
[2017-05-17 12:46:51.288] [INFO] normal - GET /lib/jquery.form.min.js
[2017-05-17 12:46:51.295] [INFO] normal - GET /js/index.js
[2017-05-17 12:46:51.299] [INFO] normal - GET /images/logo.png
[2017-05-17 12:46:51.303] [INFO] normal - GET /images/%E6%A8%A1%E6%9D%BF%E4%B8%80_s.png
[2017-05-17 12:46:51.306] [INFO] normal - GET /images/%E6%A8%A1%E6%9D%BF%E4%BA%8C_s.png
[2017-05-17 12:46:51.310] [INFO] normal - GET /images/%E6%A8%A1%E6%9D%BF%E4%B8%89_s.png
[2017-05-17 12:46:51.314] [INFO] normal - GET /images/%E6%A8%A1%E6%9D%BF%E4%B8%80.png
[2017-05-17 12:46:51.318] [INFO] normal - GET /images/%E6%A8%A1%E6%9D%BF%E4%BA%8C.png
[2017-05-17 12:46:51.323] [INFO] normal - GET /images/%E6%A8%A1%E6%9D%BF%E4%B8%89.png
[2017-05-17 12:46:51.400] [INFO] normal - GET /lib/jquery.min.map
[2017-05-17 12:46:51.402] [INFO] normal - GET /lib/skin/default/layer.css?v=3.0.11110
[2017-05-17 12:46:51.408] [INFO] normal - GET /images/dg.png
[2017-05-17 12:46:51.411] [INFO] normal - GET /images/add.png
[2017-05-17 12:46:51.412] [INFO] normal - GET /images/dgs.png
[2017-05-17 12:46:51.413] [INFO] normal - GET /images/delete.png
[2017-05-17 12:49:43.841] [INFO] normal - GET /
[2017-05-17 12:49:43.862] [INFO] normal - GET /css/bootstrap.min.css
[2017-05-17 12:49:43.870] [INFO] normal - GET /lib/bootstrap.min.js
[2017-05-17 12:49:43.870] [INFO] normal - GET /css/index.css
[2017-05-17 12:49:43.871] [INFO] normal - GET /lib/jquery.min.js
[2017-05-17 12:49:43.873] [INFO] normal - GET /lib/layer.js
[2017-05-17 12:49:43.881] [INFO] normal - GET /lib/jquery.form.min.js
[2017-05-17 12:49:43.889] [INFO] normal - GET /js/index.js
[2017-05-17 12:49:43.898] [INFO] normal - GET /images/logo.png
[2017-05-17 12:49:43.905] [INFO] normal - GET /images/%E6%A8%A1%E6%9D%BF%E4%B8%80_s.png
[2017-05-17 12:49:43.912] [INFO] normal - GET /images/%E6%A8%A1%E6%9D%BF%E4%BA%8C_s.png
[2017-05-17 12:49:43.916] [INFO] normal - GET /images/%E6%A8%A1%E6%9D%BF%E4%B8%89_s.png
[2017-05-17 12:49:43.921] [INFO] normal - GET /images/%E6%A8%A1%E6%9D%BF%E4%B8%80.png
[2017-05-17 12:49:43.930] [INFO] normal - GET /images/%E6%A8%A1%E6%9D%BF%E4%BA%8C.png
[2017-05-17 12:49:43.934] [INFO] normal - GET /images/%E6%A8%A1%E6%9D%BF%E4%B8%89.png
[2017-05-17 12:49:44.111] [INFO] normal - GET /lib/jquery.min.map
[2017-05-17 12:49:44.112] [INFO] normal - GET /lib/skin/default/layer.css?v=3.0.11110
[2017-05-17 12:49:52.304] [INFO] normal - POST /uploadFile
[2017-05-17 12:50:16.189] [INFO] normal - GET /
[2017-05-17 12:50:16.208] [INFO] normal - GET /css/bootstrap.min.css
[2017-05-17 12:50:16.209] [INFO] normal - GET /css/index.css
[2017-05-17 12:50:16.210] [INFO] normal - GET /lib/jquery.min.js
[2017-05-17 12:50:16.211] [INFO] normal - GET /lib/bootstrap.min.js
[2017-05-17 12:50:16.211] [INFO] normal - GET /lib/layer.js
[2017-05-17 12:50:16.217] [INFO] normal - GET /lib/jquery.form.min.js
[2017-05-17 12:50:16.220] [INFO] normal - GET /js/index.js
[2017-05-17 12:50:16.222] [INFO] normal - GET /images/logo.png
[2017-05-17 12:50:16.225] [INFO] normal - GET /images/%E6%A8%A1%E6%9D%BF%E4%B8%80_s.png
[2017-05-17 12:50:16.228] [INFO] normal - GET /images/%E6%A8%A1%E6%9D%BF%E4%BA%8C_s.png
[2017-05-17 12:50:16.231] [INFO] normal - GET /images/%E6%A8%A1%E6%9D%BF%E4%B8%89_s.png
[2017-05-17 12:50:16.234] [INFO] normal - GET /images/%E6%A8%A1%E6%9D%BF%E4%B8%80.png
[2017-05-17 12:50:16.237] [INFO] normal - GET /images/%E6%A8%A1%E6%9D%BF%E4%BA%8C.png
[2017-05-17 12:50:16.241] [INFO] normal - GET /images/%E6%A8%A1%E6%9D%BF%E4%B8%89.png
[2017-05-17 12:50:16.259] [INFO] normal - GET /lib/skin/default/layer.css?v=3.0.11110
[2017-05-17 12:50:16.264] [INFO] normal - GET /images/arr.png
[2017-05-17 12:50:16.268] [INFO] normal - GET /images/dg.png
[2017-05-17 12:50:16.272] [INFO] normal - GET /images/add.png
[2017-05-17 12:50:16.273] [INFO] normal - GET /images/dgs.png
[2017-05-17 12:50:16.275] [INFO] normal - GET /images/delete.png
[2017-05-17 12:50:21.198] [INFO] normal - POST /uploadFile
[2017-05-17 12:50:24.882] [INFO] normal - GET /css/bootstrap.min.css
[2017-05-17 12:50:24.883] [INFO] normal - GET /css/index.css
[2017-05-17 12:50:24.884] [INFO] normal - GET /lib/skin/default/layer.css?v=3.0.11110
