[2017-03-07 16:54:05.630] [INFO] normal - GET /
[2017-03-07 16:54:05.812] [INFO] normal - GET /users/login
[2017-03-07 16:54:05.817] [INFO] normal - GET /css/bootstrap.min.css
[2017-03-07 16:54:05.821] [INFO] normal - GET /css/index.css
[2017-03-07 16:54:05.831] [INFO] normal - GET /lib/jquery.min.js
[2017-03-07 16:54:05.833] [INFO] normal - GET /lib/bootstrap.min.js
[2017-03-07 16:54:05.836] [INFO] normal - GET /lib/layer.js
[2017-03-07 16:54:05.840] [INFO] normal - GET /images/logo.png
[2017-03-07 16:54:05.896] [INFO] normal - GET /lib/skin/default/layer.css?v=3.0.11110
[2017-03-07 16:54:05.901] [INFO] normal - GET /images/arr.png
[2017-03-07 16:54:14.600] [INFO] normal - POST /users/login
[2017-03-07 16:54:15.099] [INFO] normal - GET /
[2017-03-07 16:54:15.108] [INFO] normal - GET /css/bootstrap.min.css
[2017-03-07 16:54:15.111] [INFO] normal - GET /css/index.css
[2017-03-07 16:54:15.113] [INFO] normal - GET /lib/jquery.min.js
[2017-03-07 16:54:15.117] [INFO] normal - GET /lib/bootstrap.min.js
[2017-03-07 16:54:15.118] [INFO] normal - GET /lib/layer.js
[2017-03-07 16:54:15.120] [INFO] normal - GET /lib/jquery.form.min.js
[2017-03-07 16:54:15.123] [INFO] normal - GET /js/index.js
[2017-03-07 16:54:15.126] [INFO] normal - GET /images/logo.png
[2017-03-07 16:54:15.129] [INFO] normal - GET /images/%E6%A8%A1%E6%9D%BF%E4%B8%80_s.png
[2017-03-07 16:54:15.134] [INFO] normal - GET /images/%E6%A8%A1%E6%9D%BF%E4%BA%8C_s.png
[2017-03-07 16:54:15.138] [INFO] normal - GET /images/%E6%A8%A1%E6%9D%BF%E4%B8%89_s.png
[2017-03-07 16:54:15.142] [INFO] normal - GET /images/%E6%A8%A1%E6%9D%BF%E4%B8%80.png
[2017-03-07 16:54:15.163] [INFO] normal - GET /lib/skin/default/layer.css?v=3.0.11110
[2017-03-07 16:54:15.167] [INFO] normal - GET /images/%E6%A8%A1%E6%9D%BF%E4%BA%8C.png
[2017-03-07 16:54:15.169] [INFO] normal - GET /images/%E6%A8%A1%E6%9D%BF%E4%B8%89.png
[2017-03-07 16:54:15.171] [INFO] normal - GET /images/arr.png
[2017-03-07 16:54:15.173] [INFO] normal - GET /images/dg.png
[2017-03-07 16:54:15.176] [INFO] normal - GET /images/add.png
[2017-03-07 16:54:15.179] [INFO] normal - GET /images/dgs.png
[2017-03-07 16:54:15.181] [INFO] normal - GET /images/delete.png
[2017-03-07 16:54:28.142] [INFO] normal - GET /users/logout
[2017-03-07 16:54:28.144] [INFO] normal - GET /users/login
[2017-03-07 16:54:28.580] [INFO] normal - GET /
[2017-03-07 16:54:28.591] [INFO] normal - GET /css/bootstrap.min.css
[2017-03-07 16:54:28.594] [INFO] normal - GET /css/index.css
[2017-03-07 16:54:28.599] [INFO] normal - GET /lib/jquery.min.js
[2017-03-07 16:54:28.602] [INFO] normal - GET /lib/bootstrap.min.js
[2017-03-07 16:54:28.604] [INFO] normal - GET /lib/layer.js
[2017-03-07 16:54:28.607] [INFO] normal - GET /lib/jquery.form.min.js
[2017-03-07 16:54:28.610] [INFO] normal - GET /js/index.js
[2017-03-07 16:54:28.612] [INFO] normal - GET /images/logo.png
[2017-03-07 16:54:28.616] [INFO] normal - GET /images/%E6%A8%A1%E6%9D%BF%E4%B8%80_s.png
[2017-03-07 16:54:28.619] [INFO] normal - GET /images/%E6%A8%A1%E6%9D%BF%E4%BA%8C_s.png
[2017-03-07 16:54:28.623] [INFO] normal - GET /images/%E6%A8%A1%E6%9D%BF%E4%B8%89_s.png
[2017-03-07 16:54:28.627] [INFO] normal - GET /images/%E6%A8%A1%E6%9D%BF%E4%B8%80.png
[2017-03-07 16:54:28.630] [INFO] normal - GET /images/%E6%A8%A1%E6%9D%BF%E4%BA%8C.png
[2017-03-07 16:54:28.634] [INFO] normal - GET /lib/skin/default/layer.css?v=3.0.11110
[2017-03-07 16:54:28.636] [INFO] normal - GET /images/%E6%A8%A1%E6%9D%BF%E4%B8%89.png
[2017-03-07 16:54:28.642] [INFO] normal - GET /images/arr.png
[2017-03-07 16:54:28.647] [INFO] normal - GET /images/dg.png
[2017-03-07 16:54:28.649] [INFO] normal - GET /images/add.png
[2017-03-07 16:54:28.650] [INFO] normal - GET /images/dgs.png
[2017-03-07 16:54:28.651] [INFO] normal - GET /images/delete.png
[2017-03-07 16:54:30.096] [INFO] normal - GET /users/logout
[2017-03-07 16:54:30.187] [INFO] normal - GET /users/login
[2017-03-07 16:54:30.198] [INFO] normal - GET /css/bootstrap.min.css
[2017-03-07 16:54:30.201] [INFO] normal - GET /css/index.css
[2017-03-07 16:54:30.203] [INFO] normal - GET /lib/jquery.min.js
[2017-03-07 16:54:30.205] [INFO] normal - GET /lib/bootstrap.min.js
[2017-03-07 16:54:30.207] [INFO] normal - GET /lib/layer.js
[2017-03-07 16:54:30.211] [INFO] normal - GET /images/logo.png
[2017-03-07 16:54:30.234] [INFO] normal - GET /lib/skin/default/layer.css?v=3.0.11110
[2017-03-07 16:54:30.239] [INFO] normal - GET /images/arr.png
[2017-03-07 16:54:31.971] [INFO] normal - GET /users/login
[2017-03-07 16:54:31.983] [INFO] normal - GET /css/bootstrap.min.css
[2017-03-07 16:54:31.985] [INFO] normal - GET /lib/jquery.min.js
[2017-03-07 16:54:31.990] [INFO] normal - GET /lib/bootstrap.min.js
[2017-03-07 16:54:31.993] [INFO] normal - GET /lib/layer.js
[2017-03-07 16:54:31.995] [INFO] normal - GET /css/index.css
[2017-03-07 16:54:31.997] [INFO] normal - GET /images/logo.png
[2017-03-07 16:54:32.015] [INFO] normal - GET /lib/skin/default/layer.css?v=3.0.11110
[2017-03-07 16:54:32.020] [INFO] normal - GET /images/arr.png
[2017-03-07 16:54:34.474] [INFO] normal - GET /
[2017-03-07 16:54:35.064] [INFO] normal - GET /
[2017-03-07 16:54:35.123] [INFO] normal - GET /users/login
[2017-03-07 16:54:35.132] [INFO] normal - GET /css/bootstrap.min.css
[2017-03-07 16:54:35.137] [INFO] normal - GET /css/index.css
[2017-03-07 16:54:35.139] [INFO] normal - GET /lib/jquery.min.js
[2017-03-07 16:54:35.142] [INFO] normal - GET /lib/bootstrap.min.js
[2017-03-07 16:54:35.145] [INFO] normal - GET /lib/layer.js
[2017-03-07 16:54:35.147] [INFO] normal - GET /images/logo.png
[2017-03-07 16:54:35.165] [INFO] normal - GET /lib/skin/default/layer.css?v=3.0.11110
[2017-03-07 16:54:35.169] [INFO] normal - GET /images/arr.png
[2017-03-07 16:54:38.849] [INFO] normal - GET /users/reg
[2017-03-07 16:54:38.860] [INFO] normal - GET /css/bootstrap.min.css
[2017-03-07 16:54:38.864] [INFO] normal - GET /css/index.css
[2017-03-07 16:54:38.866] [INFO] normal - GET /lib/jquery.min.js
[2017-03-07 16:54:38.868] [INFO] normal - GET /lib/bootstrap.min.js
[2017-03-07 16:54:38.869] [INFO] normal - GET /lib/layer.js
[2017-03-07 16:54:38.870] [INFO] normal - GET /images/logo.png
[2017-03-07 16:54:38.892] [INFO] normal - GET /lib/skin/default/layer.css?v=3.0.11110
[2017-03-07 16:54:38.897] [INFO] normal - GET /images/arr.png
[2017-03-07 16:54:42.751] [INFO] normal - POST /users/login
[2017-03-07 16:54:43.092] [INFO] normal - GET /
[2017-03-07 16:54:43.109] [INFO] normal - GET /css/bootstrap.min.css
[2017-03-07 16:54:43.110] [INFO] normal - GET /css/index.css
[2017-03-07 16:54:43.112] [INFO] normal - GET /lib/jquery.min.js
[2017-03-07 16:54:43.114] [INFO] normal - GET /lib/bootstrap.min.js
[2017-03-07 16:54:43.115] [INFO] normal - GET /lib/layer.js
[2017-03-07 16:54:43.117] [INFO] normal - GET /lib/jquery.form.min.js
[2017-03-07 16:54:43.119] [INFO] normal - GET /js/index.js
[2017-03-07 16:54:43.122] [INFO] normal - GET /images/logo.png
[2017-03-07 16:54:43.125] [INFO] normal - GET /images/%E6%A8%A1%E6%9D%BF%E4%B8%80_s.png
[2017-03-07 16:54:43.129] [INFO] normal - GET /images/%E6%A8%A1%E6%9D%BF%E4%BA%8C_s.png
[2017-03-07 16:54:43.133] [INFO] normal - GET /images/%E6%A8%A1%E6%9D%BF%E4%B8%89_s.png
[2017-03-07 16:54:43.136] [INFO] normal - GET /images/%E6%A8%A1%E6%9D%BF%E4%B8%80.png
[2017-03-07 16:54:43.141] [INFO] normal - GET /lib/skin/default/layer.css?v=3.0.11110
[2017-03-07 16:54:43.144] [INFO] normal - GET /images/%E6%A8%A1%E6%9D%BF%E4%BA%8C.png
[2017-03-07 16:54:43.145] [INFO] normal - GET /images/%E6%A8%A1%E6%9D%BF%E4%B8%89.png
[2017-03-07 16:54:43.151] [INFO] normal - GET /images/dg.png
[2017-03-07 16:54:43.154] [INFO] normal - GET /images/add.png
[2017-03-07 16:54:43.156] [INFO] normal - GET /images/dgs.png
[2017-03-07 16:54:43.158] [INFO] normal - GET /images/delete.png
[2017-03-07 16:55:44.303] [INFO] normal - POST /uploadFile
[2017-03-07 16:55:44.312] [INFO] normal - GET /images/1488876944246_%E5%B1%85%E4%BD%8F2.jpg
[2017-03-07 16:56:41.851] [INFO] normal - POST /uploadFile
[2017-03-07 16:56:41.856] [INFO] normal - GET /images/1488877001836_%E5%B1%85%E4%BD%8F2.jpg
[2017-03-07 16:56:43.267] [INFO] normal - POST /submit
[2017-03-07 16:56:43.677] [INFO] normal - GET /js/index2.min.js
[2017-03-07 16:56:43.682] [INFO] normal - GET /submit/58be75cb4a24833100406a31
[2017-03-07 16:56:43.710] [INFO] normal - GET /css/index2.css
[2017-03-07 16:56:43.757] [INFO] normal - GET /images/1488876944246_%E5%B1%85%E4%BD%8F2.jpg
[2017-03-07 16:56:43.760] [INFO] normal - GET /images/1488877001836_%E5%B1%85%E4%BD%8F2.jpg
[2017-03-07 16:56:45.117] [INFO] normal - GET /resource4/js/a/cummerBun.js
[2017-03-07 16:58:28.945] [INFO] normal - GET /pagelist
[2017-03-07 16:58:28.954] [INFO] normal - GET /css/bootstrap.min.css
[2017-03-07 16:58:28.956] [INFO] normal - GET /css/index.css
[2017-03-07 16:58:28.958] [INFO] normal - GET /lib/jquery.min.js
[2017-03-07 16:58:28.968] [INFO] normal - GET /lib/bootstrap.min.js
[2017-03-07 16:58:28.975] [INFO] normal - GET /lib/layer.js
[2017-03-07 16:58:28.985] [INFO] normal - GET /images/logo.png
[2017-03-07 16:58:29.024] [INFO] normal - GET /lib/skin/default/layer.css?v=3.0.11110
[2017-03-07 16:58:29.030] [INFO] normal - GET /images/icon1.png
[2017-03-07 16:58:29.032] [INFO] normal - GET /images/icon2.png
[2017-03-07 16:58:29.035] [INFO] normal - GET /images/icon3.png
[2017-03-07 16:58:29.038] [INFO] normal - GET /images/delete.png
[2017-03-07 16:58:32.922] [INFO] normal - GET /submit/58be75cb4a24833100406a31
[2017-03-07 16:58:32.942] [INFO] normal - GET /css/index2.css
[2017-03-07 16:58:32.954] [INFO] normal - GET /js/index2.min.js
[2017-03-07 16:58:32.957] [INFO] normal - GET /images/1488876944246_%E5%B1%85%E4%BD%8F2.jpg
[2017-03-07 16:58:32.962] [INFO] normal - GET /images/1488877001836_%E5%B1%85%E4%BD%8F2.jpg
[2017-03-07 16:58:34.253] [INFO] normal - GET /resource4/js/a/cummerBun.js
[2017-03-07 16:58:37.733] [INFO] normal - GET /submit/58be75cb4a24833100406a31
[2017-03-07 16:58:37.746] [INFO] normal - GET /css/index2.css
[2017-03-07 16:58:37.750] [INFO] normal - GET /js/index2.min.js
[2017-03-07 16:58:37.757] [INFO] normal - GET /images/1488876944246_%E5%B1%85%E4%BD%8F2.jpg
[2017-03-07 16:58:37.760] [INFO] normal - GET /images/1488877001836_%E5%B1%85%E4%BD%8F2.jpg
[2017-03-07 16:58:38.924] [INFO] normal - GET /resource4/js/a/cummerBun.js
[2017-03-07 16:58:54.649] [INFO] normal - GET /
[2017-03-07 16:58:54.663] [INFO] normal - GET /css/bootstrap.min.css
[2017-03-07 16:58:54.666] [INFO] normal - GET /css/index.css
[2017-03-07 16:58:54.669] [INFO] normal - GET /lib/jquery.min.js
[2017-03-07 16:58:54.670] [INFO] normal - GET /lib/bootstrap.min.js
[2017-03-07 16:58:54.672] [INFO] normal - GET /lib/layer.js
[2017-03-07 16:58:54.674] [INFO] normal - GET /lib/jquery.form.min.js
[2017-03-07 16:58:54.678] [INFO] normal - GET /js/index.js
[2017-03-07 16:58:54.682] [INFO] normal - GET /images/logo.png
[2017-03-07 16:58:54.685] [INFO] normal - GET /images/%E6%A8%A1%E6%9D%BF%E4%B8%80_s.png
[2017-03-07 16:58:54.688] [INFO] normal - GET /images/%E6%A8%A1%E6%9D%BF%E4%BA%8C_s.png
[2017-03-07 16:58:54.692] [INFO] normal - GET /images/%E6%A8%A1%E6%9D%BF%E4%B8%89_s.png
[2017-03-07 16:58:54.695] [INFO] normal - GET /images/%E6%A8%A1%E6%9D%BF%E4%B8%80.png
[2017-03-07 16:58:54.699] [INFO] normal - GET /images/%E6%A8%A1%E6%9D%BF%E4%BA%8C.png
[2017-03-07 16:58:54.702] [INFO] normal - GET /images/%E6%A8%A1%E6%9D%BF%E4%B8%89.png
[2017-03-07 16:58:54.708] [INFO] normal - GET /lib/skin/default/layer.css?v=3.0.11110
[2017-03-07 17:03:41.898] [INFO] normal - GET /pagelist
[2017-03-07 17:03:41.911] [INFO] normal - GET /css/bootstrap.min.css
[2017-03-07 17:03:41.917] [INFO] normal - GET /css/index.css
[2017-03-07 17:03:41.919] [INFO] normal - GET /lib/jquery.min.js
[2017-03-07 17:03:41.920] [INFO] normal - GET /lib/bootstrap.min.js
[2017-03-07 17:03:41.923] [INFO] normal - GET /lib/layer.js
[2017-03-07 17:03:41.926] [INFO] normal - GET /images/logo.png
[2017-03-07 17:03:41.944] [INFO] normal - GET /lib/skin/default/layer.css?v=3.0.11110
[2017-03-07 17:04:50.093] [INFO] normal - GET /pagelist/delete/58b5519fb8ced167fc178a98
[2017-03-07 17:04:50.190] [INFO] normal - GET /pagelist
[2017-03-07 17:04:50.199] [INFO] normal - GET /css/bootstrap.min.css
[2017-03-07 17:04:50.204] [INFO] normal - GET /css/index.css
[2017-03-07 17:04:50.205] [INFO] normal - GET /lib/jquery.min.js
[2017-03-07 17:04:50.207] [INFO] normal - GET /lib/layer.js
[2017-03-07 17:04:50.209] [INFO] normal - GET /lib/bootstrap.min.js
[2017-03-07 17:04:50.212] [INFO] normal - GET /images/logo.png
[2017-03-07 17:04:50.232] [INFO] normal - GET /lib/skin/default/layer.css?v=3.0.11110
[2017-03-07 17:07:52.782] [INFO] normal - GET /
[2017-03-07 17:07:52.794] [INFO] normal - GET /css/bootstrap.min.css
[2017-03-07 17:07:52.799] [INFO] normal - GET /lib/jquery.min.js
[2017-03-07 17:07:52.802] [INFO] normal - GET /css/index.css
[2017-03-07 17:07:52.804] [INFO] normal - GET /lib/bootstrap.min.js
[2017-03-07 17:07:52.805] [INFO] normal - GET /lib/layer.js
[2017-03-07 17:07:52.807] [INFO] normal - GET /lib/jquery.form.min.js
[2017-03-07 17:07:52.809] [INFO] normal - GET /js/index.js
[2017-03-07 17:07:52.812] [INFO] normal - GET /images/logo.png
[2017-03-07 17:07:52.816] [INFO] normal - GET /images/%E6%A8%A1%E6%9D%BF%E4%B8%80_s.png
[2017-03-07 17:07:52.819] [INFO] normal - GET /images/%E6%A8%A1%E6%9D%BF%E4%BA%8C_s.png
[2017-03-07 17:07:52.821] [INFO] normal - GET /images/%E6%A8%A1%E6%9D%BF%E4%B8%89_s.png
[2017-03-07 17:07:52.824] [INFO] normal - GET /images/%E6%A8%A1%E6%9D%BF%E4%B8%80.png
[2017-03-07 17:07:52.827] [INFO] normal - GET /images/%E6%A8%A1%E6%9D%BF%E4%BA%8C.png
[2017-03-07 17:07:52.830] [INFO] normal - GET /images/%E6%A8%A1%E6%9D%BF%E4%B8%89.png
[2017-03-07 17:07:52.868] [INFO] normal - GET /lib/skin/default/layer.css?v=3.0.11110
[2017-03-07 17:08:01.985] [INFO] normal - GET /pagelist
[2017-03-07 17:08:01.999] [INFO] normal - GET /css/bootstrap.min.css
[2017-03-07 17:08:02.005] [INFO] normal - GET /lib/jquery.min.js
[2017-03-07 17:08:02.006] [INFO] normal - GET /css/index.css
[2017-03-07 17:08:02.007] [INFO] normal - GET /lib/bootstrap.min.js
[2017-03-07 17:08:02.009] [INFO] normal - GET /lib/layer.js
[2017-03-07 17:08:02.011] [INFO] normal - GET /images/logo.png
[2017-03-07 17:08:02.028] [INFO] normal - GET /lib/skin/default/layer.css?v=3.0.11110
[2017-03-07 17:08:17.624] [INFO] normal - GET /pagelist/download/58be75cb4a24833100406a31
