[2017-02-23 13:16:58.315] [ERROR] normal - GET /
[2017-02-23 13:16:58.321] [ERROR] normal - GET /css/bootstrap.min.css
[2017-02-23 13:16:58.323] [ERROR] normal - GET /css/index.css
[2017-02-23 13:16:58.324] [ERROR] normal - GET /lib/jquery.min.js
[2017-02-23 13:16:58.324] [ERROR] normal - GET /lib/bootstrap.min.js
[2017-02-23 13:16:58.325] [ERROR] normal - GET /lib/jquery.form.min.js
[2017-02-23 13:16:58.328] [ERROR] normal - GET /js/index.js
[2017-02-23 13:16:58.329] [ERROR] normal - GET /images/logo.png
[2017-02-23 13:16:58.331] [ERROR] normal - GET /images/1487644945138_3.jpg
[2017-02-23 13:16:58.400] [ERROR] normal - GET /images/arr.png
[2017-02-23 13:16:58.401] [ERROR] normal - GET /images/add.png
[2017-02-23 13:16:58.401] [ERROR] normal - GET /images/delete.png
[2017-02-23 13:16:58.402] [ERROR] normal - GET /lib/jquery.min.map
[2017-02-23 13:18:30.913] [ERROR] normal - POST /uploadFile
[2017-02-23 13:18:30.921] [ERROR] normal - GET /images/1487827110908_2.jpg
[2017-02-23 13:18:36.312] [ERROR] normal - GET /
[2017-02-23 13:18:36.319] [ERROR] normal - GET /css/bootstrap.min.css
[2017-02-23 13:18:36.320] [ERROR] normal - GET /css/index.css
[2017-02-23 13:18:36.320] [ERROR] normal - GET /lib/jquery.min.js
[2017-02-23 13:18:36.321] [ERROR] normal - GET /lib/bootstrap.min.js
[2017-02-23 13:18:36.322] [ERROR] normal - GET /lib/jquery.form.min.js
[2017-02-23 13:18:36.323] [ERROR] normal - GET /js/index.js
[2017-02-23 13:18:36.325] [ERROR] normal - GET /images/logo.png
[2017-02-23 13:18:36.326] [ERROR] normal - GET /images/1487644945138_3.jpg
[2017-02-23 13:18:36.386] [ERROR] normal - GET /images/arr.png
[2017-02-23 13:18:36.387] [ERROR] normal - GET /lib/jquery.min.map
[2017-02-23 13:18:36.387] [ERROR] normal - GET /images/add.png
[2017-02-23 13:18:36.388] [ERROR] normal - GET /images/delete.png
[2017-02-23 13:27:38.343] [ERROR] normal - GET /
[2017-02-23 13:27:38.350] [ERROR] normal - GET /css/bootstrap.min.css
[2017-02-23 13:27:38.354] [ERROR] normal - GET /css/index.css
[2017-02-23 13:27:38.355] [ERROR] normal - GET /lib/jquery.min.js
[2017-02-23 13:27:38.355] [ERROR] normal - GET /lib/bootstrap.min.js
[2017-02-23 13:27:38.356] [ERROR] normal - GET /lib/jquery.form.min.js
[2017-02-23 13:27:38.360] [ERROR] normal - GET /js/index.js
[2017-02-23 13:27:38.361] [ERROR] normal - GET /images/logo.png
[2017-02-23 13:27:38.362] [ERROR] normal - GET /images/1487644945138_3.jpg
[2017-02-23 13:27:38.410] [ERROR] normal - GET /images/arr.png
[2017-02-23 13:27:38.411] [ERROR] normal - GET /images/add.png
[2017-02-23 13:27:38.411] [ERROR] normal - GET /lib/jquery.min.map
[2017-02-23 13:27:38.411] [ERROR] normal - GET /images/delete.png
[2017-02-23 13:29:56.110] [ERROR] normal - GET /
[2017-02-23 13:29:56.115] [ERROR] normal - GET /css/bootstrap.min.css
[2017-02-23 13:29:56.117] [ERROR] normal - GET /css/index.css
[2017-02-23 13:29:56.118] [ERROR] normal - GET /lib/jquery.min.js
[2017-02-23 13:29:56.118] [ERROR] normal - GET /lib/bootstrap.min.js
[2017-02-23 13:29:56.119] [ERROR] normal - GET /lib/jquery.form.min.js
[2017-02-23 13:29:56.121] [ERROR] normal - GET /js/index.js
[2017-02-23 13:29:56.122] [ERROR] normal - GET /images/logo.png
[2017-02-23 13:29:56.124] [ERROR] normal - GET /images/1487644945138_3.jpg
[2017-02-23 13:29:56.187] [ERROR] normal - GET /lib/jquery.min.map
[2017-02-23 13:29:56.188] [ERROR] normal - GET /images/arr.png
[2017-02-23 13:29:56.188] [ERROR] normal - GET /images/add.png
[2017-02-23 13:29:56.189] [ERROR] normal - GET /images/delete.png
[2017-02-23 13:30:03.049] [ERROR] normal - GET /
[2017-02-23 13:30:03.055] [ERROR] normal - GET /css/bootstrap.min.css
[2017-02-23 13:30:03.055] [ERROR] normal - GET /css/index.css
[2017-02-23 13:30:03.056] [ERROR] normal - GET /lib/jquery.min.js
[2017-02-23 13:30:03.057] [ERROR] normal - GET /lib/bootstrap.min.js
[2017-02-23 13:30:03.057] [ERROR] normal - GET /lib/jquery.form.min.js
[2017-02-23 13:30:03.059] [ERROR] normal - GET /js/index.js
[2017-02-23 13:30:03.060] [ERROR] normal - GET /images/logo.png
[2017-02-23 13:30:03.062] [ERROR] normal - GET /images/1487644945138_3.jpg
[2017-02-23 13:30:03.111] [ERROR] normal - GET /lib/jquery.min.map
[2017-02-23 13:30:23.674] [ERROR] normal - GET /
[2017-02-23 13:30:23.681] [ERROR] normal - GET /css/bootstrap.min.css
[2017-02-23 13:30:23.683] [ERROR] normal - GET /css/index.css
[2017-02-23 13:30:23.684] [ERROR] normal - GET /lib/jquery.min.js
[2017-02-23 13:30:23.684] [ERROR] normal - GET /lib/bootstrap.min.js
[2017-02-23 13:30:23.686] [ERROR] normal - GET /lib/jquery.form.min.js
[2017-02-23 13:30:23.688] [ERROR] normal - GET /js/index.js
[2017-02-23 13:30:23.689] [ERROR] normal - GET /images/logo.png
[2017-02-23 13:30:23.691] [ERROR] normal - GET /images/1487644945138_3.jpg
[2017-02-23 13:30:23.748] [ERROR] normal - GET /lib/jquery.min.map
[2017-02-23 13:31:51.926] [ERROR] normal - POST /uploadFile
[2017-02-23 13:31:51.931] [ERROR] normal - GET /images/1487827911921_2.jpg
[2017-02-23 13:31:53.875] [ERROR] normal - GET /
[2017-02-23 13:31:53.881] [ERROR] normal - GET /css/bootstrap.min.css
[2017-02-23 13:31:53.881] [ERROR] normal - GET /css/index.css
[2017-02-23 13:31:53.882] [ERROR] normal - GET /lib/jquery.min.js
[2017-02-23 13:31:53.882] [ERROR] normal - GET /lib/bootstrap.min.js
[2017-02-23 13:31:53.884] [ERROR] normal - GET /lib/jquery.form.min.js
[2017-02-23 13:31:53.886] [ERROR] normal - GET /js/index.js
[2017-02-23 13:31:53.887] [ERROR] normal - GET /images/logo.png
[2017-02-23 13:31:53.889] [ERROR] normal - GET /images/1487644945138_3.jpg
[2017-02-23 13:31:53.960] [ERROR] normal - GET /images/arr.png
[2017-02-23 13:31:53.961] [ERROR] normal - GET /images/add.png
[2017-02-23 13:31:53.961] [ERROR] normal - GET /images/delete.png
[2017-02-23 13:31:53.962] [ERROR] normal - GET /lib/jquery.min.map
[2017-02-23 13:35:18.953] [ERROR] normal - GET /users/logout
[2017-02-23 13:35:18.984] [ERROR] normal - GET /users/login
[2017-02-23 13:35:18.989] [ERROR] normal - GET /css/bootstrap.min.css
[2017-02-23 13:35:18.990] [ERROR] normal - GET /css/index.css
[2017-02-23 13:35:18.991] [ERROR] normal - GET /lib/jquery.min.js
[2017-02-23 13:35:18.992] [ERROR] normal - GET /lib/bootstrap.min.js
[2017-02-23 13:35:18.993] [ERROR] normal - GET /images/logo.png
[2017-02-23 13:35:19.053] [ERROR] normal - GET /images/arr.png
[2017-02-23 13:35:19.054] [ERROR] normal - GET /lib/jquery.min.map
[2017-02-23 13:35:26.529] [ERROR] normal - GET /users/login
[2017-02-23 13:35:26.534] [ERROR] normal - GET /css/bootstrap.min.css
[2017-02-23 13:35:26.535] [ERROR] normal - GET /css/index.css
[2017-02-23 13:35:26.536] [ERROR] normal - GET /lib/jquery.min.js
[2017-02-23 13:35:26.537] [ERROR] normal - GET /lib/bootstrap.min.js
[2017-02-23 13:35:26.538] [ERROR] normal - GET /images/logo.png
[2017-02-23 13:35:26.589] [ERROR] normal - GET /lib/jquery.min.map
[2017-02-23 13:36:36.827] [ERROR] normal - GET /users/login
[2017-02-23 13:36:36.833] [ERROR] normal - GET /css/bootstrap.min.css
[2017-02-23 13:36:36.833] [ERROR] normal - GET /css/index.css
[2017-02-23 13:36:36.835] [ERROR] normal - GET /lib/jquery.min.js
[2017-02-23 13:36:36.835] [ERROR] normal - GET /lib/bootstrap.min.js
[2017-02-23 13:36:36.836] [ERROR] normal - GET /images/logo.png
[2017-02-23 13:36:36.890] [ERROR] normal - GET /lib/jquery.min.map
[2017-02-23 13:36:43.937] [ERROR] normal - POST /users/login
[2017-02-23 13:36:44.023] [ERROR] normal - GET /
[2017-02-23 13:36:44.029] [ERROR] normal - GET /css/bootstrap.min.css
[2017-02-23 13:36:44.030] [ERROR] normal - GET /css/index.css
[2017-02-23 13:36:44.034] [ERROR] normal - GET /lib/bootstrap.min.js
[2017-02-23 13:36:44.034] [ERROR] normal - GET /lib/jquery.min.js
[2017-02-23 13:36:44.035] [ERROR] normal - GET /lib/jquery.form.min.js
[2017-02-23 13:36:44.037] [ERROR] normal - GET /js/index.js
[2017-02-23 13:36:44.039] [ERROR] normal - GET /images/logo.png
[2017-02-23 13:36:44.041] [ERROR] normal - GET /images/1487644945138_3.jpg
[2017-02-23 13:36:44.095] [ERROR] normal - GET /images/add.png
[2017-02-23 13:36:44.095] [ERROR] normal - GET /images/delete.png
[2017-02-23 13:36:44.096] [ERROR] normal - GET /lib/jquery.min.map
[2017-02-23 13:43:29.425] [ERROR] normal - GET /
[2017-02-23 13:43:29.580] [ERROR] normal - GET /users/login
[2017-02-23 13:43:29.592] [ERROR] normal - GET /css/index.css
[2017-02-23 13:43:29.594] [ERROR] normal - GET /css/bootstrap.min.css
[2017-02-23 13:43:29.633] [ERROR] normal - GET /lib/bootstrap.min.js
[2017-02-23 13:43:29.636] [ERROR] normal - GET /lib/jquery.min.js
[2017-02-23 13:43:29.640] [ERROR] normal - GET /images/logo.png
[2017-02-23 13:43:29.671] [ERROR] normal - GET /images/arr.png
[2017-02-23 13:43:29.918] [ERROR] normal - GET /favicon.ico
[2017-02-23 13:43:36.813] [ERROR] normal - GET /users/reg
[2017-02-23 13:43:36.821] [ERROR] normal - GET /css/bootstrap.min.css
[2017-02-23 13:43:36.823] [ERROR] normal - GET /css/index.css
[2017-02-23 13:43:36.824] [ERROR] normal - GET /lib/jquery.min.js
[2017-02-23 13:43:36.825] [ERROR] normal - GET /lib/bootstrap.min.js
[2017-02-23 13:43:36.827] [ERROR] normal - GET /images/logo.png
[2017-02-23 13:43:36.857] [ERROR] normal - GET /images/arr.png
[2017-02-23 13:43:42.017] [ERROR] normal - GET /users/login
[2017-02-23 13:43:42.025] [ERROR] normal - GET /css/bootstrap.min.css
[2017-02-23 13:43:42.026] [ERROR] normal - GET /css/index.css
[2017-02-23 13:43:42.027] [ERROR] normal - GET /lib/jquery.min.js
[2017-02-23 13:43:42.028] [ERROR] normal - GET /lib/bootstrap.min.js
[2017-02-23 13:43:42.029] [ERROR] normal - GET /images/logo.png
[2017-02-23 13:43:42.043] [ERROR] normal - GET /images/arr.png
[2017-02-23 13:43:46.083] [ERROR] normal - POST /users/login
[2017-02-23 13:43:46.287] [ERROR] normal - GET /
[2017-02-23 13:43:46.295] [ERROR] normal - GET /css/bootstrap.min.css
[2017-02-23 13:43:46.297] [ERROR] normal - GET /css/index.css
[2017-02-23 13:43:46.298] [ERROR] normal - GET /lib/jquery.min.js
[2017-02-23 13:43:46.300] [ERROR] normal - GET /lib/bootstrap.min.js
[2017-02-23 13:43:46.329] [ERROR] normal - GET /lib/jquery.form.min.js
[2017-02-23 13:43:46.350] [ERROR] normal - GET /images/logo.png
[2017-02-23 13:43:46.352] [ERROR] normal - GET /js/index.js
[2017-02-23 13:43:46.354] [ERROR] normal - GET /images/arr.png
[2017-02-23 13:43:46.356] [ERROR] normal - GET /images/add.png
[2017-02-23 13:43:46.357] [ERROR] normal - GET /images/delete.png
[2017-02-23 13:43:46.435] [ERROR] normal - GET /images/1487644945138_3.jpg
[2017-02-23 13:44:28.309] [ERROR] normal - POST /uploadFile
[2017-02-23 13:44:28.333] [ERROR] normal - GET /images/1487828668175_sketch_%E9%94%AE%E7%9B%98.jpg
[2017-02-23 13:44:38.228] [ERROR] normal - POST /uploadFile
[2017-02-23 13:44:38.244] [ERROR] normal - GET /images/1487828678210_sketch_%E9%94%AE%E7%9B%98.jpg
[2017-02-23 13:44:50.375] [ERROR] normal - POST /submit
[2017-02-23 13:44:50.516] [ERROR] normal - GET /images/1487828668175_sketch_%E9%94%AE%E7%9B%98.jpg
[2017-02-23 13:44:50.517] [ERROR] normal - GET /submit/58ae76d2e7a77a27244741aa
[2017-02-23 13:44:50.527] [ERROR] normal - GET /images/1487828678210_sketch_%E9%94%AE%E7%9B%98.jpg
[2017-02-23 13:45:19.061] [ERROR] normal - GET /
[2017-02-23 13:45:19.069] [ERROR] normal - GET /css/bootstrap.min.css
[2017-02-23 13:45:19.071] [ERROR] normal - GET /css/index.css
[2017-02-23 13:45:19.072] [ERROR] normal - GET /lib/jquery.min.js
[2017-02-23 13:45:19.074] [ERROR] normal - GET /lib/bootstrap.min.js
[2017-02-23 13:45:19.076] [ERROR] normal - GET /lib/jquery.form.min.js
[2017-02-23 13:45:19.078] [ERROR] normal - GET /js/index.js
[2017-02-23 13:45:19.080] [ERROR] normal - GET /images/logo.png
[2017-02-23 13:45:19.082] [ERROR] normal - GET /images/1487644945138_3.jpg
[2017-02-23 13:45:19.092] [ERROR] normal - GET /images/arr.png
[2017-02-23 13:45:19.093] [ERROR] normal - GET /images/add.png
[2017-02-23 13:45:19.094] [ERROR] normal - GET /images/delete.png
[2017-02-23 14:05:52.700] [ERROR] normal - GET /
[2017-02-23 14:05:52.707] [ERROR] normal - GET /css/bootstrap.min.css
[2017-02-23 14:05:52.708] [ERROR] normal - GET /css/index.css
[2017-02-23 14:05:52.709] [ERROR] normal - GET /lib/jquery.min.js
[2017-02-23 14:05:52.710] [ERROR] normal - GET /lib/bootstrap.min.js
[2017-02-23 14:05:52.712] [ERROR] normal - GET /lib/jquery.form.min.js
[2017-02-23 14:05:52.714] [ERROR] normal - GET /js/index.js
[2017-02-23 14:05:52.717] [ERROR] normal - GET /images/logo.png
[2017-02-23 14:05:52.719] [ERROR] normal - GET /images/1487644945138_3.jpg
[2017-02-23 14:05:52.741] [ERROR] normal - GET /images/arr.png
[2017-02-23 14:05:52.743] [ERROR] normal - GET /images/add.png
[2017-02-23 14:05:52.744] [ERROR] normal - GET /images/delete.png
[2017-02-23 14:20:37.045] [ERROR] normal - GET /
[2017-02-23 14:20:37.054] [ERROR] normal - GET /css/bootstrap.min.css
[2017-02-23 14:20:37.056] [ERROR] normal - GET /css/index.css
[2017-02-23 14:20:37.058] [ERROR] normal - GET /lib/jquery.min.js
[2017-02-23 14:20:37.058] [ERROR] normal - GET /lib/bootstrap.min.js
[2017-02-23 14:20:37.060] [ERROR] normal - GET /lib/jquery.form.min.js
[2017-02-23 14:20:37.062] [ERROR] normal - GET /js/index.js
[2017-02-23 14:20:37.064] [ERROR] normal - GET /images/logo.png
[2017-02-23 14:20:37.069] [ERROR] normal - GET /images/1487644945138_3.jpg
[2017-02-23 14:20:37.088] [ERROR] normal - GET /images/arr.png
[2017-02-23 14:20:37.089] [ERROR] normal - GET /images/add.png
[2017-02-23 14:20:37.090] [ERROR] normal - GET /images/delete.png
[2017-02-23 14:20:37.879] [ERROR] normal - GET /
[2017-02-23 14:20:37.887] [ERROR] normal - GET /css/bootstrap.min.css
[2017-02-23 14:20:37.887] [ERROR] normal - GET /css/index.css
[2017-02-23 14:20:37.888] [ERROR] normal - GET /lib/jquery.min.js
[2017-02-23 14:20:37.891] [ERROR] normal - GET /lib/bootstrap.min.js
[2017-02-23 14:20:37.893] [ERROR] normal - GET /lib/jquery.form.min.js
[2017-02-23 14:20:37.894] [ERROR] normal - GET /js/index.js
[2017-02-23 14:20:37.896] [ERROR] normal - GET /images/logo.png
[2017-02-23 14:20:37.898] [ERROR] normal - GET /images/1487644945138_3.jpg
[2017-02-23 14:20:37.908] [ERROR] normal - GET /images/arr.png
[2017-02-23 14:20:37.909] [ERROR] normal - GET /images/add.png
[2017-02-23 14:20:37.910] [ERROR] normal - GET /images/delete.png
[2017-02-23 14:21:48.943] [ERROR] normal - POST /uploadFile
[2017-02-23 14:21:48.955] [ERROR] normal - GET /images/1487830908938_Banner.jpg
[2017-02-23 14:23:54.401] [ERROR] normal - POST /uploadFile
[2017-02-23 14:23:54.405] [ERROR] normal - GET /images/1487831034394_goods1.jpg
[2017-02-23 14:23:56.578] [ERROR] normal - POST /submit
[2017-02-23 14:25:06.644] [ERROR] normal - GET /users/login
[2017-02-23 14:25:06.905] [ERROR] normal - GET /
[2017-02-23 14:25:06.913] [ERROR] normal - GET /css/bootstrap.min.css
[2017-02-23 14:25:06.916] [ERROR] normal - GET /css/index.css
[2017-02-23 14:25:06.917] [ERROR] normal - GET /lib/jquery.min.js
[2017-02-23 14:25:06.920] [ERROR] normal - GET /lib/bootstrap.min.js
[2017-02-23 14:25:06.922] [ERROR] normal - GET /lib/jquery.form.min.js
[2017-02-23 14:25:06.924] [ERROR] normal - GET /js/index.js
[2017-02-23 14:25:06.926] [ERROR] normal - GET /images/logo.png
[2017-02-23 14:25:06.928] [ERROR] normal - GET /images/1487644945138_3.jpg
[2017-02-23 14:25:06.951] [ERROR] normal - GET /images/arr.png
[2017-02-23 14:25:06.952] [ERROR] normal - GET /images/add.png
[2017-02-23 14:25:06.961] [ERROR] normal - GET /images/delete.png
[2017-02-23 14:26:43.873] [ERROR] normal - POST /uploadFile
[2017-02-23 14:26:43.880] [ERROR] normal - GET /images/1487831203866_Banner.jpg
[2017-02-23 14:27:05.838] [ERROR] normal - POST /uploadFile
[2017-02-23 14:27:05.844] [ERROR] normal - GET /images/1487831225833_goods1.jpg
[2017-02-23 14:27:07.262] [ERROR] normal - POST /submit
[2017-02-23 14:35:54.905] [ERROR] normal - GET /
[2017-02-23 14:35:54.912] [ERROR] normal - GET /css/bootstrap.min.css
[2017-02-23 14:35:54.914] [ERROR] normal - GET /css/index.css
[2017-02-23 14:35:54.916] [ERROR] normal - GET /lib/jquery.min.js
[2017-02-23 14:35:54.918] [ERROR] normal - GET /lib/bootstrap.min.js
[2017-02-23 14:35:54.920] [ERROR] normal - GET /lib/jquery.form.min.js
[2017-02-23 14:35:54.924] [ERROR] normal - GET /js/index.js
[2017-02-23 14:35:54.931] [ERROR] normal - GET /images/logo.png
[2017-02-23 14:35:54.932] [ERROR] normal - GET /images/1487644945138_3.jpg
[2017-02-23 14:35:54.947] [ERROR] normal - GET /images/arr.png
[2017-02-23 14:35:54.950] [ERROR] normal - GET /images/add.png
[2017-02-23 14:35:54.952] [ERROR] normal - GET /images/delete.png
[2017-02-23 14:36:08.594] [ERROR] normal - POST /uploadFile
[2017-02-23 14:36:08.602] [ERROR] normal - GET /images/1487831768582_Banner.jpg
[2017-02-23 14:36:31.894] [ERROR] normal - POST /uploadFile
[2017-02-23 14:36:31.899] [ERROR] normal - GET /images/1487831791887_goods1.jpg
[2017-02-23 14:36:34.500] [ERROR] normal - POST /submit
[2017-02-23 14:36:34.675] [ERROR] normal - GET /images/1487831768582_Banner.jpg
[2017-02-23 14:36:34.681] [ERROR] normal - GET /submit/58ae82f2e6bfdd004ce0225b
[2017-02-23 14:36:34.686] [ERROR] normal - GET /images/1487831791887_goods1.jpg
[2017-02-23 14:38:55.646] [ERROR] normal - GET /
[2017-02-23 14:38:55.656] [ERROR] normal - GET /css/bootstrap.min.css
[2017-02-23 14:38:55.657] [ERROR] normal - GET /css/index.css
[2017-02-23 14:38:55.658] [ERROR] normal - GET /lib/jquery.min.js
[2017-02-23 14:38:55.660] [ERROR] normal - GET /lib/bootstrap.min.js
[2017-02-23 14:38:55.662] [ERROR] normal - GET /lib/jquery.form.min.js
[2017-02-23 14:38:55.664] [ERROR] normal - GET /js/index.js
[2017-02-23 14:38:55.665] [ERROR] normal - GET /images/logo.png
[2017-02-23 14:38:55.667] [ERROR] normal - GET /images/1487644945138_3.jpg
[2017-02-23 14:38:55.676] [ERROR] normal - GET /images/arr.png
[2017-02-23 14:38:55.678] [ERROR] normal - GET /images/add.png
[2017-02-23 14:38:55.679] [ERROR] normal - GET /images/delete.png
[2017-02-23 14:39:07.678] [ERROR] normal - GET /css/bootstrap.min.css
[2017-02-23 14:39:07.680] [ERROR] normal - GET /css/index.css
[2017-02-23 14:39:07.754] [ERROR] normal - GET /lib/jquery.min.map
[2017-02-23 14:39:28.668] [ERROR] normal - GET /pagelist
[2017-02-23 14:39:28.680] [ERROR] normal - GET /css/index.css
[2017-02-23 14:39:28.683] [ERROR] normal - GET /lib/bootstrap.min.js
[2017-02-23 14:39:28.687] [ERROR] normal - GET /lib/jquery.min.js
[2017-02-23 14:39:28.691] [ERROR] normal - GET /css/bootstrap.min.css
[2017-02-23 14:39:28.694] [ERROR] normal - GET /images/logo.png
[2017-02-23 14:39:28.754] [ERROR] normal - GET /lib/jquery.min.map
[2017-02-23 14:39:36.741] [ERROR] normal - GET /submit/58aba912702c57370c4fbb45
[2017-02-23 14:39:36.745] [ERROR] normal - GET /images/1487646285143_1.jpg
[2017-02-23 14:39:36.747] [ERROR] normal - GET /images/1487644945138_3.jpg
[2017-02-23 14:39:36.769] [ERROR] normal - GET /images/1487644943197_2.jpg
[2017-02-23 14:39:46.644] [ERROR] normal - GET /pagelist
[2017-02-23 14:39:46.655] [ERROR] normal - GET /css/index.css
[2017-02-23 14:39:46.660] [ERROR] normal - GET /lib/bootstrap.min.js
[2017-02-23 14:39:46.665] [ERROR] normal - GET /lib/jquery.min.js
[2017-02-23 14:39:46.667] [ERROR] normal - GET /css/bootstrap.min.css
[2017-02-23 14:39:46.671] [ERROR] normal - GET /images/logo.png
[2017-02-23 14:39:46.732] [ERROR] normal - GET /lib/jquery.min.map
[2017-02-23 14:39:48.768] [ERROR] normal - GET /submit/58ae5a150bbfef2714dd3d97
[2017-02-23 14:39:48.770] [ERROR] normal - GET /images/1487821330596_2.jpg
[2017-02-23 14:39:48.772] [ERROR] normal - GET /images/1487821332402_3.jpg
[2017-02-23 14:39:52.498] [ERROR] normal - GET /pagelist
[2017-02-23 14:39:52.510] [ERROR] normal - GET /css/index.css
[2017-02-23 14:39:52.515] [ERROR] normal - GET /lib/bootstrap.min.js
[2017-02-23 14:39:52.522] [ERROR] normal - GET /lib/jquery.min.js
[2017-02-23 14:39:52.525] [ERROR] normal - GET /css/bootstrap.min.css
[2017-02-23 14:39:52.527] [ERROR] normal - GET /images/logo.png
[2017-02-23 14:39:52.608] [ERROR] normal - GET /lib/jquery.min.map
[2017-02-23 14:39:53.650] [ERROR] normal - GET /submit/58ae76d2e7a77a27244741aa
[2017-02-23 14:39:53.785] [ERROR] normal - GET /images/1487828678210_sketch_%E9%94%AE%E7%9B%98.jpg
[2017-02-23 14:39:53.803] [ERROR] normal - GET /images/1487828668175_sketch_%E9%94%AE%E7%9B%98.jpg
[2017-02-23 14:39:59.566] [ERROR] normal - GET /pagelist
[2017-02-23 14:39:59.576] [ERROR] normal - GET /css/index.css
[2017-02-23 14:39:59.580] [ERROR] normal - GET /lib/bootstrap.min.js
[2017-02-23 14:39:59.585] [ERROR] normal - GET /lib/jquery.min.js
[2017-02-23 14:39:59.590] [ERROR] normal - GET /css/bootstrap.min.css
[2017-02-23 14:39:59.593] [ERROR] normal - GET /images/logo.png
[2017-02-23 14:39:59.648] [ERROR] normal - GET /lib/jquery.min.map
[2017-02-23 14:40:04.198] [ERROR] normal - GET /pagelist/2
[2017-02-23 14:40:04.210] [ERROR] normal - GET /css/index.css
[2017-02-23 14:40:04.213] [ERROR] normal - GET /lib/bootstrap.min.js
[2017-02-23 14:40:04.216] [ERROR] normal - GET /lib/jquery.min.js
[2017-02-23 14:40:04.219] [ERROR] normal - GET /css/bootstrap.min.css
[2017-02-23 14:40:04.224] [ERROR] normal - GET /images/logo.png
[2017-02-23 14:40:04.289] [ERROR] normal - GET /lib/jquery.min.map
[2017-02-23 14:40:45.645] [ERROR] normal - GET /
[2017-02-23 14:40:45.657] [ERROR] normal - GET /css/index.css
[2017-02-23 14:40:45.661] [ERROR] normal - GET /css/bootstrap.min.css
[2017-02-23 14:40:45.663] [ERROR] normal - GET /lib/bootstrap.min.js
[2017-02-23 14:40:45.664] [ERROR] normal - GET /lib/jquery.min.js
[2017-02-23 14:40:45.667] [ERROR] normal - GET /lib/jquery.form.min.js
[2017-02-23 14:40:45.670] [ERROR] normal - GET /js/index.js
[2017-02-23 14:40:45.673] [ERROR] normal - GET /images/logo.png
[2017-02-23 14:40:45.675] [ERROR] normal - GET /images/1487644945138_3.jpg
[2017-02-23 14:40:45.764] [ERROR] normal - GET /lib/jquery.min.map
[2017-02-23 14:40:45.765] [ERROR] normal - GET /images/arr.png
[2017-02-23 14:40:45.766] [ERROR] normal - GET /images/add.png
[2017-02-23 14:40:45.767] [ERROR] normal - GET /images/delete.png
[2017-02-23 14:40:48.798] [ERROR] normal - GET /
[2017-02-23 14:40:48.808] [ERROR] normal - GET /css/index.css
[2017-02-23 14:40:48.811] [ERROR] normal - GET /lib/bootstrap.min.js
[2017-02-23 14:40:48.817] [ERROR] normal - GET /lib/jquery.min.js
[2017-02-23 14:40:48.821] [ERROR] normal - GET /css/bootstrap.min.css
[2017-02-23 14:40:48.823] [ERROR] normal - GET /lib/jquery.form.min.js
[2017-02-23 14:40:48.826] [ERROR] normal - GET /js/index.js
[2017-02-23 14:40:48.828] [ERROR] normal - GET /images/logo.png
[2017-02-23 14:40:48.830] [ERROR] normal - GET /images/1487644945138_3.jpg
[2017-02-23 14:40:48.880] [ERROR] normal - GET /lib/jquery.min.map
[2017-02-23 14:40:48.890] [ERROR] normal - GET /images/arr.png
[2017-02-23 14:40:48.893] [ERROR] normal - GET /images/add.png
[2017-02-23 14:40:48.894] [ERROR] normal - GET /images/delete.png
[2017-02-23 14:50:37.652] [ERROR] normal - GET /
[2017-02-23 14:50:37.663] [ERROR] normal - GET /css/index.css
[2017-02-23 14:50:37.667] [ERROR] normal - GET /lib/bootstrap.min.js
[2017-02-23 14:50:37.671] [ERROR] normal - GET /lib/jquery.min.js
[2017-02-23 14:50:37.673] [ERROR] normal - GET /css/bootstrap.min.css
[2017-02-23 14:50:37.675] [ERROR] normal - GET /lib/jquery.form.min.js
[2017-02-23 14:50:37.678] [ERROR] normal - GET /js/index.js
[2017-02-23 14:50:37.681] [ERROR] normal - GET /images/logo.png
[2017-02-23 14:50:37.684] [ERROR] normal - GET /images/1487644945138_3.jpg
[2017-02-23 14:50:37.771] [ERROR] normal - GET /lib/jquery.min.map
[2017-02-23 14:50:37.772] [ERROR] normal - GET /images/arr.png
[2017-02-23 14:50:37.772] [ERROR] normal - GET /images/add.png
[2017-02-23 14:50:37.773] [ERROR] normal - GET /images/delete.png
[2017-02-23 14:50:52.424] [ERROR] normal - POST /submit
[2017-02-23 14:50:52.659] [ERROR] normal - GET /submit/58ae864c7d9730080440fd1f
[2017-02-23 14:50:52.715] [ERROR] normal - GET /images/undefined
[2017-02-23 14:50:55.185] [ERROR] normal - GET /resource4/js/a/cummerBun.js
[2017-02-23 14:55:22.052] [ERROR] normal - GET /submit/58ae864c7d9730080440fd1f
[2017-02-23 14:55:22.116] [ERROR] normal - GET /images/undefined
[2017-02-23 14:55:23.644] [ERROR] normal - GET /resource4/js/a/cummerBun.js
[2017-02-23 14:55:24.798] [ERROR] normal - GET /submit/58ae864c7d9730080440fd1f
[2017-02-23 14:55:24.841] [ERROR] normal - GET /images/undefined
[2017-02-23 15:03:31.095] [ERROR] normal - GET /submit/58ae864c7d9730080440fd1f
[2017-02-23 15:03:31.159] [ERROR] normal - GET /images/undefined
[2017-02-23 15:03:32.673] [ERROR] normal - GET /resource4/js/a/cummerBun.js
[2017-02-23 15:03:34.230] [ERROR] normal - GET /submit/58ae864c7d9730080440fd1f
[2017-02-23 15:03:35.814] [ERROR] normal - GET /resource4/js/a/cummerBun.js
[2017-02-23 15:03:38.855] [ERROR] normal - GET /submit/58ae864c7d9730080440fd1f
[2017-02-23 15:03:38.917] [ERROR] normal - GET /js/index2.min.js
[2017-02-23 15:03:38.940] [ERROR] normal - GET /images/undefined
[2017-02-23 15:03:40.547] [ERROR] normal - GET /resource4/js/a/cummerBun.js
[2017-02-23 15:03:44.029] [ERROR] normal - GET /
[2017-02-23 15:03:44.041] [ERROR] normal - GET /css/index.css
[2017-02-23 15:03:44.048] [ERROR] normal - GET /lib/bootstrap.min.js
[2017-02-23 15:03:44.052] [ERROR] normal - GET /lib/jquery.min.js
[2017-02-23 15:03:44.054] [ERROR] normal - GET /css/bootstrap.min.css
[2017-02-23 15:03:44.060] [ERROR] normal - GET /lib/jquery.form.min.js
[2017-02-23 15:03:44.072] [ERROR] normal - GET /js/index.js
[2017-02-23 15:03:44.075] [ERROR] normal - GET /images/logo.png
[2017-02-23 15:03:44.078] [ERROR] normal - GET /images/1487644945138_3.jpg
[2017-02-23 15:03:44.125] [ERROR] normal - GET /lib/jquery.min.map
[2017-02-23 15:03:44.128] [ERROR] normal - GET /images/add.png
[2017-02-23 15:03:44.130] [ERROR] normal - GET /images/delete.png
[2017-02-23 15:03:44.132] [ERROR] normal - GET /images/arr.png
[2017-02-23 15:03:58.966] [ERROR] normal - POST /uploadFile
[2017-02-23 15:03:58.972] [ERROR] normal - GET /images/1487833438959_Banner.jpg
[2017-02-23 15:04:12.772] [ERROR] normal - POST /uploadFile
[2017-02-23 15:04:12.776] [ERROR] normal - GET /images/1487833452766_goods1.jpg
[2017-02-23 15:04:14.875] [ERROR] normal - POST /submit
[2017-02-23 15:04:15.160] [ERROR] normal - GET /submit/58ae896e7d9730080440fd20
[2017-02-23 15:04:15.186] [ERROR] normal - GET /images/1487833438959_Banner.jpg
[2017-02-23 15:04:15.190] [ERROR] normal - GET /images/1487833452766_goods1.jpg
[2017-02-23 15:13:47.250] [ERROR] normal - GET /submit/58ae896e7d9730080440fd20
[2017-02-23 15:13:47.283] [ERROR] normal - GET /images/1487833438959_Banner.jpg
[2017-02-23 15:13:47.302] [ERROR] normal - GET /images/1487833452766_goods1.jpg
[2017-02-23 15:13:48.907] [ERROR] normal - GET /resource4/js/a/cummerBun.js
[2017-02-23 15:13:54.156] [ERROR] normal - GET /
[2017-02-23 15:13:54.173] [ERROR] normal - GET /css/bootstrap.min.css
[2017-02-23 15:13:54.176] [ERROR] normal - GET /css/index.css
[2017-02-23 15:13:54.178] [ERROR] normal - GET /lib/jquery.min.js
[2017-02-23 15:13:54.181] [ERROR] normal - GET /lib/bootstrap.min.js
[2017-02-23 15:13:54.183] [ERROR] normal - GET /images/logo.png
[2017-02-23 15:13:54.185] [ERROR] normal - GET /images/1487644945138_3.jpg
[2017-02-23 15:13:54.189] [ERROR] normal - GET /lib/jquery.form.min.js
[2017-02-23 15:13:54.191] [ERROR] normal - GET /js/index.js
[2017-02-23 15:13:54.212] [ERROR] normal - GET /images/arr.png
[2017-02-23 15:13:54.228] [ERROR] normal - GET /images/add.png
[2017-02-23 15:13:54.228] [ERROR] normal - GET /images/delete.png
[2017-02-23 15:13:54.606] [ERROR] normal - GET /
[2017-02-23 15:13:54.616] [ERROR] normal - GET /lib/bootstrap.min.js
[2017-02-23 15:13:54.622] [ERROR] normal - GET /css/index.css
[2017-02-23 15:13:54.624] [ERROR] normal - GET /lib/jquery.min.js
[2017-02-23 15:13:54.626] [ERROR] normal - GET /css/bootstrap.min.css
[2017-02-23 15:13:54.628] [ERROR] normal - GET /lib/jquery.form.min.js
[2017-02-23 15:13:54.646] [ERROR] normal - GET /js/index.js
[2017-02-23 15:13:54.649] [ERROR] normal - GET /images/logo.png
[2017-02-23 15:13:54.651] [ERROR] normal - GET /images/1487644945138_3.jpg
[2017-02-23 15:13:54.699] [ERROR] normal - GET /lib/jquery.min.map
[2017-02-23 15:13:54.702] [ERROR] normal - GET /images/arr.png
[2017-02-23 15:13:54.704] [ERROR] normal - GET /images/add.png
[2017-02-23 15:13:54.706] [ERROR] normal - GET /images/delete.png
[2017-02-23 15:14:48.830] [ERROR] normal - GET /
[2017-02-23 15:14:48.839] [ERROR] normal - GET /css/index.css
[2017-02-23 15:14:48.842] [ERROR] normal - GET /lib/bootstrap.min.js
[2017-02-23 15:14:48.848] [ERROR] normal - GET /lib/jquery.min.js
[2017-02-23 15:14:48.853] [ERROR] normal - GET /css/bootstrap.min.css
[2017-02-23 15:14:48.855] [ERROR] normal - GET /lib/jquery.form.min.js
[2017-02-23 15:14:48.857] [ERROR] normal - GET /js/index.js
[2017-02-23 15:14:48.861] [ERROR] normal - GET /images/logo.png
[2017-02-23 15:14:48.864] [ERROR] normal - GET /images/1487644945138_3.jpg
[2017-02-23 15:14:48.927] [ERROR] normal - GET /lib/jquery.min.map
[2017-02-23 15:14:48.930] [ERROR] normal - GET /images/add.png
[2017-02-23 15:14:48.931] [ERROR] normal - GET /images/delete.png
[2017-02-23 15:14:48.932] [ERROR] normal - GET /images/arr.png
[2017-02-23 15:18:39.165] [ERROR] normal - GET /
[2017-02-23 15:18:39.175] [ERROR] normal - GET /css/index.css
[2017-02-23 15:18:39.177] [ERROR] normal - GET /lib/bootstrap.min.js
[2017-02-23 15:18:39.180] [ERROR] normal - GET /lib/jquery.min.js
[2017-02-23 15:18:39.182] [ERROR] normal - GET /css/bootstrap.min.css
[2017-02-23 15:18:39.186] [ERROR] normal - GET /lib/jquery.form.min.js
[2017-02-23 15:18:39.188] [ERROR] normal - GET /js/index.js
[2017-02-23 15:18:39.190] [ERROR] normal - GET /images/logo.png
[2017-02-23 15:18:39.195] [ERROR] normal - GET /images/1487644945138_3.jpg
[2017-02-23 15:18:39.246] [ERROR] normal - GET /lib/jquery.min.map
[2017-02-23 15:18:39.258] [ERROR] normal - GET /images/arr.png
[2017-02-23 15:18:39.261] [ERROR] normal - GET /images/add.png
[2017-02-23 15:18:39.266] [ERROR] normal - GET /images/delete.png
[2017-02-23 15:22:27.240] [ERROR] normal - GET /pagelist
[2017-02-23 15:22:27.255] [ERROR] normal - GET /css/index.css
[2017-02-23 15:22:27.261] [ERROR] normal - GET /lib/bootstrap.min.js
[2017-02-23 15:22:27.268] [ERROR] normal - GET /lib/jquery.min.js
[2017-02-23 15:22:27.270] [ERROR] normal - GET /css/bootstrap.min.css
[2017-02-23 15:22:27.272] [ERROR] normal - GET /images/logo.png
[2017-02-23 15:22:27.367] [ERROR] normal - GET /lib/jquery.min.map
[2017-02-23 15:22:32.116] [ERROR] normal - GET /submit/58ae896e7d9730080440fd20
[2017-02-23 15:22:32.151] [ERROR] normal - GET /images/1487833438959_Banner.jpg
[2017-02-23 15:22:32.161] [ERROR] normal - GET /images/1487833452766_goods1.jpg
[2017-02-23 15:22:33.697] [ERROR] normal - GET /resource4/js/a/cummerBun.js
[2017-02-23 15:23:46.226] [ERROR] normal - GET /submit/58ae896e7d9730080440fd20
[2017-02-23 15:23:46.254] [ERROR] normal - GET /images/1487833438959_Banner.jpg
[2017-02-23 15:23:46.262] [ERROR] normal - GET /images/1487833452766_goods1.jpg
[2017-02-23 15:23:52.101] [ERROR] normal - GET /
[2017-02-23 15:23:52.120] [ERROR] normal - GET /css/bootstrap.min.css
[2017-02-23 15:23:52.123] [ERROR] normal - GET /css/index.css
[2017-02-23 15:23:52.126] [ERROR] normal - GET /lib/jquery.min.js
[2017-02-23 15:23:52.128] [ERROR] normal - GET /lib/bootstrap.min.js
[2017-02-23 15:23:52.131] [ERROR] normal - GET /images/logo.png
[2017-02-23 15:23:52.133] [ERROR] normal - GET /images/1487644945138_3.jpg
[2017-02-23 15:23:52.136] [ERROR] normal - GET /lib/jquery.form.min.js
[2017-02-23 15:23:52.138] [ERROR] normal - GET /js/index.js
[2017-02-23 15:23:52.278] [ERROR] normal - GET /
[2017-02-23 15:23:52.291] [ERROR] normal - GET /css/index.css
[2017-02-23 15:23:52.301] [ERROR] normal - GET /lib/bootstrap.min.js
[2017-02-23 15:23:52.304] [ERROR] normal - GET /lib/jquery.min.js
[2017-02-23 15:23:52.309] [ERROR] normal - GET /css/bootstrap.min.css
[2017-02-23 15:23:52.310] [ERROR] normal - GET /lib/jquery.form.min.js
[2017-02-23 15:23:52.356] [ERROR] normal - GET /js/index.js
[2017-02-23 15:23:52.357] [ERROR] normal - GET /images/logo.png
[2017-02-23 15:23:52.381] [ERROR] normal - GET /images/1487644945138_3.jpg
[2017-02-23 15:23:52.382] [ERROR] normal - GET /lib/jquery.min.map
[2017-02-23 15:23:52.383] [ERROR] normal - GET /images/arr.png
[2017-02-23 15:23:52.384] [ERROR] normal - GET /images/add.png
[2017-02-23 15:23:52.385] [ERROR] normal - GET /images/delete.png
[2017-02-23 15:24:02.586] [ERROR] normal - POST /uploadFile
[2017-02-23 15:24:02.592] [ERROR] normal - GET /images/1487834642579_Banner.jpg
[2017-02-23 15:24:17.696] [ERROR] normal - POST /uploadFile
[2017-02-23 15:24:17.708] [ERROR] normal - GET /images/1487834657690_goods1.jpg
[2017-02-23 15:24:19.666] [ERROR] normal - POST /submit
[2017-02-23 15:24:19.762] [ERROR] normal - GET /submit/58ae8e237d9730080440fd21
[2017-02-23 15:24:19.765] [ERROR] normal - GET /images/1487834642579_Banner.jpg
[2017-02-23 15:24:19.767] [ERROR] normal - GET /images/1487834657690_goods1.jpg
[2017-02-23 15:24:34.916] [ERROR] normal - GET /
[2017-02-23 15:24:34.928] [ERROR] normal - GET /css/bootstrap.min.css
[2017-02-23 15:24:34.931] [ERROR] normal - GET /css/index.css
[2017-02-23 15:24:34.936] [ERROR] normal - GET /lib/jquery.min.js
[2017-02-23 15:24:34.939] [ERROR] normal - GET /lib/bootstrap.min.js
[2017-02-23 15:24:34.942] [ERROR] normal - GET /images/logo.png
[2017-02-23 15:24:34.945] [ERROR] normal - GET /images/1487644945138_3.jpg
[2017-02-23 15:24:34.948] [ERROR] normal - GET /lib/jquery.form.min.js
[2017-02-23 15:24:34.950] [ERROR] normal - GET /js/index.js
[2017-02-23 15:24:34.988] [ERROR] normal - GET /images/arr.png
[2017-02-23 15:24:34.990] [ERROR] normal - GET /images/add.png
[2017-02-23 15:24:34.991] [ERROR] normal - GET /images/delete.png
[2017-02-23 15:24:35.799] [ERROR] normal - GET /
[2017-02-23 15:24:35.808] [ERROR] normal - GET /css/index.css
[2017-02-23 15:24:35.813] [ERROR] normal - GET /lib/jquery.min.js
[2017-02-23 15:24:35.817] [ERROR] normal - GET /lib/bootstrap.min.js
[2017-02-23 15:24:35.820] [ERROR] normal - GET /css/bootstrap.min.css
[2017-02-23 15:24:35.822] [ERROR] normal - GET /lib/jquery.form.min.js
[2017-02-23 15:24:35.824] [ERROR] normal - GET /js/index.js
[2017-02-23 15:24:35.828] [ERROR] normal - GET /images/logo.png
[2017-02-23 15:24:35.832] [ERROR] normal - GET /images/1487644945138_3.jpg
[2017-02-23 15:24:35.882] [ERROR] normal - GET /lib/jquery.min.map
[2017-02-23 15:24:35.884] [ERROR] normal - GET /images/arr.png
[2017-02-23 15:24:35.885] [ERROR] normal - GET /images/add.png
[2017-02-23 15:24:35.886] [ERROR] normal - GET /images/delete.png
[2017-02-23 15:24:45.286] [ERROR] normal - POST /uploadFile
[2017-02-23 15:24:45.299] [ERROR] normal - GET /images/1487834685277_Banner.jpg
[2017-02-23 15:24:57.282] [ERROR] normal - POST /uploadFile
[2017-02-23 15:24:57.287] [ERROR] normal - GET /images/1487834697274_goods1.jpg
[2017-02-23 15:24:59.103] [ERROR] normal - POST /submit
[2017-02-23 15:24:59.303] [ERROR] normal - GET /submit/58ae8e4b7d9730080440fd22
[2017-02-23 15:24:59.337] [ERROR] normal - GET /images/1487834685277_Banner.jpg
[2017-02-23 15:24:59.343] [ERROR] normal - GET /images/1487834697274_goods1.jpg
[2017-02-23 15:25:01.063] [ERROR] normal - GET /resource4/js/a/cummerBun.js
[2017-02-23 15:42:37.326] [ERROR] normal - GET /submit/58ae8e4b7d9730080440fd22
[2017-02-23 15:42:37.330] [ERROR] normal - GET /js/index2.min.js
[2017-02-23 15:42:37.361] [ERROR] normal - GET /images/1487834685277_Banner.jpg
[2017-02-23 15:42:37.382] [ERROR] normal - GET /images/1487834697274_goods1.jpg
[2017-02-23 15:42:39.390] [ERROR] normal - GET /resource4/js/a/cummerBun.js
[2017-02-23 15:42:43.345] [ERROR] normal - GET /
[2017-02-23 15:42:43.353] [ERROR] normal - GET /css/bootstrap.min.css
[2017-02-23 15:42:43.357] [ERROR] normal - GET /css/index.css
[2017-02-23 15:42:43.359] [ERROR] normal - GET /lib/jquery.min.js
[2017-02-23 15:42:43.361] [ERROR] normal - GET /lib/bootstrap.min.js
[2017-02-23 15:42:43.364] [ERROR] normal - GET /images/logo.png
[2017-02-23 15:42:43.366] [ERROR] normal - GET /images/1487644945138_3.jpg
[2017-02-23 15:42:43.371] [ERROR] normal - GET /lib/jquery.form.min.js
[2017-02-23 15:42:43.373] [ERROR] normal - GET /js/index.js
[2017-02-23 15:42:43.405] [ERROR] normal - GET /images/arr.png
[2017-02-23 15:42:43.408] [ERROR] normal - GET /images/add.png
[2017-02-23 15:42:43.409] [ERROR] normal - GET /images/delete.png
[2017-02-23 15:42:44.122] [ERROR] normal - GET /
[2017-02-23 15:42:44.132] [ERROR] normal - GET /css/index.css
[2017-02-23 15:42:44.135] [ERROR] normal - GET /lib/bootstrap.min.js
[2017-02-23 15:42:44.137] [ERROR] normal - GET /css/bootstrap.min.css
[2017-02-23 15:42:44.140] [ERROR] normal - GET /lib/jquery.min.js
[2017-02-23 15:42:44.142] [ERROR] normal - GET /lib/jquery.form.min.js
[2017-02-23 15:42:44.161] [ERROR] normal - GET /js/index.js
[2017-02-23 15:42:44.165] [ERROR] normal - GET /images/logo.png
[2017-02-23 15:42:44.169] [ERROR] normal - GET /images/1487644945138_3.jpg
[2017-02-23 15:42:44.199] [ERROR] normal - GET /images/arr.png
[2017-02-23 15:42:44.206] [ERROR] normal - GET /images/add.png
[2017-02-23 15:42:44.209] [ERROR] normal - GET /images/delete.png
[2017-02-23 15:42:44.229] [ERROR] normal - GET /lib/jquery.min.map
[2017-02-23 15:43:35.315] [ERROR] normal - POST /uploadFile
[2017-02-23 15:43:35.321] [ERROR] normal - GET /images/1487835815310_Banner.jpg
[2017-02-23 15:43:50.932] [ERROR] normal - POST /uploadFile
[2017-02-23 15:43:50.943] [ERROR] normal - GET /images/1487835830926_goods2.jpg
[2017-02-23 15:43:52.711] [ERROR] normal - POST /submit
[2017-02-23 15:43:52.996] [ERROR] normal - GET /js/index2.min.js
[2017-02-23 15:43:53.000] [ERROR] normal - GET /submit/58ae92b87d9730080440fd23
[2017-02-23 15:43:53.017] [ERROR] normal - GET /images/1487835830926_goods2.jpg
[2017-02-23 15:43:53.018] [ERROR] normal - GET /images/1487835815310_Banner.jpg
[2017-02-23 15:43:54.793] [ERROR] normal - GET /resource4/js/a/cummerBun.js
[2017-02-23 15:45:27.781] [ERROR] normal - GET /submit/58ae92b87d9730080440fd23
[2017-02-23 15:45:27.787] [ERROR] normal - GET /js/index2.min.js
[2017-02-23 15:45:27.808] [ERROR] normal - GET /images/1487835830926_goods2.jpg
[2017-02-23 15:45:27.810] [ERROR] normal - GET /images/1487835815310_Banner.jpg
[2017-02-23 15:45:27.845] [ERROR] normal - GET /submit/dest/images/goods2.jpg
[2017-02-23 15:45:29.278] [ERROR] normal - GET /resource4/js/a/cummerBun.js
[2017-02-23 15:45:57.787] [ERROR] normal - GET /submit/58ae92b87d9730080440fd23
[2017-02-23 15:45:57.791] [ERROR] normal - GET /js/index2.min.js
[2017-02-23 15:45:57.852] [ERROR] normal - GET /images/1487835830926_goods2.jpg
[2017-02-23 15:45:57.877] [ERROR] normal - GET /images/1487835815310_Banner.jpg
[2017-02-23 15:45:57.879] [ERROR] normal - GET /submit/dest/images/goods2.jpg
[2017-02-23 16:49:11.409] [ERROR] normal - GET /
[2017-02-23 16:49:11.536] [ERROR] normal - GET /users/login
[2017-02-23 16:49:11.545] [ERROR] normal - GET /css/index.css
[2017-02-23 16:49:11.546] [ERROR] normal - GET /css/bootstrap.min.css
[2017-02-23 16:49:11.572] [ERROR] normal - GET /lib/bootstrap.min.js
[2017-02-23 16:49:11.574] [ERROR] normal - GET /lib/jquery.min.js
[2017-02-23 16:49:11.579] [ERROR] normal - GET /images/logo.png
[2017-02-23 16:49:11.606] [ERROR] normal - GET /images/arr.png
[2017-02-23 16:49:11.858] [ERROR] normal - GET /favicon.ico
[2017-02-23 16:49:32.787] [ERROR] normal - GET /users/login
[2017-02-23 16:49:32.794] [ERROR] normal - GET /css/bootstrap.min.css
[2017-02-23 16:49:32.795] [ERROR] normal - GET /css/index.css
[2017-02-23 16:49:32.796] [ERROR] normal - GET /lib/jquery.min.js
[2017-02-23 16:49:32.796] [ERROR] normal - GET /lib/bootstrap.min.js
[2017-02-23 16:49:32.797] [ERROR] normal - GET /images/logo.png
[2017-02-23 16:49:32.828] [ERROR] normal - GET /images/arr.png
[2017-02-23 16:50:27.406] [ERROR] normal - GET /users/login
[2017-02-23 16:50:27.412] [ERROR] normal - GET /css/bootstrap.min.css
[2017-02-23 16:50:27.414] [ERROR] normal - GET /css/index.css
[2017-02-23 16:50:27.414] [ERROR] normal - GET /lib/jquery.min.js
[2017-02-23 16:50:27.415] [ERROR] normal - GET /lib/bootstrap.min.js
[2017-02-23 16:50:27.416] [ERROR] normal - GET /images/logo.png
[2017-02-23 16:50:27.429] [ERROR] normal - GET /images/arr.png
[2017-02-23 16:51:27.824] [ERROR] normal - GET /users/findPwd
[2017-02-23 16:51:27.829] [ERROR] normal - GET /css/bootstrap.min.css
[2017-02-23 16:51:27.830] [ERROR] normal - GET /css/index.css
[2017-02-23 16:51:27.831] [ERROR] normal - GET /lib/jquery.min.js
[2017-02-23 16:51:27.831] [ERROR] normal - GET /lib/bootstrap.min.js
[2017-02-23 16:51:27.833] [ERROR] normal - GET /images/logo.png
[2017-02-23 16:51:27.849] [ERROR] normal - GET /images/arr.png
[2017-02-23 16:51:39.304] [ERROR] normal - POST /users/findPwd
[2017-02-23 16:51:39.374] [ERROR] normal - GET /users/login
[2017-02-23 16:51:39.377] [ERROR] normal - GET /css/bootstrap.min.css
[2017-02-23 16:51:39.378] [ERROR] normal - GET /css/index.css
[2017-02-23 16:51:39.379] [ERROR] normal - GET /lib/jquery.min.js
[2017-02-23 16:51:39.380] [ERROR] normal - GET /lib/bootstrap.min.js
[2017-02-23 16:51:39.381] [ERROR] normal - GET /images/logo.png
[2017-02-23 16:51:39.397] [ERROR] normal - GET /images/arr.png
[2017-02-23 17:16:22.766] [ERROR] normal - GET /users/login
[2017-02-23 17:16:22.773] [ERROR] normal - GET /css/bootstrap.min.css
[2017-02-23 17:16:22.774] [ERROR] normal - GET /css/index.css
[2017-02-23 17:16:22.775] [ERROR] normal - GET /lib/jquery.min.js
[2017-02-23 17:16:22.776] [ERROR] normal - GET /lib/bootstrap.min.js
[2017-02-23 17:16:22.777] [ERROR] normal - GET /images/logo.png
[2017-02-23 17:16:22.790] [ERROR] normal - GET /images/arr.png
[2017-02-23 17:16:47.701] [ERROR] normal - GET /users/findPwd
[2017-02-23 17:16:47.706] [ERROR] normal - GET /css/bootstrap.min.css
[2017-02-23 17:16:47.706] [ERROR] normal - GET /css/index.css
[2017-02-23 17:16:47.707] [ERROR] normal - GET /lib/jquery.min.js
[2017-02-23 17:16:47.707] [ERROR] normal - GET /lib/bootstrap.min.js
[2017-02-23 17:16:47.708] [ERROR] normal - GET /images/logo.png
[2017-02-23 17:16:47.724] [ERROR] normal - GET /images/arr.png
[2017-02-23 17:19:04.085] [ERROR] normal - GET /users/findPwd
[2017-02-23 17:19:04.091] [ERROR] normal - GET /css/bootstrap.min.css
[2017-02-23 17:19:04.093] [ERROR] normal - GET /css/index.css
[2017-02-23 17:19:04.093] [ERROR] normal - GET /lib/jquery.min.js
[2017-02-23 17:19:04.094] [ERROR] normal - GET /lib/bootstrap.min.js
[2017-02-23 17:19:04.095] [ERROR] normal - GET /images/logo.png
[2017-02-23 17:19:04.108] [ERROR] normal - GET /images/arr.png
[2017-02-23 17:19:09.393] [ERROR] normal - GET /users/login
[2017-02-23 17:19:09.398] [ERROR] normal - GET /css/bootstrap.min.css
[2017-02-23 17:19:09.399] [ERROR] normal - GET /css/index.css
[2017-02-23 17:19:09.400] [ERROR] normal - GET /lib/jquery.min.js
[2017-02-23 17:19:09.401] [ERROR] normal - GET /lib/bootstrap.min.js
[2017-02-23 17:19:09.402] [ERROR] normal - GET /images/logo.png
[2017-02-23 17:19:09.417] [ERROR] normal - GET /images/arr.png
[2017-02-23 17:19:10.692] [ERROR] normal - GET /users/findPwd
[2017-02-23 17:19:10.702] [ERROR] normal - GET /css/bootstrap.min.css
[2017-02-23 17:19:10.702] [ERROR] normal - GET /css/index.css
[2017-02-23 17:19:10.702] [ERROR] normal - GET /lib/jquery.min.js
[2017-02-23 17:19:10.703] [ERROR] normal - GET /lib/bootstrap.min.js
[2017-02-23 17:19:10.704] [ERROR] normal - GET /images/logo.png
[2017-02-23 17:19:10.718] [ERROR] normal - GET /images/arr.png
[2017-02-23 17:19:34.401] [ERROR] normal - POST /users/findPwd
[2017-02-23 17:19:34.512] [ERROR] normal - GET /users/login
[2017-02-23 17:19:34.517] [ERROR] normal - GET /css/bootstrap.min.css
[2017-02-23 17:19:34.519] [ERROR] normal - GET /css/index.css
[2017-02-23 17:19:34.519] [ERROR] normal - GET /lib/jquery.min.js
[2017-02-23 17:19:34.520] [ERROR] normal - GET /lib/bootstrap.min.js
[2017-02-23 17:19:34.521] [ERROR] normal - GET /images/logo.png
[2017-02-23 17:19:34.536] [ERROR] normal - GET /images/arr.png
[2017-02-23 17:20:01.507] [ERROR] normal - GET /users/reg
[2017-02-23 17:20:01.511] [ERROR] normal - GET /css/bootstrap.min.css
[2017-02-23 17:20:01.513] [ERROR] normal - GET /css/index.css
[2017-02-23 17:20:01.514] [ERROR] normal - GET /lib/jquery.min.js
[2017-02-23 17:20:01.514] [ERROR] normal - GET /lib/bootstrap.min.js
[2017-02-23 17:20:01.517] [ERROR] normal - GET /images/logo.png
[2017-02-23 17:20:01.529] [ERROR] normal - GET /images/arr.png
[2017-02-23 17:20:43.164] [ERROR] normal - POST /users/reg
[2017-02-23 17:20:43.321] [ERROR] normal - GET /
[2017-02-23 17:20:43.325] [ERROR] normal - GET /css/bootstrap.min.css
[2017-02-23 17:20:43.326] [ERROR] normal - GET /css/index.css
[2017-02-23 17:20:43.327] [ERROR] normal - GET /lib/jquery.min.js
[2017-02-23 17:20:43.328] [ERROR] normal - GET /lib/bootstrap.min.js
[2017-02-23 17:20:43.342] [ERROR] normal - GET /images/logo.png
[2017-02-23 17:20:43.345] [ERROR] normal - GET /images/arr.png
[2017-02-23 17:20:43.349] [ERROR] normal - GET /images/add.png
[2017-02-23 17:20:43.350] [ERROR] normal - GET /images/delete.png
[2017-02-23 17:20:43.454] [ERROR] normal - GET /js/index.js
[2017-02-23 17:20:43.460] [ERROR] normal - GET /images/1487644945138_3.jpg
[2017-02-23 17:20:43.463] [ERROR] normal - GET /lib/jquery.form.min.js
[2017-02-23 17:20:45.354] [ERROR] normal - GET /users/logout
[2017-02-23 17:20:45.391] [ERROR] normal - GET /users/login
[2017-02-23 17:20:45.396] [ERROR] normal - GET /css/bootstrap.min.css
[2017-02-23 17:20:45.397] [ERROR] normal - GET /css/index.css
[2017-02-23 17:20:45.399] [ERROR] normal - GET /lib/jquery.min.js
[2017-02-23 17:20:45.399] [ERROR] normal - GET /lib/bootstrap.min.js
[2017-02-23 17:20:45.401] [ERROR] normal - GET /images/logo.png
[2017-02-23 17:20:45.415] [ERROR] normal - GET /images/arr.png
[2017-02-23 17:20:47.075] [ERROR] normal - GET /users/findPwd
[2017-02-23 17:20:47.079] [ERROR] normal - GET /css/bootstrap.min.css
[2017-02-23 17:20:47.079] [ERROR] normal - GET /css/index.css
[2017-02-23 17:20:47.080] [ERROR] normal - GET /lib/jquery.min.js
[2017-02-23 17:20:47.081] [ERROR] normal - GET /lib/bootstrap.min.js
[2017-02-23 17:20:47.083] [ERROR] normal - GET /images/logo.png
[2017-02-23 17:20:59.382] [ERROR] normal - POST /users/findPwd
[2017-02-23 17:20:59.481] [ERROR] normal - GET /users/login
[2017-02-23 17:20:59.487] [ERROR] normal - GET /css/bootstrap.min.css
[2017-02-23 17:20:59.489] [ERROR] normal - GET /css/index.css
[2017-02-23 17:20:59.490] [ERROR] normal - GET /lib/jquery.min.js
[2017-02-23 17:20:59.491] [ERROR] normal - GET /lib/bootstrap.min.js
[2017-02-23 17:20:59.492] [ERROR] normal - GET /images/logo.png
[2017-02-23 17:22:55.231] [ERROR] normal - POST /users/login
[2017-02-23 17:22:55.409] [ERROR] normal - GET /
[2017-02-23 17:22:55.413] [ERROR] normal - GET /css/bootstrap.min.css
[2017-02-23 17:22:55.414] [ERROR] normal - GET /css/index.css
[2017-02-23 17:22:55.415] [ERROR] normal - GET /lib/jquery.min.js
[2017-02-23 17:22:55.416] [ERROR] normal - GET /lib/bootstrap.min.js
[2017-02-23 17:22:55.417] [ERROR] normal - GET /lib/jquery.form.min.js
[2017-02-23 17:22:55.418] [ERROR] normal - GET /js/index.js
[2017-02-23 17:22:55.420] [ERROR] normal - GET /images/logo.png
[2017-02-23 17:22:55.421] [ERROR] normal - GET /images/1487644945138_3.jpg
[2017-02-23 17:22:55.435] [ERROR] normal - GET /images/add.png
[2017-02-23 17:22:55.436] [ERROR] normal - GET /images/delete.png
[2017-02-23 17:23:59.113] [ERROR] normal - GET /
[2017-02-23 17:23:59.119] [ERROR] normal - GET /css/bootstrap.min.css
[2017-02-23 17:23:59.119] [ERROR] normal - GET /css/index.css
[2017-02-23 17:23:59.120] [ERROR] normal - GET /lib/jquery.min.js
[2017-02-23 17:23:59.120] [ERROR] normal - GET /lib/bootstrap.min.js
[2017-02-23 17:23:59.122] [ERROR] normal - GET /lib/jquery.form.min.js
[2017-02-23 17:23:59.124] [ERROR] normal - GET /js/index.js
[2017-02-23 17:23:59.125] [ERROR] normal - GET /images/logo.png
[2017-02-23 17:23:59.126] [ERROR] normal - GET /images/1487644945138_3.jpg
[2017-02-23 17:32:26.049] [ERROR] normal - GET /users/logout
[2017-02-23 17:32:26.078] [ERROR] normal - GET /users/login
[2017-02-23 17:32:26.084] [ERROR] normal - GET /css/bootstrap.min.css
[2017-02-23 17:32:26.085] [ERROR] normal - GET /css/index.css
[2017-02-23 17:32:26.086] [ERROR] normal - GET /lib/jquery.min.js
[2017-02-23 17:32:26.086] [ERROR] normal - GET /lib/bootstrap.min.js
[2017-02-23 17:32:26.087] [ERROR] normal - GET /images/logo.png
[2017-02-23 17:34:47.031] [ERROR] normal - GET /
[2017-02-23 17:34:47.068] [ERROR] normal - GET /users/login
[2017-02-23 17:34:47.072] [ERROR] normal - GET /css/bootstrap.min.css
[2017-02-23 17:34:47.072] [ERROR] normal - GET /css/index.css
[2017-02-23 17:34:47.074] [ERROR] normal - GET /lib/jquery.min.js
[2017-02-23 17:34:47.074] [ERROR] normal - GET /lib/bootstrap.min.js
[2017-02-23 17:34:47.076] [ERROR] normal - GET /images/logo.png
[2017-02-23 17:34:56.724] [ERROR] normal - POST /users/login
[2017-02-23 17:34:56.797] [ERROR] normal - GET /
[2017-02-23 17:34:56.804] [ERROR] normal - GET /css/bootstrap.min.css
[2017-02-23 17:34:56.804] [ERROR] normal - GET /css/index.css
[2017-02-23 17:34:56.805] [ERROR] normal - GET /lib/jquery.min.js
[2017-02-23 17:34:56.805] [ERROR] normal - GET /lib/bootstrap.min.js
[2017-02-23 17:34:56.806] [ERROR] normal - GET /lib/jquery.form.min.js
[2017-02-23 17:34:56.807] [ERROR] normal - GET /js/index.js
[2017-02-23 17:34:56.808] [ERROR] normal - GET /images/logo.png
[2017-02-23 17:34:56.809] [ERROR] normal - GET /images/1487644945138_3.jpg
[2017-02-23 17:35:23.602] [ERROR] normal - POST /submit
[2017-02-23 17:35:23.750] [ERROR] normal - GET /submit/58aeacdb279ec71a182d1d29
[2017-02-23 17:35:28.530] [ERROR] normal - POST /submit
[2017-02-23 17:35:28.826] [ERROR] normal - GET /submit/58aeace0279ec71a182d1d2a
[2017-02-23 17:35:28.835] [ERROR] normal - GET /js/index2.min.js
[2017-02-23 17:35:29.306] [ERROR] normal - GET /images/undefined
[2017-02-23 17:35:38.210] [ERROR] normal - GET /
[2017-02-23 17:35:38.219] [ERROR] normal - GET /css/bootstrap.min.css
[2017-02-23 17:35:38.219] [ERROR] normal - GET /css/index.css
[2017-02-23 17:35:38.221] [ERROR] normal - GET /lib/jquery.min.js
[2017-02-23 17:35:38.222] [ERROR] normal - GET /lib/bootstrap.min.js
[2017-02-23 17:35:38.223] [ERROR] normal - GET /lib/jquery.form.min.js
[2017-02-23 17:35:38.225] [ERROR] normal - GET /js/index.js
[2017-02-23 17:35:38.226] [ERROR] normal - GET /images/logo.png
[2017-02-23 17:35:38.233] [ERROR] normal - GET /images/1487644945138_3.jpg
[2017-02-23 17:41:18.403] [ERROR] normal - GET /users/logout
[2017-02-23 17:41:18.497] [ERROR] normal - GET /users/login
[2017-02-23 17:41:18.504] [ERROR] normal - GET /css/bootstrap.min.css
[2017-02-23 17:41:18.504] [ERROR] normal - GET /css/index.css
[2017-02-23 17:41:18.504] [ERROR] normal - GET /lib/jquery.min.js
[2017-02-23 17:41:18.505] [ERROR] normal - GET /lib/bootstrap.min.js
[2017-02-23 17:41:18.506] [ERROR] normal - GET /images/logo.png
[2017-02-23 17:41:20.213] [ERROR] normal - GET /users/findPwd
[2017-02-23 17:41:20.215] [ERROR] normal - GET /css/bootstrap.min.css
[2017-02-23 17:41:20.216] [ERROR] normal - GET /css/index.css
[2017-02-23 17:41:20.217] [ERROR] normal - GET /lib/jquery.min.js
[2017-02-23 17:41:20.219] [ERROR] normal - GET /lib/bootstrap.min.js
[2017-02-23 17:41:20.220] [ERROR] normal - GET /images/logo.png
[2017-02-23 17:41:39.466] [ERROR] normal - POST /users/findPwd
[2017-02-23 17:41:39.503] [ERROR] normal - GET /users/findPwd
[2017-02-23 17:41:39.507] [ERROR] normal - GET /css/bootstrap.min.css
[2017-02-23 17:41:39.508] [ERROR] normal - GET /css/index.css
[2017-02-23 17:41:39.509] [ERROR] normal - GET /lib/jquery.min.js
[2017-02-23 17:41:39.509] [ERROR] normal - GET /lib/bootstrap.min.js
[2017-02-23 17:41:39.510] [ERROR] normal - GET /images/logo.png
[2017-02-23 17:41:44.949] [ERROR] normal - GET /
[2017-02-23 17:41:44.982] [ERROR] normal - GET /users/login
[2017-02-23 17:41:44.986] [ERROR] normal - GET /css/bootstrap.min.css
[2017-02-23 17:41:44.987] [ERROR] normal - GET /css/index.css
[2017-02-23 17:41:44.988] [ERROR] normal - GET /lib/jquery.min.js
[2017-02-23 17:41:44.988] [ERROR] normal - GET /lib/bootstrap.min.js
[2017-02-23 17:41:44.989] [ERROR] normal - GET /images/logo.png
[2017-02-23 17:41:50.275] [ERROR] normal - POST /users/login
[2017-02-23 17:41:50.361] [ERROR] normal - GET /
[2017-02-23 17:41:50.366] [ERROR] normal - GET /css/bootstrap.min.css
[2017-02-23 17:41:50.366] [ERROR] normal - GET /css/index.css
[2017-02-23 17:41:50.367] [ERROR] normal - GET /lib/jquery.min.js
[2017-02-23 17:41:50.367] [ERROR] normal - GET /lib/bootstrap.min.js
[2017-02-23 17:41:50.369] [ERROR] normal - GET /lib/jquery.form.min.js
[2017-02-23 17:41:50.370] [ERROR] normal - GET /js/index.js
[2017-02-23 17:41:50.371] [ERROR] normal - GET /images/logo.png
[2017-02-23 17:41:50.395] [ERROR] normal - GET /images/1487644945138_3.jpg
[2017-02-23 17:41:52.728] [ERROR] normal - GET /
[2017-02-23 17:41:52.735] [ERROR] normal - GET /css/bootstrap.min.css
[2017-02-23 17:41:52.735] [ERROR] normal - GET /css/index.css
[2017-02-23 17:41:52.736] [ERROR] normal - GET /lib/jquery.min.js
[2017-02-23 17:41:52.737] [ERROR] normal - GET /lib/bootstrap.min.js
[2017-02-23 17:41:52.738] [ERROR] normal - GET /lib/jquery.form.min.js
[2017-02-23 17:41:52.740] [ERROR] normal - GET /js/index.js
[2017-02-23 17:41:52.741] [ERROR] normal - GET /images/logo.png
[2017-02-23 17:41:54.861] [ERROR] normal - GET /users/logout
[2017-02-23 17:41:54.893] [ERROR] normal - GET /users/login
[2017-02-23 17:41:54.897] [ERROR] normal - GET /css/bootstrap.min.css
[2017-02-23 17:41:54.897] [ERROR] normal - GET /css/index.css
[2017-02-23 17:41:54.898] [ERROR] normal - GET /lib/jquery.min.js
[2017-02-23 17:41:54.899] [ERROR] normal - GET /lib/bootstrap.min.js
[2017-02-23 17:41:54.900] [ERROR] normal - GET /images/logo.png
[2017-02-23 17:42:24.977] [ERROR] normal - GET /users/login
[2017-02-23 17:42:24.984] [ERROR] normal - GET /css/bootstrap.min.css
[2017-02-23 17:42:24.985] [ERROR] normal - GET /css/index.css
[2017-02-23 17:42:24.985] [ERROR] normal - GET /lib/jquery.min.js
[2017-02-23 17:42:24.985] [ERROR] normal - GET /lib/bootstrap.min.js
[2017-02-23 17:42:24.987] [ERROR] normal - GET /images/logo.png
[2017-02-23 17:42:32.232] [ERROR] normal - POST /users/login
[2017-02-23 17:42:32.364] [ERROR] normal - GET /
[2017-02-23 17:42:32.369] [ERROR] normal - GET /css/bootstrap.min.css
[2017-02-23 17:42:32.370] [ERROR] normal - GET /css/index.css
[2017-02-23 17:42:32.371] [ERROR] normal - GET /lib/jquery.min.js
[2017-02-23 17:42:32.371] [ERROR] normal - GET /lib/bootstrap.min.js
[2017-02-23 17:42:32.373] [ERROR] normal - GET /lib/jquery.form.min.js
[2017-02-23 17:42:32.374] [ERROR] normal - GET /js/index.js
[2017-02-23 17:42:32.375] [ERROR] normal - GET /images/logo.png
[2017-02-23 17:43:06.027] [ERROR] normal - GET /css/bootstrap.min.css
[2017-02-23 17:43:06.028] [ERROR] normal - GET /css/index.css
[2017-02-23 17:43:06.196] [ERROR] normal - GET /lib/jquery.min.map
[2017-02-23 17:48:53.916] [ERROR] normal - POST /uploadFile
[2017-02-23 17:48:53.922] [ERROR] normal - GET /images/1487843333910_2.jpg
[2017-02-23 17:48:56.298] [ERROR] normal - POST /uploadFile
[2017-02-23 17:48:56.302] [ERROR] normal - GET /images/1487843336295_3.jpg
[2017-02-23 17:48:57.361] [ERROR] normal - POST /submit
[2017-02-23 17:48:57.646] [ERROR] normal - GET /js/index2.min.js
[2017-02-23 17:48:57.647] [ERROR] normal - GET /submit/58aeb009279ec71a182d1d2b
[2017-02-23 17:48:57.655] [ERROR] normal - GET /images/1487843333910_2.jpg
[2017-02-23 17:48:57.658] [ERROR] normal - GET /images/1487843336295_3.jpg
[2017-02-23 17:48:59.079] [ERROR] normal - GET /resource4/js/a/cummerBun.js
[2017-02-23 17:55:58.673] [ERROR] normal - GET /
[2017-02-23 17:55:58.820] [ERROR] normal - GET /users/login
[2017-02-23 17:55:58.829] [ERROR] normal - GET /css/index.css
[2017-02-23 17:55:58.830] [ERROR] normal - GET /css/bootstrap.min.css
[2017-02-23 17:55:58.831] [ERROR] normal - GET /lib/bootstrap.min.js
[2017-02-23 17:55:58.832] [ERROR] normal - GET /lib/jquery.min.js
[2017-02-23 17:55:58.834] [ERROR] normal - GET /images/logo.png
[2017-02-23 17:55:58.871] [ERROR] normal - GET /images/arr.png
[2017-02-23 17:55:58.947] [ERROR] normal - GET /favicon.ico
[2017-02-23 17:56:04.028] [ERROR] normal - POST /users/login
[2017-02-23 17:56:04.171] [ERROR] normal - GET /
[2017-02-23 17:56:04.177] [ERROR] normal - GET /css/bootstrap.min.css
[2017-02-23 17:56:04.178] [ERROR] normal - GET /css/index.css
[2017-02-23 17:56:04.179] [ERROR] normal - GET /lib/jquery.min.js
[2017-02-23 17:56:04.180] [ERROR] normal - GET /lib/bootstrap.min.js
[2017-02-23 17:56:04.181] [ERROR] normal - GET /lib/jquery.form.min.js
[2017-02-23 17:56:04.182] [ERROR] normal - GET /js/index.js
[2017-02-23 17:56:04.184] [ERROR] normal - GET /images/logo.png
[2017-02-23 17:56:04.209] [ERROR] normal - GET /images/1487644945138_3.jpg
[2017-02-23 17:56:04.217] [ERROR] normal - GET /images/arr.png
[2017-02-23 17:56:04.218] [ERROR] normal - GET /images/add.png
[2017-02-23 17:56:04.220] [ERROR] normal - GET /images/delete.png
[2017-02-23 17:56:11.725] [ERROR] normal - POST /uploadFile
[2017-02-23 17:56:11.732] [ERROR] normal - GET /images/1487843771714_1.jpg
[2017-02-23 17:56:13.379] [ERROR] normal - POST /uploadFile
[2017-02-23 17:56:13.381] [ERROR] normal - GET /images/1487843773375_2.jpg
[2017-02-23 17:56:14.684] [ERROR] normal - POST /submit
[2017-02-23 17:56:14.953] [ERROR] normal - GET /submit/58aeb1be93396b15c42ef6ef
[2017-02-23 17:56:14.959] [ERROR] normal - GET /css/index2.css
[2017-02-23 17:56:14.965] [ERROR] normal - GET /js/index2.min.js
[2017-02-23 17:56:15.013] [ERROR] normal - GET /images/1487843771714_1.jpg
[2017-02-23 17:56:15.014] [ERROR] normal - GET /images/1487843773375_2.jpg
[2017-02-23 18:04:00.090] [INFO] normal - GET /
[2017-02-23 18:04:00.098] [INFO] normal - GET /css/bootstrap.min.css
[2017-02-23 18:04:00.102] [INFO] normal - GET /lib/jquery.min.js
[2017-02-23 18:04:00.103] [INFO] normal - GET /lib/bootstrap.min.js
[2017-02-23 18:04:00.106] [INFO] normal - GET /css/index.css
[2017-02-23 18:04:00.108] [INFO] normal - GET /lib/jquery.form.min.js
[2017-02-23 18:04:00.131] [INFO] normal - GET /js/index.js
[2017-02-23 18:04:00.133] [INFO] normal - GET /images/logo.png
[2017-02-23 18:04:00.200] [INFO] normal - GET /images/arr.png
[2017-02-23 18:04:00.202] [INFO] normal - GET /images/add.png
[2017-02-23 18:04:00.203] [INFO] normal - GET /images/1487644945138_3.jpg
[2017-02-23 18:04:00.204] [INFO] normal - GET /images/delete.png
[2017-02-23 18:04:06.351] [INFO] normal - GET /
[2017-02-23 18:04:06.358] [INFO] normal - GET /css/bootstrap.min.css
[2017-02-23 18:04:06.360] [INFO] normal - GET /css/index.css
[2017-02-23 18:04:06.361] [INFO] normal - GET /lib/jquery.min.js
[2017-02-23 18:04:06.361] [INFO] normal - GET /lib/bootstrap.min.js
[2017-02-23 18:04:06.364] [INFO] normal - GET /lib/jquery.form.min.js
[2017-02-23 18:04:06.366] [INFO] normal - GET /js/index.js
[2017-02-23 18:04:06.368] [INFO] normal - GET /images/logo.png
[2017-02-23 18:04:06.391] [INFO] normal - GET /images/1487644945138_3.jpg
[2017-02-23 18:04:06.392] [INFO] normal - GET /images/arr.png
[2017-02-23 18:04:06.393] [INFO] normal - GET /images/add.png
[2017-02-23 18:04:06.394] [INFO] normal - GET /images/delete.png
[2017-02-23 18:14:45.157] [INFO] normal - GET /
[2017-02-23 18:14:45.171] [INFO] normal - GET /css/index.css
[2017-02-23 18:14:45.177] [INFO] normal - GET /lib/bootstrap.min.js
[2017-02-23 18:14:45.184] [INFO] normal - GET /lib/jquery.min.js
[2017-02-23 18:14:45.192] [INFO] normal - GET /css/bootstrap.min.css
[2017-02-23 18:14:45.196] [INFO] normal - GET /lib/jquery.form.min.js
[2017-02-23 18:14:45.230] [INFO] normal - GET /js/index.js
[2017-02-23 18:14:45.233] [INFO] normal - GET /images/logo.png
[2017-02-23 18:14:45.268] [INFO] normal - GET /images/1487644945138_3.jpg
[2017-02-23 18:14:45.274] [INFO] normal - GET /images/add.png
[2017-02-23 18:14:45.278] [INFO] normal - GET /images/arr.png
[2017-02-23 18:14:45.280] [INFO] normal - GET /images/delete.png
[2017-02-23 18:14:45.311] [INFO] normal - GET /lib/jquery.min.map
[2017-02-23 18:15:03.797] [INFO] normal - POST /uploadFile
[2017-02-23 18:15:03.804] [INFO] normal - GET /images/1487844903787_goods2.jpg
[2017-02-23 18:15:35.346] [INFO] normal - GET /
[2017-02-23 18:15:35.357] [INFO] normal - GET /css/index.css
[2017-02-23 18:15:35.363] [INFO] normal - GET /lib/bootstrap.min.js
[2017-02-23 18:15:35.373] [INFO] normal - GET /lib/jquery.min.js
[2017-02-23 18:15:35.377] [INFO] normal - GET /css/bootstrap.min.css
[2017-02-23 18:15:35.383] [INFO] normal - GET /lib/jquery.form.min.js
[2017-02-23 18:15:35.386] [INFO] normal - GET /js/index.js
[2017-02-23 18:15:35.387] [INFO] normal - GET /images/logo.png
[2017-02-23 18:15:35.464] [INFO] normal - GET /images/1487644945138_3.jpg
[2017-02-23 18:15:35.469] [INFO] normal - GET /images/arr.png
[2017-02-23 18:15:35.470] [INFO] normal - GET /images/add.png
[2017-02-23 18:15:35.471] [INFO] normal - GET /images/delete.png
[2017-02-23 18:15:35.510] [INFO] normal - GET /lib/jquery.min.map
[2017-02-23 18:16:02.306] [INFO] normal - GET /
[2017-02-23 18:16:02.317] [INFO] normal - GET /css/index.css
[2017-02-23 18:16:02.321] [INFO] normal - GET /lib/bootstrap.min.js
[2017-02-23 18:16:02.327] [INFO] normal - GET /lib/jquery.min.js
[2017-02-23 18:16:02.329] [INFO] normal - GET /css/bootstrap.min.css
[2017-02-23 18:16:02.335] [INFO] normal - GET /lib/jquery.form.min.js
[2017-02-23 18:16:02.337] [INFO] normal - GET /js/index.js
[2017-02-23 18:16:02.339] [INFO] normal - GET /images/logo.png
[2017-02-23 18:16:02.372] [INFO] normal - GET /images/1487644945138_3.jpg
[2017-02-23 18:16:02.409] [INFO] normal - GET /lib/jquery.min.map
[2017-02-23 18:16:02.410] [INFO] normal - GET /images/arr.png
[2017-02-23 18:16:02.422] [INFO] normal - GET /images/add.png
[2017-02-23 18:16:02.424] [INFO] normal - GET /images/delete.png
[2017-02-23 18:16:23.874] [INFO] normal - POST /uploadFile
[2017-02-23 18:16:23.882] [INFO] normal - GET /images/1487844983866_Banner.jpg
[2017-02-23 18:17:09.215] [INFO] normal - POST /uploadFile
[2017-02-23 18:17:09.219] [INFO] normal - GET /images/1487845029207_goods2.jpg
[2017-02-23 18:17:10.853] [INFO] normal - POST /submit
[2017-02-23 18:17:11.209] [INFO] normal - GET /submit/58aeb6a608583f0f2c316623
[2017-02-23 18:17:11.212] [INFO] normal - GET /css/index3.css
[2017-02-23 18:17:11.214] [INFO] normal - GET /js/index2.min.js
[2017-02-23 18:17:11.273] [INFO] normal - GET /images/1487845029207_goods2.jpg
[2017-02-23 18:17:11.276] [INFO] normal - GET /images/1487844983866_Banner.jpg
[2017-02-23 18:17:11.482] [INFO] normal - GET /resource4/js/a/cummerBun.js
[2017-02-23 18:17:18.360] [INFO] normal - GET /
[2017-02-23 18:17:18.368] [INFO] normal - GET /css/index.css
[2017-02-23 18:17:18.370] [INFO] normal - GET /lib/bootstrap.min.js
[2017-02-23 18:17:18.373] [INFO] normal - GET /lib/jquery.min.js
[2017-02-23 18:17:18.379] [INFO] normal - GET /css/bootstrap.min.css
[2017-02-23 18:17:18.383] [INFO] normal - GET /lib/jquery.form.min.js
[2017-02-23 18:17:18.406] [INFO] normal - GET /js/index.js
[2017-02-23 18:17:18.409] [INFO] normal - GET /images/logo.png
[2017-02-23 18:17:18.433] [INFO] normal - GET /images/1487644945138_3.jpg
[2017-02-23 18:17:18.444] [INFO] normal - GET /images/arr.png
[2017-02-23 18:17:18.445] [INFO] normal - GET /images/add.png
[2017-02-23 18:17:18.447] [INFO] normal - GET /images/delete.png
[2017-02-23 18:17:18.473] [INFO] normal - GET /lib/jquery.min.map
[2017-02-23 18:17:20.434] [INFO] normal - GET /
[2017-02-23 18:17:20.442] [INFO] normal - GET /css/index.css
[2017-02-23 18:17:20.448] [INFO] normal - GET /lib/bootstrap.min.js
[2017-02-23 18:17:20.452] [INFO] normal - GET /lib/jquery.min.js
[2017-02-23 18:17:20.457] [INFO] normal - GET /css/bootstrap.min.css
[2017-02-23 18:17:20.464] [INFO] normal - GET /lib/jquery.form.min.js
[2017-02-23 18:17:20.468] [INFO] normal - GET /js/index.js
[2017-02-23 18:17:20.470] [INFO] normal - GET /images/logo.png
[2017-02-23 18:17:20.492] [INFO] normal - GET /images/1487644945138_3.jpg
[2017-02-23 18:17:20.526] [INFO] normal - GET /lib/jquery.min.map
[2017-02-23 18:17:20.532] [INFO] normal - GET /images/arr.png
[2017-02-23 18:17:20.533] [INFO] normal - GET /images/delete.png
[2017-02-23 18:17:20.534] [INFO] normal - GET /images/add.png
[2017-02-23 18:17:34.907] [INFO] normal - POST /uploadFile
[2017-02-23 18:17:34.913] [INFO] normal - GET /images/1487845054903_Banner.jpg
[2017-02-23 18:17:46.516] [INFO] normal - POST /uploadFile
[2017-02-23 18:17:46.520] [INFO] normal - GET /images/1487845066508_goods2.jpg
[2017-02-23 18:17:57.313] [INFO] normal - POST /uploadFile
[2017-02-23 18:17:57.316] [INFO] normal - GET /images/1487845077308_goods2.jpg
[2017-02-23 18:17:58.576] [INFO] normal - POST /submit
[2017-02-23 18:17:58.930] [INFO] normal - GET /submit/58aeb6d608583f0f2c316624
[2017-02-23 18:17:58.932] [INFO] normal - GET /css/index3.css
[2017-02-23 18:17:58.937] [INFO] normal - GET /js/index2.min.js
[2017-02-23 18:17:59.001] [INFO] normal - GET /images/1487845066508_goods2.jpg
[2017-02-23 18:17:59.003] [INFO] normal - GET /images/1487845077308_goods2.jpg
[2017-02-23 18:17:59.004] [INFO] normal - GET /images/1487845054903_Banner.jpg
[2017-02-23 18:19:11.124] [INFO] normal - GET /submit/58aeb6d608583f0f2c316624
[2017-02-23 18:19:11.128] [INFO] normal - GET /css/index3.css
[2017-02-23 18:19:11.130] [INFO] normal - GET /js/index2.min.js
[2017-02-23 18:19:11.187] [INFO] normal - GET /images/1487845077308_goods2.jpg
[2017-02-23 18:19:11.189] [INFO] normal - GET /images/1487845066508_goods2.jpg
[2017-02-23 18:19:11.190] [INFO] normal - GET /images/1487845054903_Banner.jpg
[2017-02-23 18:19:11.421] [INFO] normal - GET /resource4/js/a/cummerBun.js
[2017-02-23 18:19:20.408] [INFO] normal - GET /
[2017-02-23 18:19:20.418] [INFO] normal - GET /css/index.css
[2017-02-23 18:19:20.426] [INFO] normal - GET /lib/bootstrap.min.js
[2017-02-23 18:19:20.430] [INFO] normal - GET /lib/jquery.min.js
[2017-02-23 18:19:20.434] [INFO] normal - GET /css/bootstrap.min.css
[2017-02-23 18:19:20.443] [INFO] normal - GET /lib/jquery.form.min.js
[2017-02-23 18:19:20.450] [INFO] normal - GET /js/index.js
[2017-02-23 18:19:20.455] [INFO] normal - GET /images/logo.png
[2017-02-23 18:19:20.489] [INFO] normal - GET /images/1487644945138_3.jpg
[2017-02-23 18:19:20.523] [INFO] normal - GET /lib/jquery.min.map
[2017-02-23 18:19:20.524] [INFO] normal - GET /images/arr.png
[2017-02-23 18:19:20.525] [INFO] normal - GET /images/add.png
[2017-02-23 18:19:20.526] [INFO] normal - GET /images/delete.png
[2017-02-23 18:19:22.524] [INFO] normal - GET /
[2017-02-23 18:19:22.533] [INFO] normal - GET /css/index.css
[2017-02-23 18:19:22.538] [INFO] normal - GET /lib/jquery.min.js
[2017-02-23 18:19:22.541] [INFO] normal - GET /lib/bootstrap.min.js
[2017-02-23 18:19:22.544] [INFO] normal - GET /css/bootstrap.min.css
[2017-02-23 18:19:22.553] [INFO] normal - GET /lib/jquery.form.min.js
[2017-02-23 18:19:22.555] [INFO] normal - GET /js/index.js
[2017-02-23 18:19:22.557] [INFO] normal - GET /images/logo.png
[2017-02-23 18:19:22.584] [INFO] normal - GET /images/1487644945138_3.jpg
[2017-02-23 18:19:22.617] [INFO] normal - GET /lib/jquery.min.map
[2017-02-23 18:19:22.620] [INFO] normal - GET /images/arr.png
[2017-02-23 18:19:22.621] [INFO] normal - GET /images/add.png
[2017-02-23 18:19:22.623] [INFO] normal - GET /images/delete.png
[2017-02-23 18:19:30.316] [INFO] normal - POST /uploadFile
[2017-02-23 18:19:30.322] [INFO] normal - GET /images/1487845170311_Banner.jpg
[2017-02-23 18:19:41.842] [INFO] normal - POST /uploadFile
[2017-02-23 18:19:41.847] [INFO] normal - GET /images/1487845181835_goods2.jpg
[2017-02-23 18:19:54.626] [INFO] normal - POST /uploadFile
[2017-02-23 18:19:54.633] [INFO] normal - GET /images/1487845194621_goods2.jpg
[2017-02-23 18:20:06.797] [INFO] normal - POST /uploadFile
[2017-02-23 18:20:06.801] [INFO] normal - GET /images/1487845206789_goods2.jpg
[2017-02-23 18:20:15.374] [INFO] normal - POST /uploadFile
[2017-02-23 18:20:15.377] [INFO] normal - GET /images/1487845215371_goods2.jpg
[2017-02-23 18:20:16.449] [INFO] normal - POST /submit
[2017-02-23 18:20:16.797] [INFO] normal - GET /submit/58aeb76008583f0f2c316625
[2017-02-23 18:20:16.799] [INFO] normal - GET /css/index3.css
[2017-02-23 18:20:16.803] [INFO] normal - GET /js/index2.min.js
[2017-02-23 18:20:16.866] [INFO] normal - GET /images/1487845215371_goods2.jpg
[2017-02-23 18:20:16.869] [INFO] normal - GET /images/1487845181835_goods2.jpg
[2017-02-23 18:20:16.904] [INFO] normal - GET /images/1487845194621_goods2.jpg
[2017-02-23 18:20:16.905] [INFO] normal - GET /images/1487845206789_goods2.jpg
[2017-02-23 18:20:16.940] [INFO] normal - GET /images/1487845170311_Banner.jpg
[2017-02-23 18:20:24.249] [INFO] normal - GET /
[2017-02-23 18:20:24.258] [INFO] normal - GET /css/bootstrap.min.css
[2017-02-23 18:20:24.261] [INFO] normal - GET /css/index.css
[2017-02-23 18:20:24.263] [INFO] normal - GET /lib/jquery.min.js
[2017-02-23 18:20:24.266] [INFO] normal - GET /lib/bootstrap.min.js
[2017-02-23 18:20:24.268] [INFO] normal - GET /images/logo.png
[2017-02-23 18:20:24.282] [INFO] normal - GET /images/1487644945138_3.jpg
[2017-02-23 18:20:24.297] [INFO] normal - GET /lib/jquery.form.min.js
[2017-02-23 18:20:24.297] [INFO] normal - GET /js/index.js
[2017-02-23 18:20:24.297] [INFO] normal - GET /images/arr.png
[2017-02-23 18:20:24.313] [INFO] normal - GET /images/add.png
[2017-02-23 18:20:24.313] [INFO] normal - GET /images/delete.png
[2017-02-23 18:20:24.858] [INFO] normal - GET /
[2017-02-23 18:20:24.870] [INFO] normal - GET /css/index.css
[2017-02-23 18:20:24.876] [INFO] normal - GET /lib/bootstrap.min.js
[2017-02-23 18:20:24.888] [INFO] normal - GET /lib/jquery.min.js
[2017-02-23 18:20:24.893] [INFO] normal - GET /css/bootstrap.min.css
[2017-02-23 18:20:24.894] [INFO] normal - GET /lib/jquery.form.min.js
[2017-02-23 18:20:24.896] [INFO] normal - GET /js/index.js
[2017-02-23 18:20:24.902] [INFO] normal - GET /images/logo.png
[2017-02-23 18:20:24.926] [INFO] normal - GET /images/1487644945138_3.jpg
[2017-02-23 18:20:24.961] [INFO] normal - GET /lib/jquery.min.map
[2017-02-23 18:20:24.962] [INFO] normal - GET /images/arr.png
[2017-02-23 18:20:24.965] [INFO] normal - GET /images/add.png
[2017-02-23 18:20:24.966] [INFO] normal - GET /images/delete.png
[2017-02-23 18:20:33.427] [INFO] normal - POST /uploadFile
[2017-02-23 18:20:33.434] [INFO] normal - GET /images/1487845233421_Banner.jpg
[2017-02-23 18:21:00.129] [INFO] normal - POST /uploadFile
[2017-02-23 18:21:00.133] [INFO] normal - GET /images/1487845260123_goods1.jpg
[2017-02-23 18:21:16.065] [INFO] normal - POST /uploadFile
[2017-02-23 18:21:16.073] [INFO] normal - GET /images/1487845276051_goods1.jpg
[2017-02-23 18:21:29.232] [INFO] normal - POST /uploadFile
[2017-02-23 18:21:29.236] [INFO] normal - GET /images/1487845289226_goods1.jpg
[2017-02-23 18:21:45.490] [INFO] normal - POST /uploadFile
[2017-02-23 18:21:45.499] [INFO] normal - GET /images/1487845305484_goods1.jpg
[2017-02-23 18:21:46.065] [INFO] normal - POST /submit
[2017-02-23 18:21:46.399] [INFO] normal - GET /submit/58aeb7ba08583f0f2c316626
[2017-02-23 18:21:46.400] [INFO] normal - GET /css/index2.css
[2017-02-23 18:21:46.402] [INFO] normal - GET /js/index2.min.js
[2017-02-23 18:21:46.467] [INFO] normal - GET /images/1487845233421_Banner.jpg
[2017-02-23 18:21:46.469] [INFO] normal - GET /images/1487845260123_goods1.jpg
[2017-02-23 18:21:46.471] [INFO] normal - GET /images/1487845289226_goods1.jpg
[2017-02-23 18:21:46.511] [INFO] normal - GET /images/1487845276051_goods1.jpg
[2017-02-23 18:21:46.514] [INFO] normal - GET /images/1487845305484_goods1.jpg
[2017-02-23 18:21:46.713] [INFO] normal - GET /resource4/js/a/cummerBun.js
