[2017-05-16 18:03:23.222] [INFO] normal - GET /
[2017-05-16 18:03:23.476] [INFO] normal - GET /users/login
[2017-05-16 18:03:23.504] [INFO] normal - GET /css/index.css
[2017-05-16 18:03:23.508] [INFO] normal - GET /lib/layer.js
[2017-05-16 18:03:23.510] [INFO] normal - GET /lib/bootstrap.min.js
[2017-05-16 18:03:23.513] [INFO] normal - GET /lib/jquery.min.js
[2017-05-16 18:03:23.515] [INFO] normal - GET /css/bootstrap.min.css
[2017-05-16 18:03:23.530] [INFO] normal - GET /images/logo.png
[2017-05-16 18:03:23.583] [INFO] normal - GET /lib/skin/default/layer.css?v=3.0.11110
[2017-05-16 18:03:23.588] [INFO] normal - GET /images/arr.png
[2017-05-16 18:03:23.733] [INFO] normal - GET /favicon.ico
[2017-05-16 18:03:37.451] [INFO] normal - GET /users/reg
[2017-05-16 18:03:37.466] [INFO] normal - GET /css/bootstrap.min.css
[2017-05-16 18:03:37.468] [INFO] normal - GET /css/index.css
[2017-05-16 18:03:37.470] [INFO] normal - GET /lib/jquery.min.js
[2017-05-16 18:03:37.471] [INFO] normal - GET /lib/bootstrap.min.js
[2017-05-16 18:03:37.472] [INFO] normal - GET /lib/layer.js
[2017-05-16 18:03:37.476] [INFO] normal - GET /images/logo.png
[2017-05-16 18:03:37.515] [INFO] normal - GET /lib/skin/default/layer.css?v=3.0.11110
[2017-05-16 18:03:37.520] [INFO] normal - GET /images/arr.png
[2017-05-16 18:03:56.245] [INFO] normal - POST /users/reg
[2017-05-16 18:03:56.749] [INFO] normal - GET /
[2017-05-16 18:03:56.762] [INFO] normal - GET /css/bootstrap.min.css
[2017-05-16 18:03:56.763] [INFO] normal - GET /css/index.css
[2017-05-16 18:03:56.764] [INFO] normal - GET /lib/jquery.min.js
[2017-05-16 18:03:56.768] [INFO] normal - GET /lib/bootstrap.min.js
[2017-05-16 18:03:56.770] [INFO] normal - GET /lib/layer.js
[2017-05-16 18:03:56.778] [INFO] normal - GET /lib/jquery.form.min.js
[2017-05-16 18:03:56.791] [INFO] normal - GET /js/index.js
[2017-05-16 18:03:56.797] [INFO] normal - GET /lib/skin/default/layer.css?v=3.0.11110
[2017-05-16 18:03:56.798] [INFO] normal - GET /images/logo.png
[2017-05-16 18:03:56.815] [INFO] normal - GET /images/%E6%A8%A1%E6%9D%BF%E4%B8%89_s.png
[2017-05-16 18:03:56.818] [INFO] normal - GET /images/%E6%A8%A1%E6%9D%BF%E4%B8%80_s.png
[2017-05-16 18:03:56.822] [INFO] normal - GET /images/%E6%A8%A1%E6%9D%BF%E4%BA%8C_s.png
[2017-05-16 18:03:56.830] [INFO] normal - GET /images/arr.png
[2017-05-16 18:03:56.845] [INFO] normal - GET /images/dg.png
[2017-05-16 18:03:56.847] [INFO] normal - GET /images/add.png
[2017-05-16 18:03:56.850] [INFO] normal - GET /images/dgs.png
[2017-05-16 18:03:56.869] [INFO] normal - GET /images/delete.png
[2017-05-16 18:03:57.025] [INFO] normal - GET /images/%E6%A8%A1%E6%9D%BF%E4%B8%89.png
[2017-05-16 18:03:57.122] [INFO] normal - GET /images/%E6%A8%A1%E6%9D%BF%E4%B8%80.png
[2017-05-16 18:03:57.226] [INFO] normal - GET /images/%E6%A8%A1%E6%9D%BF%E4%BA%8C.png
[2017-05-16 18:04:29.006] [INFO] normal - GET /pagelist
[2017-05-16 18:04:29.018] [INFO] normal - GET /css/bootstrap.min.css
[2017-05-16 18:04:29.019] [INFO] normal - GET /css/index.css
[2017-05-16 18:04:29.022] [INFO] normal - GET /lib/jquery.min.js
[2017-05-16 18:04:29.023] [INFO] normal - GET /lib/bootstrap.min.js
[2017-05-16 18:04:29.024] [INFO] normal - GET /lib/layer.js
[2017-05-16 18:04:29.027] [INFO] normal - GET /images/logo.png
[2017-05-16 18:04:29.059] [INFO] normal - GET /lib/skin/default/layer.css?v=3.0.11110
[2017-05-16 18:04:29.064] [INFO] normal - GET /images/arr.png
[2017-05-16 18:04:29.067] [INFO] normal - GET /images/fill.png
[2017-05-16 18:05:04.764] [INFO] normal - POST /uploadFile
[2017-05-16 18:05:04.774] [INFO] normal - GET /images/1494929104746_timg.jpg
[2017-05-16 18:05:26.748] [INFO] normal - POST /uploadFile
[2017-05-16 18:05:26.752] [INFO] normal - GET /images/1494929126728_timg.jpg
[2017-05-16 18:05:28.180] [INFO] normal - POST /submit
[2017-05-16 18:05:28.581] [INFO] normal - GET /submit/591acee807754a6f98206d46
[2017-05-16 18:05:28.586] [INFO] normal - GET /css/index2.css
[2017-05-16 18:05:28.602] [INFO] normal - GET /js/index2.min.js
[2017-05-16 18:05:28.811] [INFO] normal - GET /images/1494929104746_timg.jpg
[2017-05-16 18:05:28.811] [INFO] normal - GET /images/1494929126728_timg.jpg
[2017-05-16 18:05:30.525] [INFO] normal - GET /resource4/js/a/cummerBun.js
[2017-05-16 18:06:43.203] [INFO] normal - GET /
[2017-05-16 18:06:43.217] [INFO] normal - GET /css/bootstrap.min.css
[2017-05-16 18:06:43.218] [INFO] normal - GET /css/index.css
[2017-05-16 18:06:43.221] [INFO] normal - GET /lib/jquery.min.js
[2017-05-16 18:06:43.223] [INFO] normal - GET /lib/bootstrap.min.js
[2017-05-16 18:06:43.227] [INFO] normal - GET /lib/layer.js
[2017-05-16 18:06:43.232] [INFO] normal - GET /lib/jquery.form.min.js
[2017-05-16 18:06:43.240] [INFO] normal - GET /js/index.js
[2017-05-16 18:06:43.248] [INFO] normal - GET /images/logo.png
[2017-05-16 18:06:43.250] [INFO] normal - GET /lib/skin/default/layer.css?v=3.0.11110
[2017-05-16 18:06:43.261] [INFO] normal - GET /images/%E6%A8%A1%E6%9D%BF%E4%BA%8C_s.png
[2017-05-16 18:06:43.263] [INFO] normal - GET /images/%E6%A8%A1%E6%9D%BF%E4%B8%80_s.png
[2017-05-16 18:06:43.265] [INFO] normal - GET /images/%E6%A8%A1%E6%9D%BF%E4%B8%89_s.png
[2017-05-16 18:06:43.270] [INFO] normal - GET /images/%E6%A8%A1%E6%9D%BF%E4%B8%80.png
[2017-05-16 18:06:43.274] [INFO] normal - GET /images/%E6%A8%A1%E6%9D%BF%E4%BA%8C.png
[2017-05-16 18:06:43.278] [INFO] normal - GET /images/%E6%A8%A1%E6%9D%BF%E4%B8%89.png
[2017-05-16 18:07:23.322] [INFO] normal - POST /uploadFile
[2017-05-16 18:07:23.331] [INFO] normal - GET /images/1494929243309_timg.jpg
[2017-05-16 18:07:46.217] [INFO] normal - POST /uploadFile
[2017-05-16 18:07:46.223] [INFO] normal - GET /images/1494929266195_timg.jpg
[2017-05-16 18:07:47.944] [INFO] normal - POST /submit
[2017-05-16 18:07:48.383] [INFO] normal - GET /css/index2.css
[2017-05-16 18:07:48.386] [INFO] normal - GET /submit/591acf7307754a6f98206d47
[2017-05-16 18:07:48.387] [INFO] normal - GET /js/index2.min.js
[2017-05-16 18:07:48.417] [INFO] normal - GET /images/1494929243309_timg.jpg
[2017-05-16 18:07:48.423] [INFO] normal - GET /images/1494929266195_timg.jpg
[2017-05-16 18:07:49.855] [INFO] normal - GET /resource4/js/a/cummerBun.js
[2017-05-16 18:08:06.788] [INFO] normal - GET /css/index2.css
[2017-05-16 18:08:25.064] [INFO] normal - GET /pagelist
[2017-05-16 18:08:25.075] [INFO] normal - GET /css/bootstrap.min.css
[2017-05-16 18:08:25.076] [INFO] normal - GET /css/index.css
[2017-05-16 18:08:25.078] [INFO] normal - GET /lib/jquery.min.js
[2017-05-16 18:08:25.079] [INFO] normal - GET /lib/bootstrap.min.js
[2017-05-16 18:08:25.080] [INFO] normal - GET /lib/layer.js
[2017-05-16 18:08:25.084] [INFO] normal - GET /images/logo.png
[2017-05-16 18:08:25.100] [INFO] normal - GET /lib/skin/default/layer.css?v=3.0.11110
[2017-05-16 18:08:25.112] [INFO] normal - GET /images/icon1.png
[2017-05-16 18:08:25.114] [INFO] normal - GET /images/delete.png
[2017-05-16 18:08:25.115] [INFO] normal - GET /images/icon2.png
[2017-05-16 18:08:25.116] [INFO] normal - GET /images/icon3.png
[2017-05-16 18:08:26.703] [INFO] normal - GET /pagelist/download/591acee807754a6f98206d46
[2017-05-16 18:08:47.369] [INFO] normal - GET /edit/591acee807754a6f98206d46
[2017-05-16 18:08:47.381] [INFO] normal - GET /css/bootstrap.min.css
[2017-05-16 18:08:47.381] [INFO] normal - GET /css/index.css
[2017-05-16 18:08:47.382] [INFO] normal - GET /lib/jquery.min.js
[2017-05-16 18:08:47.385] [INFO] normal - GET /lib/bootstrap.min.js
[2017-05-16 18:08:47.386] [INFO] normal - GET /lib/layer.js
[2017-05-16 18:08:47.392] [INFO] normal - GET /lib/jquery.form.min.js
[2017-05-16 18:08:47.396] [INFO] normal - GET /js/index.js
[2017-05-16 18:08:47.403] [INFO] normal - GET /images/logo.png
[2017-05-16 18:08:47.409] [INFO] normal - GET /images/%E6%A8%A1%E6%9D%BF%E4%B8%80_s.png
[2017-05-16 18:08:47.415] [INFO] normal - GET /images/%E6%A8%A1%E6%9D%BF%E4%BA%8C_s.png
[2017-05-16 18:08:47.422] [INFO] normal - GET /images/%E6%A8%A1%E6%9D%BF%E4%B8%89_s.png
[2017-05-16 18:08:47.428] [INFO] normal - GET /images/1494929104746_timg.jpg
[2017-05-16 18:08:47.433] [INFO] normal - GET /lib/skin/default/layer.css?v=3.0.11110
[2017-05-16 18:08:47.434] [INFO] normal - GET /images/1494929126728_timg.jpg
[2017-05-16 18:08:47.436] [INFO] normal - GET /images/%E6%A8%A1%E6%9D%BF%E4%B8%80.png
[2017-05-16 18:08:47.438] [INFO] normal - GET /images/%E6%A8%A1%E6%9D%BF%E4%BA%8C.png
[2017-05-16 18:08:47.440] [INFO] normal - GET /images/%E6%A8%A1%E6%9D%BF%E4%B8%89.png
[2017-05-16 18:08:54.712] [INFO] normal - POST /submit/591acee807754a6f98206d46
[2017-05-16 18:08:54.995] [INFO] normal - GET /css/index2.css
[2017-05-16 18:08:54.996] [INFO] normal - GET /submit/591acee807754a6f98206d46
[2017-05-16 18:08:54.997] [INFO] normal - GET /js/index2.min.js
[2017-05-16 18:08:55.012] [INFO] normal - GET /images/1494929104746_timg.jpg
[2017-05-16 18:08:55.025] [INFO] normal - GET /images/1494929126728_timg.jpg
[2017-05-16 18:08:56.235] [INFO] normal - GET /resource4/js/a/cummerBun.js
[2017-05-16 18:09:08.817] [INFO] normal - GET /pagelist
[2017-05-16 18:09:08.838] [INFO] normal - GET /css/bootstrap.min.css
[2017-05-16 18:09:08.843] [INFO] normal - GET /css/index.css
[2017-05-16 18:09:08.854] [INFO] normal - GET /lib/jquery.min.js
[2017-05-16 18:09:08.855] [INFO] normal - GET /lib/bootstrap.min.js
[2017-05-16 18:09:08.856] [INFO] normal - GET /lib/layer.js
[2017-05-16 18:09:08.861] [INFO] normal - GET /images/logo.png
[2017-05-16 18:09:08.871] [INFO] normal - GET /lib/skin/default/layer.css?v=3.0.11110
[2017-05-16 18:09:12.570] [INFO] normal - GET /submit/591acee807754a6f98206d46
[2017-05-16 18:09:12.587] [INFO] normal - GET /css/index2.css
[2017-05-16 18:09:12.588] [INFO] normal - GET /js/index2.min.js
[2017-05-16 18:09:12.594] [INFO] normal - GET /images/1494929104746_timg.jpg
[2017-05-16 18:09:12.596] [INFO] normal - GET /images/1494929126728_timg.jpg
[2017-05-16 18:09:14.023] [INFO] normal - GET /resource4/js/a/cummerBun.js
[2017-05-16 18:12:31.067] [INFO] normal - GET /
[2017-05-16 18:12:31.083] [INFO] normal - GET /css/bootstrap.min.css
[2017-05-16 18:12:31.086] [INFO] normal - GET /css/index.css
[2017-05-16 18:12:31.086] [INFO] normal - GET /lib/layer.js
[2017-05-16 18:12:31.087] [INFO] normal - GET /lib/jquery.min.js
[2017-05-16 18:12:31.088] [INFO] normal - GET /lib/bootstrap.min.js
[2017-05-16 18:12:31.092] [INFO] normal - GET /lib/jquery.form.min.js
[2017-05-16 18:12:31.095] [INFO] normal - GET /js/index.js
[2017-05-16 18:12:31.097] [INFO] normal - GET /images/logo.png
[2017-05-16 18:12:31.100] [INFO] normal - GET /images/%E6%A8%A1%E6%9D%BF%E4%B8%80_s.png
[2017-05-16 18:12:31.103] [INFO] normal - GET /images/%E6%A8%A1%E6%9D%BF%E4%BA%8C_s.png
[2017-05-16 18:12:31.105] [INFO] normal - GET /images/%E6%A8%A1%E6%9D%BF%E4%B8%89_s.png
[2017-05-16 18:12:31.113] [INFO] normal - GET /images/%E6%A8%A1%E6%9D%BF%E4%B8%80.png
[2017-05-16 18:12:31.119] [INFO] normal - GET /lib/skin/default/layer.css?v=3.0.11110
[2017-05-16 18:12:31.120] [INFO] normal - GET /images/%E6%A8%A1%E6%9D%BF%E4%BA%8C.png
[2017-05-16 18:12:31.126] [INFO] normal - GET /images/%E6%A8%A1%E6%9D%BF%E4%B8%89.png
[2017-05-16 18:12:45.471] [INFO] normal - POST /uploadFile
[2017-05-16 18:12:45.489] [INFO] normal - GET /images/1494929565451_timg.jpg
[2017-05-16 18:12:55.474] [INFO] normal - POST /uploadFile
[2017-05-16 18:12:55.479] [INFO] normal - GET /images/1494929575453_timg.jpg
[2017-05-16 18:13:06.097] [INFO] normal - POST /uploadFile
[2017-05-16 18:13:06.102] [INFO] normal - GET /images/1494929586076_timg.jpg
[2017-05-16 18:13:06.900] [INFO] normal - POST /submit
[2017-05-16 18:13:07.351] [INFO] normal - GET /css/index2.css
[2017-05-16 18:13:07.352] [INFO] normal - GET /submit/591ad0b207754a6f98206d48
[2017-05-16 18:13:07.355] [INFO] normal - GET /js/index2.min.js
[2017-05-16 18:13:07.380] [INFO] normal - GET /images/1494929565451_timg.jpg
[2017-05-16 18:13:07.392] [INFO] normal - GET /images/1494929575453_timg.jpg
[2017-05-16 18:13:07.398] [INFO] normal - GET /images/1494929586076_timg.jpg
[2017-05-16 18:13:08.663] [INFO] normal - GET /resource4/js/a/cummerBun.js
[2017-05-16 18:13:16.684] [INFO] normal - GET /pagelist
[2017-05-16 18:13:16.697] [INFO] normal - GET /css/bootstrap.min.css
[2017-05-16 18:13:16.697] [INFO] normal - GET /css/index.css
[2017-05-16 18:13:16.698] [INFO] normal - GET /lib/jquery.min.js
[2017-05-16 18:13:16.699] [INFO] normal - GET /lib/bootstrap.min.js
[2017-05-16 18:13:16.700] [INFO] normal - GET /lib/layer.js
[2017-05-16 18:13:16.705] [INFO] normal - GET /images/logo.png
[2017-05-16 18:13:16.741] [INFO] normal - GET /lib/skin/default/layer.css?v=3.0.11110
[2017-05-16 18:13:20.081] [INFO] normal - GET /edit/591ad0b207754a6f98206d48
[2017-05-16 18:13:20.095] [INFO] normal - GET /css/bootstrap.min.css
[2017-05-16 18:13:20.097] [INFO] normal - GET /css/index.css
[2017-05-16 18:13:20.097] [INFO] normal - GET /lib/bootstrap.min.js
[2017-05-16 18:13:20.098] [INFO] normal - GET /lib/jquery.min.js
[2017-05-16 18:13:20.098] [INFO] normal - GET /lib/layer.js
[2017-05-16 18:13:20.102] [INFO] normal - GET /lib/jquery.form.min.js
[2017-05-16 18:13:20.105] [INFO] normal - GET /js/index.js
[2017-05-16 18:13:20.109] [INFO] normal - GET /images/logo.png
[2017-05-16 18:13:20.111] [INFO] normal - GET /images/%E6%A8%A1%E6%9D%BF%E4%B8%80_s.png
[2017-05-16 18:13:20.114] [INFO] normal - GET /images/%E6%A8%A1%E6%9D%BF%E4%BA%8C_s.png
[2017-05-16 18:13:20.118] [INFO] normal - GET /images/%E6%A8%A1%E6%9D%BF%E4%B8%89_s.png
[2017-05-16 18:13:20.121] [INFO] normal - GET /images/1494929565451_timg.jpg
[2017-05-16 18:13:20.129] [INFO] normal - GET /images/1494929575453_timg.jpg
[2017-05-16 18:13:20.132] [INFO] normal - GET /lib/skin/default/layer.css?v=3.0.11110
[2017-05-16 18:13:20.136] [INFO] normal - GET /images/1494929586076_timg.jpg
[2017-05-16 18:13:20.142] [INFO] normal - GET /images/%E6%A8%A1%E6%9D%BF%E4%B8%80.png
[2017-05-16 18:13:20.142] [INFO] normal - GET /images/%E6%A8%A1%E6%9D%BF%E4%BA%8C.png
[2017-05-16 18:13:20.143] [INFO] normal - GET /images/%E6%A8%A1%E6%9D%BF%E4%B8%89.png
[2017-05-16 18:13:24.464] [INFO] normal - POST /submit/591ad0b207754a6f98206d48
[2017-05-16 18:13:24.728] [INFO] normal - GET /css/index2.css
[2017-05-16 18:13:24.730] [INFO] normal - GET /submit/591ad0b207754a6f98206d48
[2017-05-16 18:13:24.731] [INFO] normal - GET /js/index2.min.js
[2017-05-16 18:13:24.750] [INFO] normal - GET /images/1494929565451_timg.jpg
[2017-05-16 18:13:24.757] [INFO] normal - GET /images/1494929575453_timg.jpg
[2017-05-16 18:13:24.762] [INFO] normal - GET /images/1494929586076_timg.jpg
[2017-05-16 18:13:25.722] [INFO] normal - GET /resource4/js/a/cummerBun.js
[2017-05-16 18:32:05.194] [INFO] normal - GET /pagelist
[2017-05-16 18:32:05.207] [INFO] normal - GET /css/bootstrap.min.css
[2017-05-16 18:32:05.210] [INFO] normal - GET /css/index.css
[2017-05-16 18:32:05.211] [INFO] normal - GET /lib/jquery.min.js
[2017-05-16 18:32:05.212] [INFO] normal - GET /lib/bootstrap.min.js
[2017-05-16 18:32:05.215] [INFO] normal - GET /lib/layer.js
[2017-05-16 18:32:05.218] [INFO] normal - GET /images/logo.png
[2017-05-16 18:32:05.253] [INFO] normal - GET /lib/skin/default/layer.css?v=3.0.11110
[2017-05-16 18:32:05.260] [INFO] normal - GET /images/arr.png
[2017-05-16 18:32:05.262] [INFO] normal - GET /images/icon1.png
[2017-05-16 18:32:05.263] [INFO] normal - GET /images/icon2.png
[2017-05-16 18:32:05.264] [INFO] normal - GET /images/icon3.png
[2017-05-16 18:32:05.265] [INFO] normal - GET /images/delete.png
[2017-05-16 18:32:07.158] [INFO] normal - GET /pagelist/delete/591ad0b207754a6f98206d48
[2017-05-16 18:32:07.269] [INFO] normal - GET /pagelist
[2017-05-16 18:32:07.278] [INFO] normal - GET /css/bootstrap.min.css
[2017-05-16 18:32:07.279] [INFO] normal - GET /css/index.css
[2017-05-16 18:32:07.279] [INFO] normal - GET /lib/jquery.min.js
[2017-05-16 18:32:07.281] [INFO] normal - GET /lib/bootstrap.min.js
[2017-05-16 18:32:07.284] [INFO] normal - GET /lib/layer.js
[2017-05-16 18:32:07.285] [INFO] normal - GET /images/logo.png
[2017-05-16 18:32:07.303] [INFO] normal - GET /lib/skin/default/layer.css?v=3.0.11110
[2017-05-16 18:32:11.480] [INFO] normal - GET /pagelist/delete/591acee807754a6f98206d46
[2017-05-16 18:32:11.574] [INFO] normal - GET /pagelist
[2017-05-16 18:32:11.587] [INFO] normal - GET /css/bootstrap.min.css
[2017-05-16 18:32:11.588] [INFO] normal - GET /css/index.css
[2017-05-16 18:32:11.588] [INFO] normal - GET /lib/jquery.min.js
[2017-05-16 18:32:11.589] [INFO] normal - GET /lib/bootstrap.min.js
[2017-05-16 18:32:11.590] [INFO] normal - GET /lib/layer.js
[2017-05-16 18:32:11.596] [INFO] normal - GET /images/logo.png
[2017-05-16 18:32:11.612] [INFO] normal - GET /lib/skin/default/layer.css?v=3.0.11110
[2017-05-16 18:32:13.508] [INFO] normal - GET /pagelist
[2017-05-16 18:32:13.523] [INFO] normal - GET /css/bootstrap.min.css
[2017-05-16 18:32:13.523] [INFO] normal - GET /css/index.css
[2017-05-16 18:32:13.524] [INFO] normal - GET /lib/jquery.min.js
[2017-05-16 18:32:13.525] [INFO] normal - GET /lib/bootstrap.min.js
[2017-05-16 18:32:13.526] [INFO] normal - GET /lib/layer.js
[2017-05-16 18:32:13.529] [INFO] normal - GET /images/logo.png
[2017-05-16 18:32:13.545] [INFO] normal - GET /lib/skin/default/layer.css?v=3.0.11110
