[2017-02-24 17:52:47.601] [INFO] normal - GET /
[2017-02-24 17:52:47.609] [INFO] normal - GET /css/bootstrap.min.css
[2017-02-24 17:52:47.611] [INFO] normal - GET /css/index.css
[2017-02-24 17:52:47.612] [INFO] normal - GET /lib/jquery.min.js
[2017-02-24 17:52:47.612] [INFO] normal - GET /lib/bootstrap.min.js
[2017-02-24 17:52:47.613] [INFO] normal - GET /lib/layer.js
[2017-02-24 17:52:47.614] [INFO] normal - GET /lib/jquery.form.min.js
[2017-02-24 17:52:47.618] [INFO] normal - GET /js/index.js
[2017-02-24 17:52:47.621] [INFO] normal - GET /images/logo.png
[2017-02-24 17:52:47.648] [INFO] normal - GET /images/1487644945138_3.jpg
[2017-02-24 17:52:47.649] [INFO] normal - GET /lib/skin/default/layer.css?v=3.0.11110
[2017-02-24 17:52:53.872] [INFO] normal - POST /uploadFile
[2017-02-24 17:52:53.877] [INFO] normal - GET /images/1487929973866_3.jpg
[2017-02-24 17:52:59.050] [INFO] normal - POST /uploadFile
[2017-02-24 17:52:59.053] [INFO] normal - GET /images/1487929979047_3.jpg
[2017-02-24 17:53:03.608] [INFO] normal - POST /uploadFile
[2017-02-24 17:53:03.611] [INFO] normal - GET /images/1487929983606_2.jpg
[2017-02-24 17:53:05.069] [INFO] normal - POST /submit
[2017-02-24 17:53:05.172] [INFO] normal - GET /images/1487929973866_3.jpg
[2017-02-24 17:53:05.172] [INFO] normal - GET /images/1487929979047_3.jpg
[2017-02-24 17:53:05.173] [INFO] normal - GET /submit/58b0028118d6b524488db96c
[2017-02-24 17:53:05.174] [INFO] normal - GET /images/1487929983606_2.jpg
[2017-02-24 17:54:15.197] [INFO] normal - GET /css/bootstrap.min.css
[2017-02-24 17:54:15.198] [INFO] normal - GET /css/index.css
[2017-02-24 17:54:15.198] [INFO] normal - GET /lib/skin/default/layer.css?v=3.0.11110
[2017-02-24 17:54:15.325] [INFO] normal - GET /lib/jquery.min.map
[2017-02-24 17:54:30.810] [INFO] normal - POST /uploadFile
[2017-02-24 17:54:30.814] [INFO] normal - GET /images/1487930070807_2.jpg
[2017-02-24 17:54:36.777] [INFO] normal - POST /uploadFile
[2017-02-24 17:54:36.779] [INFO] normal - GET /images/1487930076774_2.jpg
[2017-02-24 17:54:41.226] [INFO] normal - POST /uploadFile
[2017-02-24 17:54:41.229] [INFO] normal - GET /images/1487930081223_3.jpg
[2017-02-24 17:54:42.176] [INFO] normal - POST /submit
[2017-02-24 17:54:42.305] [INFO] normal - GET /images/1487930070807_2.jpg
[2017-02-24 17:54:42.306] [INFO] normal - GET /images/1487930076774_2.jpg
[2017-02-24 17:54:42.307] [INFO] normal - GET /images/1487930081223_3.jpg
[2017-02-24 17:54:42.311] [INFO] normal - GET /submit/58b002e218d6b524488db96d
[2017-02-24 17:54:57.208] [INFO] normal - GET /submit/58b002e218d6b524488db96d
[2017-02-24 17:54:57.214] [INFO] normal - GET /images/1487930070807_2.jpg
[2017-02-24 17:54:57.216] [INFO] normal - GET /images/1487930076774_2.jpg
[2017-02-24 17:54:57.217] [INFO] normal - GET /images/1487930081223_3.jpg
[2017-02-24 17:54:59.895] [INFO] normal - GET /lib/jquery.min.map
[2017-02-24 17:56:05.811] [INFO] normal - GET /
[2017-02-24 17:56:05.818] [INFO] normal - GET /css/bootstrap.min.css
[2017-02-24 17:56:05.819] [INFO] normal - GET /css/index.css
[2017-02-24 17:56:05.821] [INFO] normal - GET /lib/jquery.min.js
[2017-02-24 17:56:05.821] [INFO] normal - GET /lib/bootstrap.min.js
[2017-02-24 17:56:05.823] [INFO] normal - GET /lib/layer.js
[2017-02-24 17:56:05.823] [INFO] normal - GET /lib/jquery.form.min.js
[2017-02-24 17:56:05.825] [INFO] normal - GET /js/index.js
[2017-02-24 17:56:05.827] [INFO] normal - GET /images/logo.png
[2017-02-24 17:56:05.851] [INFO] normal - GET /images/1487644945138_3.jpg
[2017-02-24 17:56:05.884] [INFO] normal - GET /lib/skin/default/layer.css?v=3.0.11110
[2017-02-24 17:56:05.884] [INFO] normal - GET /images/arr.png
[2017-02-24 17:56:05.885] [INFO] normal - GET /images/dgs.png
[2017-02-24 17:56:05.886] [INFO] normal - GET /lib/jquery.min.map
[2017-02-24 17:56:05.887] [INFO] normal - GET /images/delete.png
[2017-02-24 17:56:05.888] [INFO] normal - GET /images/add.png
[2017-02-24 17:56:05.888] [INFO] normal - GET /images/dg.png
[2017-02-24 17:58:44.065] [INFO] normal - GET /
[2017-02-24 17:58:44.072] [INFO] normal - GET /css/bootstrap.min.css
[2017-02-24 17:58:44.074] [INFO] normal - GET /css/index.css
[2017-02-24 17:58:44.075] [INFO] normal - GET /lib/jquery.min.js
[2017-02-24 17:58:44.076] [INFO] normal - GET /lib/bootstrap.min.js
[2017-02-24 17:58:44.076] [INFO] normal - GET /lib/layer.js
[2017-02-24 17:58:44.078] [INFO] normal - GET /lib/jquery.form.min.js
[2017-02-24 17:58:44.081] [INFO] normal - GET /js/index.js
[2017-02-24 17:58:44.082] [INFO] normal - GET /images/logo.png
[2017-02-24 17:58:44.116] [INFO] normal - GET /images/1487644945138_3.jpg
[2017-02-24 17:58:44.143] [INFO] normal - GET /lib/skin/default/layer.css?v=3.0.11110
[2017-02-24 17:58:44.143] [INFO] normal - GET /lib/jquery.min.map
[2017-02-24 17:59:03.837] [INFO] normal - GET /
[2017-02-24 17:59:03.844] [INFO] normal - GET /css/bootstrap.min.css
[2017-02-24 17:59:03.847] [INFO] normal - GET /css/index.css
[2017-02-24 17:59:03.850] [INFO] normal - GET /lib/jquery.min.js
[2017-02-24 17:59:03.850] [INFO] normal - GET /lib/bootstrap.min.js
[2017-02-24 17:59:03.851] [INFO] normal - GET /lib/layer.js
[2017-02-24 17:59:03.853] [INFO] normal - GET /lib/jquery.form.min.js
[2017-02-24 17:59:03.855] [INFO] normal - GET /js/index.js
[2017-02-24 17:59:03.856] [INFO] normal - GET /images/logo.png
[2017-02-24 17:59:03.878] [INFO] normal - GET /images/1487644945138_3.jpg
[2017-02-24 17:59:03.904] [INFO] normal - GET /lib/skin/default/layer.css?v=3.0.11110
[2017-02-24 17:59:03.905] [INFO] normal - GET /lib/jquery.min.map
[2017-02-24 17:59:35.377] [INFO] normal - GET /
[2017-02-24 17:59:35.384] [INFO] normal - GET /css/bootstrap.min.css
[2017-02-24 17:59:35.384] [INFO] normal - GET /css/index.css
[2017-02-24 17:59:35.387] [INFO] normal - GET /lib/jquery.min.js
[2017-02-24 17:59:35.388] [INFO] normal - GET /lib/bootstrap.min.js
[2017-02-24 17:59:35.389] [INFO] normal - GET /lib/layer.js
[2017-02-24 17:59:35.392] [INFO] normal - GET /lib/jquery.form.min.js
[2017-02-24 17:59:35.394] [INFO] normal - GET /js/index.js
[2017-02-24 17:59:35.395] [INFO] normal - GET /images/logo.png
[2017-02-24 17:59:35.418] [INFO] normal - GET /images/1487644945138_3.jpg
[2017-02-24 17:59:35.451] [INFO] normal - GET /lib/skin/default/layer.css?v=3.0.11110
[2017-02-24 17:59:35.452] [INFO] normal - GET /lib/jquery.min.map
[2017-02-24 18:01:11.109] [INFO] normal - GET /
[2017-02-24 18:01:11.114] [INFO] normal - GET /css/bootstrap.min.css
[2017-02-24 18:01:11.115] [INFO] normal - GET /css/index.css
[2017-02-24 18:01:11.117] [INFO] normal - GET /lib/jquery.min.js
[2017-02-24 18:01:11.118] [INFO] normal - GET /lib/bootstrap.min.js
[2017-02-24 18:01:11.119] [INFO] normal - GET /lib/layer.js
[2017-02-24 18:01:11.120] [INFO] normal - GET /lib/jquery.form.min.js
[2017-02-24 18:01:11.124] [INFO] normal - GET /js/index.js
[2017-02-24 18:01:11.125] [INFO] normal - GET /images/logo.png
[2017-02-24 18:01:11.148] [INFO] normal - GET /images/1487644945138_3.jpg
[2017-02-24 18:01:11.181] [INFO] normal - GET /lib/skin/default/layer.css?v=3.0.11110
[2017-02-24 18:01:11.181] [INFO] normal - GET /lib/jquery.min.map
[2017-02-24 18:01:28.949] [INFO] normal - GET /
[2017-02-24 18:01:28.955] [INFO] normal - GET /css/bootstrap.min.css
[2017-02-24 18:01:28.956] [INFO] normal - GET /css/index.css
[2017-02-24 18:01:28.957] [INFO] normal - GET /lib/jquery.min.js
[2017-02-24 18:01:28.957] [INFO] normal - GET /lib/bootstrap.min.js
[2017-02-24 18:01:28.958] [INFO] normal - GET /lib/layer.js
[2017-02-24 18:01:28.959] [INFO] normal - GET /lib/jquery.form.min.js
[2017-02-24 18:01:28.961] [INFO] normal - GET /js/index.js
[2017-02-24 18:01:28.962] [INFO] normal - GET /images/logo.png
[2017-02-24 18:01:28.982] [INFO] normal - GET /images/1487644945138_3.jpg
[2017-02-24 18:01:29.010] [INFO] normal - GET /lib/skin/default/layer.css?v=3.0.11110
[2017-02-24 18:01:29.031] [INFO] normal - GET /lib/jquery.min.map
[2017-02-24 18:06:39.659] [INFO] normal - GET /
[2017-02-24 18:06:39.666] [INFO] normal - GET /lib/jquery.min.js
[2017-02-24 18:06:39.671] [INFO] normal - GET /lib/bootstrap.min.js
[2017-02-24 18:06:39.673] [INFO] normal - GET /lib/layer.js
[2017-02-24 18:06:39.678] [INFO] normal - GET /css/index.css
[2017-02-24 18:06:39.682] [INFO] normal - GET /css/bootstrap.min.css
[2017-02-24 18:06:39.684] [INFO] normal - GET /lib/jquery.form.min.js
[2017-02-24 18:06:39.688] [INFO] normal - GET /js/index.js
[2017-02-24 18:06:39.689] [INFO] normal - GET /images/logo.png
[2017-02-24 18:06:39.756] [INFO] normal - GET /images/1487644945138_3.jpg
[2017-02-24 18:06:39.757] [INFO] normal - GET /lib/skin/default/layer.css?v=3.0.11110
[2017-02-24 18:06:39.760] [INFO] normal - GET /images/arr.png
[2017-02-24 18:06:39.762] [INFO] normal - GET /images/dg.png
[2017-02-24 18:06:39.764] [INFO] normal - GET /images/add.png
[2017-02-24 18:06:39.765] [INFO] normal - GET /images/dgs.png
[2017-02-24 18:06:39.766] [INFO] normal - GET /images/delete.png
[2017-02-24 18:20:06.394] [INFO] normal - GET /
[2017-02-24 18:20:06.402] [INFO] normal - GET /css/bootstrap.min.css
[2017-02-24 18:20:06.403] [INFO] normal - GET /css/index.css
[2017-02-24 18:20:06.404] [INFO] normal - GET /lib/jquery.min.js
[2017-02-24 18:20:06.405] [INFO] normal - GET /lib/bootstrap.min.js
[2017-02-24 18:20:06.406] [INFO] normal - GET /lib/layer.js
[2017-02-24 18:20:06.409] [INFO] normal - GET /lib/jquery.form.min.js
[2017-02-24 18:20:06.412] [INFO] normal - GET /js/index.js
[2017-02-24 18:20:06.413] [INFO] normal - GET /images/logo.png
[2017-02-24 18:20:06.491] [INFO] normal - GET /lib/skin/default/layer.css?v=3.0.11110
[2017-02-24 18:20:06.495] [INFO] normal - GET /images/dgs.png
[2017-02-24 18:20:06.497] [INFO] normal - GET /images/delete.png
[2017-02-24 18:20:06.498] [INFO] normal - GET /images/add.png
[2017-02-24 18:20:06.501] [INFO] normal - GET /images/1487644945138_3.jpg
[2017-02-24 18:20:06.502] [INFO] normal - GET /images/dg.png
[2017-02-24 18:20:06.504] [INFO] normal - GET /images/arr.png
[2017-02-24 18:20:15.825] [INFO] normal - POST /uploadFile
[2017-02-24 18:20:15.832] [INFO] normal - GET /images/1487931615809_Banner.jpg
[2017-02-24 18:20:38.611] [INFO] normal - POST /uploadFile
[2017-02-24 18:20:38.617] [INFO] normal - GET /images/1487931638599_goods1.jpg
[2017-02-24 18:20:48.366] [INFO] normal - POST /uploadFile
[2017-02-24 18:20:48.369] [INFO] normal - GET /images/1487931648360_goods2.jpg
[2017-02-24 18:20:49.385] [INFO] normal - POST /submit
[2017-02-24 18:22:09.110] [INFO] normal - GET /css/index1.css
[2017-02-24 18:22:09.115] [INFO] normal - GET /js/index1.min.js
[2017-02-24 18:22:09.126] [INFO] normal - GET /submit/58b00901d3d8a722d8d2accb
[2017-02-24 18:22:09.144] [INFO] normal - GET /images/1487931615809_Banner.jpg
[2017-02-24 18:22:09.145] [INFO] normal - GET /images/1487931638599_goods1.jpg
[2017-02-24 18:22:09.147] [INFO] normal - GET /images/1487931648360_goods2.jpg
[2017-02-24 18:22:10.823] [INFO] normal - GET /resource4/js/a/cummerBun.js
[2017-02-24 18:22:20.393] [INFO] normal - GET /
[2017-02-24 18:22:20.399] [INFO] normal - GET /css/bootstrap.min.css
[2017-02-24 18:22:20.402] [INFO] normal - GET /css/index.css
[2017-02-24 18:22:20.404] [INFO] normal - GET /lib/jquery.min.js
[2017-02-24 18:22:20.410] [INFO] normal - GET /lib/bootstrap.min.js
[2017-02-24 18:22:20.414] [INFO] normal - GET /lib/layer.js
[2017-02-24 18:22:20.417] [INFO] normal - GET /images/logo.png
[2017-02-24 18:22:20.441] [INFO] normal - GET /images/1487644945138_3.jpg
[2017-02-24 18:22:20.447] [INFO] normal - GET /lib/jquery.form.min.js
[2017-02-24 18:22:20.450] [INFO] normal - GET /js/index.js
[2017-02-24 18:22:20.458] [INFO] normal - GET /lib/skin/default/layer.css?v=3.0.11110
[2017-02-24 18:22:20.464] [INFO] normal - GET /images/arr.png
[2017-02-24 18:22:20.465] [INFO] normal - GET /images/dg.png
[2017-02-24 18:22:20.466] [INFO] normal - GET /images/add.png
[2017-02-24 18:22:20.468] [INFO] normal - GET /images/dgs.png
[2017-02-24 18:22:20.470] [INFO] normal - GET /images/delete.png
[2017-02-24 18:22:23.096] [INFO] normal - GET /pagelist
[2017-02-24 18:22:23.104] [INFO] normal - GET /css/bootstrap.min.css
[2017-02-24 18:22:23.105] [INFO] normal - GET /css/index.css
[2017-02-24 18:22:23.106] [INFO] normal - GET /lib/jquery.min.js
[2017-02-24 18:22:23.108] [INFO] normal - GET /lib/bootstrap.min.js
[2017-02-24 18:22:23.110] [INFO] normal - GET /lib/layer.js
[2017-02-24 18:22:23.112] [INFO] normal - GET /images/logo.png
[2017-02-24 18:22:23.136] [INFO] normal - GET /lib/skin/default/layer.css?v=3.0.11110
[2017-02-24 18:22:23.141] [INFO] normal - GET /images/arr.png
[2017-02-24 18:22:23.143] [INFO] normal - GET /images/icon1.png
[2017-02-24 18:22:23.144] [INFO] normal - GET /images/icon2.png
[2017-02-24 18:22:23.145] [INFO] normal - GET /images/delete.png
[2017-02-24 18:22:23.146] [INFO] normal - GET /images/icon3.png
[2017-02-24 18:22:23.147] [INFO] normal - GET /images/fill.png
[2017-02-24 18:22:26.602] [INFO] normal - GET /edit/58b00901d3d8a722d8d2accb
[2017-02-24 18:22:26.609] [INFO] normal - GET /css/bootstrap.min.css
[2017-02-24 18:22:26.611] [INFO] normal - GET /css/index.css
[2017-02-24 18:22:26.612] [INFO] normal - GET /lib/jquery.min.js
[2017-02-24 18:22:26.613] [INFO] normal - GET /lib/bootstrap.min.js
[2017-02-24 18:22:26.614] [INFO] normal - GET /lib/layer.js
[2017-02-24 18:22:26.616] [INFO] normal - GET /lib/jquery.form.min.js
[2017-02-24 18:22:26.619] [INFO] normal - GET /js/index.js
[2017-02-24 18:22:26.621] [INFO] normal - GET /images/logo.png
[2017-02-24 18:22:26.641] [INFO] normal - GET /lib/skin/default/layer.css?v=3.0.11110
[2017-02-24 18:22:26.642] [INFO] normal - GET /images/dgs.png
[2017-02-24 18:22:26.643] [INFO] normal - GET /images/delete.png
[2017-02-24 18:22:26.644] [INFO] normal - GET /images/add.png
[2017-02-24 18:22:26.645] [INFO] normal - GET /images/1487644945138_3.jpg
[2017-02-24 18:22:26.646] [INFO] normal - GET /images/1487931615809_Banner.jpg
[2017-02-24 18:22:26.649] [INFO] normal - GET /images/dg.png
[2017-02-24 18:22:26.649] [INFO] normal - GET /images/arr.png
[2017-02-24 18:22:56.287] [INFO] normal - POST /uploadFile
[2017-02-24 18:22:56.298] [INFO] normal - GET /images/1487931776279_goods1.jpg
[2017-02-24 18:23:12.440] [INFO] normal - POST /uploadFile
[2017-02-24 18:23:12.443] [INFO] normal - GET /images/1487931792428_goods2.jpg
[2017-02-24 18:24:02.202] [INFO] normal - POST /submit/58b00901d3d8a722d8d2accb
[2017-02-24 18:24:02.582] [INFO] normal - GET /css/index1.css
[2017-02-24 18:24:02.584] [INFO] normal - GET /js/index1.min.js
[2017-02-24 18:24:02.585] [INFO] normal - GET /submit/58b00901d3d8a722d8d2accb
[2017-02-24 18:24:02.600] [INFO] normal - GET /images/1487931615809_Banner.jpg
[2017-02-24 18:24:02.602] [INFO] normal - GET /images/1487931776279_goods1.jpg
[2017-02-24 18:24:02.604] [INFO] normal - GET /images/1487931792428_goods2.jpg
[2017-02-24 18:24:04.519] [INFO] normal - GET /resource4/js/a/cummerBun.js
[2017-02-24 18:25:33.404] [INFO] normal - GET /css/index1.css
[2017-02-24 18:25:33.406] [INFO] normal - GET /js/index1.min.js
[2017-02-24 18:25:33.411] [INFO] normal - GET /submit/58b00901d3d8a722d8d2accb
[2017-02-24 18:25:33.417] [INFO] normal - GET /images/1487931615809_Banner.jpg
[2017-02-24 18:25:33.421] [INFO] normal - GET /images/1487931776279_goods1.jpg
[2017-02-24 18:25:33.422] [INFO] normal - GET /images/1487931792428_goods2.jpg
[2017-02-24 18:25:35.298] [INFO] normal - GET /resource4/js/a/cummerBun.js
[2017-02-24 18:25:48.722] [INFO] normal - GET /
[2017-02-24 18:25:48.727] [INFO] normal - GET /css/bootstrap.min.css
[2017-02-24 18:25:48.730] [INFO] normal - GET /css/index.css
[2017-02-24 18:25:48.732] [INFO] normal - GET /lib/jquery.min.js
[2017-02-24 18:25:48.734] [INFO] normal - GET /lib/bootstrap.min.js
[2017-02-24 18:25:48.739] [INFO] normal - GET /lib/layer.js
[2017-02-24 18:25:48.742] [INFO] normal - GET /images/logo.png
[2017-02-24 18:25:48.766] [INFO] normal - GET /images/1487644945138_3.jpg
[2017-02-24 18:25:48.770] [INFO] normal - GET /lib/jquery.form.min.js
[2017-02-24 18:25:48.774] [INFO] normal - GET /js/index.js
[2017-02-24 18:25:48.776] [INFO] normal - GET /lib/skin/default/layer.css?v=3.0.11110
[2017-02-24 18:25:48.785] [INFO] normal - GET /images/arr.png
[2017-02-24 18:25:48.787] [INFO] normal - GET /images/dg.png
[2017-02-24 18:25:48.788] [INFO] normal - GET /images/add.png
[2017-02-24 18:25:48.789] [INFO] normal - GET /images/dgs.png
[2017-02-24 18:25:48.790] [INFO] normal - GET /images/delete.png
[2017-02-24 18:25:57.794] [INFO] normal - GET /pagelist
[2017-02-24 18:25:57.805] [INFO] normal - GET /css/bootstrap.min.css
[2017-02-24 18:25:57.807] [INFO] normal - GET /css/index.css
[2017-02-24 18:25:57.808] [INFO] normal - GET /lib/jquery.min.js
[2017-02-24 18:25:57.809] [INFO] normal - GET /lib/layer.js
[2017-02-24 18:25:57.810] [INFO] normal - GET /lib/bootstrap.min.js
[2017-02-24 18:25:57.811] [INFO] normal - GET /images/logo.png
[2017-02-24 18:25:57.835] [INFO] normal - GET /lib/skin/default/layer.css?v=3.0.11110
[2017-02-24 18:25:57.840] [INFO] normal - GET /images/arr.png
[2017-02-24 18:25:57.841] [INFO] normal - GET /images/icon1.png
[2017-02-24 18:25:57.843] [INFO] normal - GET /images/icon2.png
[2017-02-24 18:25:57.846] [INFO] normal - GET /images/icon3.png
[2017-02-24 18:25:57.847] [INFO] normal - GET /images/delete.png
[2017-02-24 18:25:57.849] [INFO] normal - GET /images/fill.png
[2017-02-24 18:26:01.609] [INFO] normal - GET /submit/58b00901d3d8a722d8d2accb
[2017-02-24 18:26:01.620] [INFO] normal - GET /css/index1.css
[2017-02-24 18:26:01.624] [INFO] normal - GET /js/index1.min.js
[2017-02-24 18:26:01.628] [INFO] normal - GET /images/1487931615809_Banner.jpg
[2017-02-24 18:26:01.630] [INFO] normal - GET /images/1487931776279_goods1.jpg
[2017-02-24 18:26:01.632] [INFO] normal - GET /images/1487931792428_goods2.jpg
[2017-02-24 18:26:03.055] [INFO] normal - GET /resource4/js/a/cummerBun.js
[2017-02-24 18:27:10.040] [INFO] normal - GET /
[2017-02-24 18:27:10.051] [INFO] normal - GET /css/bootstrap.min.css
[2017-02-24 18:27:10.052] [INFO] normal - GET /css/index.css
[2017-02-24 18:27:10.054] [INFO] normal - GET /lib/jquery.min.js
[2017-02-24 18:27:10.055] [INFO] normal - GET /lib/bootstrap.min.js
[2017-02-24 18:27:10.055] [INFO] normal - GET /lib/layer.js
[2017-02-24 18:27:10.057] [INFO] normal - GET /lib/jquery.form.min.js
[2017-02-24 18:27:10.058] [INFO] normal - GET /js/index.js
[2017-02-24 18:27:10.060] [INFO] normal - GET /images/logo.png
[2017-02-24 18:27:10.102] [INFO] normal - GET /images/1487644945138_3.jpg
[2017-02-24 18:27:10.105] [INFO] normal - GET /lib/skin/default/layer.css?v=3.0.11110
[2017-02-24 18:27:10.108] [INFO] normal - GET /images/dgs.png
[2017-02-24 18:27:10.111] [INFO] normal - GET /images/delete.png
[2017-02-24 18:27:10.112] [INFO] normal - GET /images/dg.png
[2017-02-24 18:27:10.115] [INFO] normal - GET /images/add.png
[2017-02-24 18:27:10.117] [INFO] normal - GET /images/arr.png
[2017-02-24 18:28:33.330] [INFO] normal - POST /uploadFile
[2017-02-24 18:28:33.338] [INFO] normal - GET /images/1487932113321_Banner.jpg
[2017-02-24 18:28:44.169] [INFO] normal - POST /uploadFile
[2017-02-24 18:28:44.176] [INFO] normal - GET /images/1487932124163_goods1.jpg
[2017-02-24 18:29:30.636] [INFO] normal - POST /uploadFile
[2017-02-24 18:29:30.643] [INFO] normal - GET /images/1487932170630_goods1.jpg
[2017-02-24 18:29:33.438] [INFO] normal - POST /uploadFile
[2017-02-24 18:29:33.443] [INFO] normal - GET /images/1487932173432_goods1.jpg
[2017-02-24 18:30:46.301] [INFO] normal - GET /
[2017-02-24 18:30:46.310] [INFO] normal - GET /css/bootstrap.min.css
[2017-02-24 18:30:46.311] [INFO] normal - GET /css/index.css
[2017-02-24 18:30:46.312] [INFO] normal - GET /lib/jquery.min.js
[2017-02-24 18:30:46.313] [INFO] normal - GET /lib/bootstrap.min.js
[2017-02-24 18:30:46.314] [INFO] normal - GET /lib/layer.js
[2017-02-24 18:30:46.315] [INFO] normal - GET /lib/jquery.form.min.js
[2017-02-24 18:30:46.317] [INFO] normal - GET /js/index.js
[2017-02-24 18:30:46.319] [INFO] normal - GET /images/logo.png
[2017-02-24 18:30:46.364] [INFO] normal - GET /lib/skin/default/layer.css?v=3.0.11110
[2017-02-24 18:30:46.369] [INFO] normal - GET /images/dgs.png
[2017-02-24 18:30:46.370] [INFO] normal - GET /images/delete.png
[2017-02-24 18:30:46.372] [INFO] normal - GET /images/add.png
[2017-02-24 18:30:46.374] [INFO] normal - GET /images/1487644945138_3.jpg
[2017-02-24 18:30:46.375] [INFO] normal - GET /images/dg.png
[2017-02-24 18:30:46.378] [INFO] normal - GET /images/arr.png
[2017-02-24 18:30:55.700] [INFO] normal - POST /uploadFile
[2017-02-24 18:30:55.712] [INFO] normal - GET /images/1487932255684_Banner.jpg
[2017-02-24 18:31:04.378] [INFO] normal - POST /uploadFile
[2017-02-24 18:31:04.384] [INFO] normal - GET /images/1487932264369_goods2.jpg
[2017-02-24 18:31:30.828] [INFO] normal - POST /submit
[2017-02-24 18:31:31.114] [INFO] normal - GET /submit/58b00b8272fbca0ff03d86dd
[2017-02-24 18:31:31.123] [INFO] normal - GET /js/index3.min.js
[2017-02-24 18:31:31.126] [INFO] normal - GET /images/1487932255684_Banner.jpg
[2017-02-24 18:31:31.128] [INFO] normal - GET /images/1487932264369_goods2.jpg
[2017-02-24 18:31:33.527] [INFO] normal - GET /resource4/js/a/cummerBun.js
[2017-02-24 18:32:09.514] [INFO] normal - GET /css/index3.css
[2017-02-24 18:32:09.515] [INFO] normal - GET /js/index3.min.js
[2017-02-24 18:32:09.519] [INFO] normal - GET /submit/58b00b8272fbca0ff03d86dd
[2017-02-24 18:32:09.523] [INFO] normal - GET /images/1487932255684_Banner.jpg
[2017-02-24 18:32:09.524] [INFO] normal - GET /images/1487932264369_goods2.jpg
[2017-02-24 18:32:10.989] [INFO] normal - GET /resource4/js/a/cummerBun.js
[2017-02-24 18:32:23.340] [INFO] normal - GET /
[2017-02-24 18:32:23.351] [INFO] normal - GET /css/bootstrap.min.css
[2017-02-24 18:32:23.352] [INFO] normal - GET /css/index.css
[2017-02-24 18:32:23.353] [INFO] normal - GET /lib/jquery.min.js
[2017-02-24 18:32:23.354] [INFO] normal - GET /lib/bootstrap.min.js
[2017-02-24 18:32:23.355] [INFO] normal - GET /lib/layer.js
[2017-02-24 18:32:23.356] [INFO] normal - GET /lib/jquery.form.min.js
[2017-02-24 18:32:23.357] [INFO] normal - GET /js/index.js
[2017-02-24 18:32:23.359] [INFO] normal - GET /images/logo.png
[2017-02-24 18:32:23.386] [INFO] normal - GET /lib/skin/default/layer.css?v=3.0.11110
[2017-02-24 18:32:23.388] [INFO] normal - GET /images/1487644945138_3.jpg
[2017-02-24 18:32:23.392] [INFO] normal - GET /images/arr.png
[2017-02-24 18:32:23.394] [INFO] normal - GET /images/dg.png
[2017-02-24 18:32:23.395] [INFO] normal - GET /images/add.png
[2017-02-24 18:32:23.396] [INFO] normal - GET /images/dgs.png
[2017-02-24 18:32:23.396] [INFO] normal - GET /images/delete.png
