[2017-05-22 11:14:40.949] [INFO] normal - GET /
[2017-05-22 11:14:41.169] [INFO] normal - GET /users/login
[2017-05-22 11:14:41.180] [INFO] normal - GET /css/bootstrap.min.css
[2017-05-22 11:14:41.185] [INFO] normal - GET /lib/jquery.min.js
[2017-05-22 11:14:41.186] [INFO] normal - GET /lib/bootstrap.min.js
[2017-05-22 11:14:41.188] [INFO] normal - GET /lib/layer.js
[2017-05-22 11:14:41.190] [INFO] normal - GET /css/index.css
[2017-05-22 11:14:41.198] [INFO] normal - GET /images/logo.png
[2017-05-22 11:14:41.230] [INFO] normal - GET /lib/skin/default/layer.css?v=3.0.11110
[2017-05-22 11:14:41.233] [INFO] normal - GET /images/arr.png
[2017-05-22 11:14:41.376] [INFO] normal - GET /favicon.ico
[2017-05-22 11:14:42.557] [INFO] normal - POST /users/login
[2017-05-22 11:14:42.941] [INFO] normal - GET /
[2017-05-22 11:14:42.952] [INFO] normal - GET /css/bootstrap.min.css
[2017-05-22 11:14:42.956] [INFO] normal - GET /css/index.css
[2017-05-22 11:14:42.958] [INFO] normal - GET /lib/jquery.min.js
[2017-05-22 11:14:42.959] [INFO] normal - GET /lib/bootstrap.min.js
[2017-05-22 11:14:42.960] [INFO] normal - GET /lib/layer.js
[2017-05-22 11:14:42.966] [INFO] normal - GET /lib/jquery.form.min.js
[2017-05-22 11:14:42.970] [INFO] normal - GET /js/index.js
[2017-05-22 11:14:42.974] [INFO] normal - GET /images/logo.png
[2017-05-22 11:14:42.978] [INFO] normal - GET /images/%E6%A8%A1%E6%9D%BF%E4%B8%80_s.png
[2017-05-22 11:14:42.983] [INFO] normal - GET /images/%E6%A8%A1%E6%9D%BF%E4%BA%8C_s.png
[2017-05-22 11:14:42.989] [INFO] normal - GET /lib/skin/default/layer.css?v=3.0.11110
[2017-05-22 11:14:42.990] [INFO] normal - GET /images/%E6%A8%A1%E6%9D%BF%E4%B8%89_s.png
[2017-05-22 11:14:42.995] [INFO] normal - GET /images/%E6%A8%A1%E6%9D%BF%E4%B8%80.png
[2017-05-22 11:14:42.996] [INFO] normal - GET /images/%E6%A8%A1%E6%9D%BF%E4%BA%8C.png
[2017-05-22 11:14:42.998] [INFO] normal - GET /images/%E6%A8%A1%E6%9D%BF%E4%B8%89.png
[2017-05-22 11:14:43.000] [INFO] normal - GET /images/arr.png
[2017-05-22 11:14:43.003] [INFO] normal - GET /images/add.png
[2017-05-22 11:14:43.006] [INFO] normal - GET /images/dg.png
[2017-05-22 11:14:43.010] [INFO] normal - GET /images/dgs.png
[2017-05-22 11:14:43.014] [INFO] normal - GET /images/delete.png
[2017-05-22 11:14:45.879] [INFO] normal - GET /pagelist
[2017-05-22 11:14:45.889] [INFO] normal - GET /css/bootstrap.min.css
[2017-05-22 11:14:45.892] [INFO] normal - GET /css/index.css
[2017-05-22 11:14:45.892] [INFO] normal - GET /lib/jquery.min.js
[2017-05-22 11:14:45.894] [INFO] normal - GET /lib/bootstrap.min.js
[2017-05-22 11:14:45.896] [INFO] normal - GET /lib/layer.js
[2017-05-22 11:14:45.899] [INFO] normal - GET /images/logo.png
[2017-05-22 11:14:45.913] [INFO] normal - GET /lib/skin/default/layer.css?v=3.0.11110
[2017-05-22 11:14:45.919] [INFO] normal - GET /images/arr.png
[2017-05-22 11:14:45.926] [INFO] normal - GET /images/icon2.png
[2017-05-22 11:14:45.927] [INFO] normal - GET /images/delete.png
[2017-05-22 11:14:45.929] [INFO] normal - GET /images/icon1.png
[2017-05-22 11:14:45.930] [INFO] normal - GET /images/icon3.png
[2017-05-22 11:14:47.089] [INFO] normal - GET /edit/591cfd61f8dcc5ed60a3ff7c
[2017-05-22 11:14:47.107] [INFO] normal - GET /css/bootstrap.min.css
[2017-05-22 11:14:47.108] [INFO] normal - GET /css/index.css
[2017-05-22 11:14:47.109] [INFO] normal - GET /lib/jquery.min.js
[2017-05-22 11:14:47.110] [INFO] normal - GET /lib/bootstrap.min.js
[2017-05-22 11:14:47.111] [INFO] normal - GET /lib/layer.js
[2017-05-22 11:14:47.117] [INFO] normal - GET /lib/jquery.form.min.js
[2017-05-22 11:14:47.120] [INFO] normal - GET /js/index.js
[2017-05-22 11:14:47.123] [INFO] normal - GET /images/logo.png
[2017-05-22 11:14:47.127] [INFO] normal - GET /images/%E6%A8%A1%E6%9D%BF%E4%B8%80_s.png
[2017-05-22 11:14:47.130] [INFO] normal - GET /images/%E6%A8%A1%E6%9D%BF%E4%BA%8C_s.png
[2017-05-22 11:14:47.139] [INFO] normal - GET /images/1495072079016_timg.jpg
[2017-05-22 11:14:47.149] [INFO] normal - GET /images/1495072096346_react-ie8.png
[2017-05-22 11:14:47.157] [INFO] normal - GET /lib/skin/default/layer.css?v=3.0.11110
[2017-05-22 11:14:47.159] [INFO] normal - GET /images/logo.png
[2017-05-22 11:14:47.162] [INFO] normal - GET /images/%E6%A8%A1%E6%9D%BF%E4%B8%80_s.png
[2017-05-22 11:14:47.163] [INFO] normal - GET /images/%E6%A8%A1%E6%9D%BF%E4%BA%8C_s.png
[2017-05-22 11:14:47.167] [INFO] normal - GET /images/%E6%A8%A1%E6%9D%BF%E4%B8%80.png
[2017-05-22 11:14:47.168] [INFO] normal - GET /images/%E6%A8%A1%E6%9D%BF%E4%B8%89_s.png
[2017-05-22 11:14:47.171] [INFO] normal - GET /images/%E6%A8%A1%E6%9D%BF%E4%BA%8C.png
[2017-05-22 11:14:47.177] [INFO] normal - GET /images/arr.png
[2017-05-22 11:14:47.178] [INFO] normal - GET /images/%E6%A8%A1%E6%9D%BF%E4%B8%89.png
[2017-05-22 11:14:47.179] [INFO] normal - GET /images/dg.png
[2017-05-22 11:14:47.186] [INFO] normal - GET /images/add.png
[2017-05-22 11:14:47.188] [INFO] normal - GET /images/dgs.png
[2017-05-22 11:14:47.190] [INFO] normal - GET /images/delete.png
[2017-05-22 11:14:49.627] [INFO] normal - GET /submit/591cfd61f8dcc5ed60a3ff7c
[2017-05-22 11:14:49.628] [INFO] normal - GET /js/index2.min.js
[2017-05-22 11:14:49.639] [INFO] normal - GET /css/index3.css
[2017-05-22 11:14:49.693] [INFO] normal - GET /images/1495072079016_timg.jpg
[2017-05-22 11:14:49.699] [INFO] normal - GET /images/1495072096346_react-ie8.png
[2017-05-22 11:15:01.119] [INFO] normal - GET /
[2017-05-22 11:15:01.133] [INFO] normal - GET /css/bootstrap.min.css
[2017-05-22 11:15:01.134] [INFO] normal - GET /css/index.css
[2017-05-22 11:15:01.136] [INFO] normal - GET /lib/jquery.min.js
[2017-05-22 11:15:01.137] [INFO] normal - GET /lib/bootstrap.min.js
[2017-05-22 11:15:01.137] [INFO] normal - GET /lib/layer.js
[2017-05-22 11:15:01.140] [INFO] normal - GET /lib/jquery.form.min.js
[2017-05-22 11:15:01.144] [INFO] normal - GET /js/index.js
[2017-05-22 11:15:01.147] [INFO] normal - GET /images/logo.png
[2017-05-22 11:15:01.152] [INFO] normal - GET /images/%E6%A8%A1%E6%9D%BF%E4%B8%80_s.png
[2017-05-22 11:15:01.156] [INFO] normal - GET /images/%E6%A8%A1%E6%9D%BF%E4%BA%8C_s.png
[2017-05-22 11:15:01.159] [INFO] normal - GET /images/%E6%A8%A1%E6%9D%BF%E4%B8%89_s.png
[2017-05-22 11:15:01.163] [INFO] normal - GET /images/%E6%A8%A1%E6%9D%BF%E4%B8%80.png
[2017-05-22 11:15:01.179] [INFO] normal - GET /lib/skin/default/layer.css?v=3.0.11110
[2017-05-22 11:15:01.183] [INFO] normal - GET /images/%E6%A8%A1%E6%9D%BF%E4%BA%8C.png
[2017-05-22 11:15:01.185] [INFO] normal - GET /images/%E6%A8%A1%E6%9D%BF%E4%B8%89.png
[2017-05-22 11:37:39.528] [INFO] normal - GET /
[2017-05-22 11:37:39.542] [INFO] normal - GET /css/bootstrap.min.css
[2017-05-22 11:37:39.543] [INFO] normal - GET /css/index.css
[2017-05-22 11:37:39.544] [INFO] normal - GET /lib/jquery.min.js
[2017-05-22 11:37:39.545] [INFO] normal - GET /lib/bootstrap.min.js
[2017-05-22 11:37:39.547] [INFO] normal - GET /lib/layer.js
[2017-05-22 11:37:39.552] [INFO] normal - GET /lib/jquery.form.min.js
[2017-05-22 11:37:39.557] [INFO] normal - GET /js/index.js
[2017-05-22 11:37:39.563] [INFO] normal - GET /images/logo.png
[2017-05-22 11:37:39.567] [INFO] normal - GET /images/%E6%A8%A1%E6%9D%BF%E4%B8%80_s.png
[2017-05-22 11:37:39.574] [INFO] normal - GET /lib/skin/default/layer.css?v=3.0.11110
[2017-05-22 11:37:39.574] [INFO] normal - GET /images/%E6%A8%A1%E6%9D%BF%E4%BA%8C_s.png
[2017-05-22 11:37:39.583] [INFO] normal - GET /images/%E6%A8%A1%E6%9D%BF%E4%B8%89_s.png
[2017-05-22 11:37:39.584] [INFO] normal - GET /images/%E6%A8%A1%E6%9D%BF%E4%B8%80.png
[2017-05-22 11:37:39.585] [INFO] normal - GET /images/%E6%A8%A1%E6%9D%BF%E4%BA%8C.png
[2017-05-22 11:37:39.587] [INFO] normal - GET /images/%E6%A8%A1%E6%9D%BF%E4%B8%89.png
[2017-05-22 15:55:18.291] [INFO] normal - GET /pagelist
[2017-05-22 15:55:18.304] [INFO] normal - GET /css/bootstrap.min.css
[2017-05-22 15:55:18.307] [INFO] normal - GET /css/index.css
[2017-05-22 15:55:18.309] [INFO] normal - GET /lib/jquery.min.js
[2017-05-22 15:55:18.310] [INFO] normal - GET /lib/bootstrap.min.js
[2017-05-22 15:55:18.310] [INFO] normal - GET /lib/layer.js
[2017-05-22 15:55:18.316] [INFO] normal - GET /images/logo.png
[2017-05-22 15:55:18.331] [INFO] normal - GET /lib/skin/default/layer.css?v=3.0.11110
[2017-05-22 16:13:28.769] [INFO] normal - GET /pagelist
[2017-05-22 16:13:28.780] [INFO] normal - GET /css/bootstrap.min.css
[2017-05-22 16:13:28.780] [INFO] normal - GET /css/index.css
[2017-05-22 16:13:28.781] [INFO] normal - GET /lib/jquery.min.js
[2017-05-22 16:13:28.784] [INFO] normal - GET /lib/bootstrap.min.js
[2017-05-22 16:13:28.785] [INFO] normal - GET /lib/layer.js
[2017-05-22 16:13:28.789] [INFO] normal - GET /images/logo.png
[2017-05-22 16:13:28.802] [INFO] normal - GET /lib/skin/default/layer.css?v=3.0.11110
