[2017-05-18 08:48:43.460] [INFO] normal - GET /
[2017-05-18 08:48:43.635] [INFO] normal - GET /users/login
[2017-05-18 08:48:43.648] [INFO] normal - GET /css/bootstrap.min.css
[2017-05-18 08:48:43.651] [INFO] normal - GET /css/index.css
[2017-05-18 08:48:43.652] [INFO] normal - GET /lib/jquery.min.js
[2017-05-18 08:48:43.654] [INFO] normal - GET /lib/bootstrap.min.js
[2017-05-18 08:48:43.655] [INFO] normal - GET /lib/layer.js
[2017-05-18 08:48:43.660] [INFO] normal - GET /images/logo.png
[2017-05-18 08:48:43.677] [INFO] normal - GET /lib/skin/default/layer.css?v=3.0.11110
[2017-05-18 08:48:43.680] [INFO] normal - GET /images/arr.png
[2017-05-18 08:48:45.132] [INFO] normal - POST /users/login
[2017-05-18 08:48:45.633] [INFO] normal - GET /
[2017-05-18 08:48:45.646] [INFO] normal - GET /css/bootstrap.min.css
[2017-05-18 08:48:45.648] [INFO] normal - GET /css/index.css
[2017-05-18 08:48:45.651] [INFO] normal - GET /lib/jquery.min.js
[2017-05-18 08:48:45.652] [INFO] normal - GET /lib/bootstrap.min.js
[2017-05-18 08:48:45.654] [INFO] normal - GET /lib/layer.js
[2017-05-18 08:48:45.661] [INFO] normal - GET /lib/jquery.form.min.js
[2017-05-18 08:48:45.669] [INFO] normal - GET /js/index.js
[2017-05-18 08:48:45.678] [INFO] normal - GET /images/logo.png
[2017-05-18 08:48:45.679] [INFO] normal - GET /lib/skin/default/layer.css?v=3.0.11110
[2017-05-18 08:48:45.685] [INFO] normal - GET /images/%E6%A8%A1%E6%9D%BF%E4%B8%80_s.png
[2017-05-18 08:48:45.687] [INFO] normal - GET /images/%E6%A8%A1%E6%9D%BF%E4%BA%8C_s.png
[2017-05-18 08:48:45.688] [INFO] normal - GET /images/%E6%A8%A1%E6%9D%BF%E4%B8%89_s.png
[2017-05-18 08:48:45.689] [INFO] normal - GET /images/%E6%A8%A1%E6%9D%BF%E4%B8%80.png
[2017-05-18 08:48:45.692] [INFO] normal - GET /images/%E6%A8%A1%E6%9D%BF%E4%BA%8C.png
[2017-05-18 08:48:45.693] [INFO] normal - GET /images/%E6%A8%A1%E6%9D%BF%E4%B8%89.png
[2017-05-18 08:48:45.700] [INFO] normal - GET /images/arr.png
[2017-05-18 08:48:45.703] [INFO] normal - GET /images/dg.png
[2017-05-18 08:48:45.706] [INFO] normal - GET /images/add.png
[2017-05-18 08:48:45.709] [INFO] normal - GET /images/delete.png
[2017-05-18 08:48:45.711] [INFO] normal - GET /images/dgs.png
[2017-05-18 08:59:44.640] [INFO] normal - GET /css/bootstrap.min.css
[2017-05-18 08:59:44.641] [INFO] normal - GET /css/index.css
[2017-05-18 08:59:44.642] [INFO] normal - GET /lib/skin/default/layer.css?v=3.0.11110
[2017-05-18 09:00:30.652] [INFO] normal - GET /
[2017-05-18 09:00:30.669] [INFO] normal - GET /css/bootstrap.min.css
[2017-05-18 09:00:30.676] [INFO] normal - GET /css/index.css
[2017-05-18 09:00:30.677] [INFO] normal - GET /lib/jquery.min.js
[2017-05-18 09:00:30.678] [INFO] normal - GET /lib/bootstrap.min.js
[2017-05-18 09:00:30.681] [INFO] normal - GET /lib/layer.js
[2017-05-18 09:00:30.686] [INFO] normal - GET /lib/jquery.form.min.js
[2017-05-18 09:00:30.698] [INFO] normal - GET /js/index.js
[2017-05-18 09:00:30.728] [INFO] normal - GET /images/logo.png
[2017-05-18 09:00:30.736] [INFO] normal - GET /images/%E6%A8%A1%E6%9D%BF%E4%B8%80_s.png
[2017-05-18 09:00:30.744] [INFO] normal - GET /images/%E6%A8%A1%E6%9D%BF%E4%BA%8C_s.png
[2017-05-18 09:00:30.831] [INFO] normal - GET /images/%E6%A8%A1%E6%9D%BF%E4%B8%89_s.png
[2017-05-18 09:00:30.834] [INFO] normal - GET /lib/jquery.min.map
[2017-05-18 09:00:30.835] [INFO] normal - GET /lib/skin/default/layer.css?v=3.0.11110
[2017-05-18 09:00:30.837] [INFO] normal - GET /images/dg.png
[2017-05-18 09:00:30.839] [INFO] normal - GET /images/arr.png
[2017-05-18 09:00:30.855] [INFO] normal - GET /images/%E6%A8%A1%E6%9D%BF%E4%B8%80.png
[2017-05-18 09:00:30.856] [INFO] normal - GET /images/%E6%A8%A1%E6%9D%BF%E4%BA%8C.png
[2017-05-18 09:00:30.876] [INFO] normal - GET /images/%E6%A8%A1%E6%9D%BF%E4%B8%89.png
[2017-05-18 09:00:30.878] [INFO] normal - GET /images/add.png
[2017-05-18 09:00:30.881] [INFO] normal - GET /images/dgs.png
[2017-05-18 09:00:30.889] [INFO] normal - GET /images/delete.png
[2017-05-18 09:06:52.993] [INFO] normal - GET /
[2017-05-18 09:06:53.020] [INFO] normal - GET /css/bootstrap.min.css
[2017-05-18 09:06:53.025] [INFO] normal - GET /lib/jquery.min.js
[2017-05-18 09:06:53.026] [INFO] normal - GET /lib/bootstrap.min.js
[2017-05-18 09:06:53.028] [INFO] normal - GET /css/index.css
[2017-05-18 09:06:53.037] [INFO] normal - GET /lib/layer.js
[2017-05-18 09:06:53.144] [INFO] normal - GET /lib/jquery.form.min.js
[2017-05-18 09:06:53.153] [INFO] normal - GET /lib/skin/default/layer.css?v=3.0.11110
[2017-05-18 09:06:53.169] [INFO] normal - GET /js/index.js
[2017-05-18 09:06:53.170] [INFO] normal - GET /images/add.png
[2017-05-18 09:06:53.171] [INFO] normal - GET /images/%E6%A8%A1%E6%9D%BF%E4%B8%89_s.png
[2017-05-18 09:06:53.172] [INFO] normal - GET /images/logo.png
[2017-05-18 09:06:53.173] [INFO] normal - GET /images/%E6%A8%A1%E6%9D%BF%E4%B8%80_s.png
[2017-05-18 09:06:53.174] [INFO] normal - GET /images/dg.png
[2017-05-18 09:06:53.283] [INFO] normal - GET /images/arr.png
[2017-05-18 09:06:53.284] [INFO] normal - GET /images/delete.png
[2017-05-18 09:06:53.286] [INFO] normal - GET /images/dgs.png
[2017-05-18 09:06:53.286] [INFO] normal - GET /images/%E6%A8%A1%E6%9D%BF%E4%BA%8C_s.png
[2017-05-18 09:06:53.361] [INFO] normal - GET /lib/jquery.min.map
[2017-05-18 09:06:53.362] [INFO] normal - GET /images/%E6%A8%A1%E6%9D%BF%E4%B8%80.png
[2017-05-18 09:06:53.363] [INFO] normal - GET /images/%E6%A8%A1%E6%9D%BF%E4%BA%8C.png
[2017-05-18 09:06:53.364] [INFO] normal - GET /images/%E6%A8%A1%E6%9D%BF%E4%B8%89.png
[2017-05-18 09:47:18.410] [INFO] normal - GET /
[2017-05-18 09:47:18.431] [INFO] normal - GET /css/bootstrap.min.css
[2017-05-18 09:47:18.435] [INFO] normal - GET /css/index.css
[2017-05-18 09:47:18.436] [INFO] normal - GET /lib/jquery.min.js
[2017-05-18 09:47:18.437] [INFO] normal - GET /lib/bootstrap.min.js
[2017-05-18 09:47:18.440] [INFO] normal - GET /lib/layer.js
[2017-05-18 09:47:18.444] [INFO] normal - GET /lib/jquery.form.min.js
[2017-05-18 09:47:18.451] [INFO] normal - GET /js/index.js
[2017-05-18 09:47:18.458] [INFO] normal - GET /images/logo.png
[2017-05-18 09:47:18.465] [INFO] normal - GET /images/%E6%A8%A1%E6%9D%BF%E4%B8%80_s.png
[2017-05-18 09:47:18.475] [INFO] normal - GET /images/%E6%A8%A1%E6%9D%BF%E4%BA%8C_s.png
[2017-05-18 09:47:18.482] [INFO] normal - GET /images/%E6%A8%A1%E6%9D%BF%E4%B8%89_s.png
[2017-05-18 09:47:18.492] [INFO] normal - GET /images/%E6%A8%A1%E6%9D%BF%E4%B8%80.png
[2017-05-18 09:47:18.496] [INFO] normal - GET /lib/skin/default/layer.css?v=3.0.11110
[2017-05-18 09:47:18.500] [INFO] normal - GET /images/%E6%A8%A1%E6%9D%BF%E4%BA%8C.png
[2017-05-18 09:47:18.503] [INFO] normal - GET /images/%E6%A8%A1%E6%9D%BF%E4%B8%89.png
[2017-05-18 09:47:18.510] [INFO] normal - GET /images/arr.png
[2017-05-18 09:47:18.513] [INFO] normal - GET /images/dg.png
[2017-05-18 09:47:18.515] [INFO] normal - GET /images/add.png
[2017-05-18 09:47:18.517] [INFO] normal - GET /images/dgs.png
[2017-05-18 09:47:18.518] [INFO] normal - GET /images/delete.png
[2017-05-18 09:47:59.041] [INFO] normal - POST /uploadFile
[2017-05-18 09:47:59.052] [INFO] normal - GET /images/1495072079016_timg.jpg
[2017-05-18 09:48:16.359] [INFO] normal - POST /uploadFile
[2017-05-18 09:48:16.365] [INFO] normal - GET /images/1495072096346_react-ie8.png
[2017-05-18 09:48:17.311] [INFO] normal - POST /submit
[2017-05-18 09:48:17.615] [INFO] normal - GET /submit/591cfd61f8dcc5ed60a3ff7c
[2017-05-18 09:48:17.618] [INFO] normal - GET /css/index3.css
[2017-05-18 09:48:17.620] [INFO] normal - GET /js/index2.min.js
[2017-05-18 09:48:17.627] [INFO] normal - GET /images/1495072079016_timg.jpg
[2017-05-18 09:48:17.630] [INFO] normal - GET /images/1495072096346_react-ie8.png
[2017-05-18 09:49:45.116] [INFO] normal - GET /submit/591cfd61f8dcc5ed60a3ff7c
[2017-05-18 09:49:45.117] [INFO] normal - GET /css/index3.css
[2017-05-18 09:49:45.119] [INFO] normal - GET /js/index2.min.js
[2017-05-18 09:49:45.121] [INFO] normal - GET /images/1495072079016_timg.jpg
[2017-05-18 09:49:45.125] [INFO] normal - GET /images/1495072096346_react-ie8.png
[2017-05-18 09:50:31.965] [INFO] normal - GET /pagelist
[2017-05-18 09:50:31.979] [INFO] normal - GET /css/bootstrap.min.css
[2017-05-18 09:50:31.981] [INFO] normal - GET /css/index.css
[2017-05-18 09:50:31.984] [INFO] normal - GET /lib/jquery.min.js
[2017-05-18 09:50:31.989] [INFO] normal - GET /lib/bootstrap.min.js
[2017-05-18 09:50:31.991] [INFO] normal - GET /lib/layer.js
[2017-05-18 09:50:31.997] [INFO] normal - GET /images/logo.png
[2017-05-18 09:50:32.012] [INFO] normal - GET /lib/skin/default/layer.css?v=3.0.11110
[2017-05-18 09:50:32.020] [INFO] normal - GET /images/icon1.png
[2017-05-18 09:50:32.023] [INFO] normal - GET /images/delete.png
[2017-05-18 09:50:32.024] [INFO] normal - GET /images/icon2.png
[2017-05-18 09:50:32.026] [INFO] normal - GET /images/icon3.png
[2017-05-18 09:50:35.317] [INFO] normal - GET /pagelist/delete/591c1b0ea198c1d51c2bac48
[2017-05-18 09:50:35.429] [INFO] normal - GET /pagelist
[2017-05-18 09:50:35.447] [INFO] normal - GET /css/bootstrap.min.css
[2017-05-18 09:50:35.448] [INFO] normal - GET /css/index.css
[2017-05-18 09:50:35.451] [INFO] normal - GET /lib/jquery.min.js
[2017-05-18 09:50:35.458] [INFO] normal - GET /lib/bootstrap.min.js
[2017-05-18 09:50:35.460] [INFO] normal - GET /lib/layer.js
[2017-05-18 09:50:35.466] [INFO] normal - GET /images/logo.png
[2017-05-18 09:50:35.477] [INFO] normal - GET /lib/skin/default/layer.css?v=3.0.11110
[2017-05-18 09:50:36.628] [INFO] normal - GET /submit/591cfd61f8dcc5ed60a3ff7c
[2017-05-18 09:50:36.638] [INFO] normal - GET /css/index3.css
[2017-05-18 09:50:36.639] [INFO] normal - GET /js/index2.min.js
[2017-05-18 09:50:36.646] [INFO] normal - GET /images/1495072079016_timg.jpg
[2017-05-18 09:50:36.651] [INFO] normal - GET /images/1495072096346_react-ie8.png
[2017-05-18 09:50:39.378] [INFO] normal - GET /pagelist/download/591cfd61f8dcc5ed60a3ff7c
