[2017-05-19 17:45:27.295] [INFO] normal - GET /
[2017-05-19 17:45:27.314] [INFO] normal - GET /css/bootstrap.min.css
[2017-05-19 17:45:27.315] [INFO] normal - GET /lib/bootstrap.min.js
[2017-05-19 17:45:27.319] [INFO] normal - GET /lib/jquery.min.js
[2017-05-19 17:45:27.322] [INFO] normal - GET /lib/layer.js
[2017-05-19 17:45:27.329] [INFO] normal - GET /css/index.css
[2017-05-19 17:45:27.334] [INFO] normal - GET /lib/jquery.form.min.js
[2017-05-19 17:45:27.341] [INFO] normal - GET /js/index.js
[2017-05-19 17:45:27.355] [INFO] normal - GET /images/logo.png
[2017-05-19 17:45:27.363] [INFO] normal - GET /images/%E6%A8%A1%E6%9D%BF%E4%B8%80_s.png
[2017-05-19 17:45:27.377] [INFO] normal - GET /images/%E6%A8%A1%E6%9D%BF%E4%BA%8C_s.png
[2017-05-19 17:45:27.384] [INFO] normal - GET /images/%E6%A8%A1%E6%9D%BF%E4%B8%89_s.png
[2017-05-19 17:45:27.389] [INFO] normal - GET /images/%E6%A8%A1%E6%9D%BF%E4%B8%80.png
[2017-05-19 17:45:27.397] [INFO] normal - GET /lib/skin/default/layer.css?v=3.0.11110
[2017-05-19 17:45:27.401] [INFO] normal - GET /images/%E6%A8%A1%E6%9D%BF%E4%BA%8C.png
[2017-05-19 17:45:27.409] [INFO] normal - GET /images/arr.png
[2017-05-19 17:45:27.410] [INFO] normal - GET /images/%E6%A8%A1%E6%9D%BF%E4%B8%89.png
[2017-05-19 17:45:27.411] [INFO] normal - GET /images/dg.png
[2017-05-19 17:45:27.412] [INFO] normal - GET /images/add.png
[2017-05-19 17:45:27.418] [INFO] normal - GET /images/dgs.png
[2017-05-19 17:45:27.421] [INFO] normal - GET /images/delete.png
[2017-05-19 17:46:00.331] [INFO] normal - POST /uploadFile
[2017-05-19 17:46:00.342] [INFO] normal - GET /images/1495187160306_timg.jpg
[2017-05-19 17:46:05.841] [INFO] normal - GET /pagelist
[2017-05-19 17:46:05.850] [INFO] normal - GET /css/bootstrap.min.css
[2017-05-19 17:46:05.859] [INFO] normal - GET /css/index.css
[2017-05-19 17:46:05.861] [INFO] normal - GET /lib/jquery.min.js
[2017-05-19 17:46:05.862] [INFO] normal - GET /lib/bootstrap.min.js
[2017-05-19 17:46:05.863] [INFO] normal - GET /lib/layer.js
[2017-05-19 17:46:05.866] [INFO] normal - GET /images/logo.png
[2017-05-19 17:46:05.895] [INFO] normal - GET /lib/skin/default/layer.css?v=3.0.11110
[2017-05-19 17:46:05.902] [INFO] normal - GET /images/arr.png
[2017-05-19 17:46:05.907] [INFO] normal - GET /images/icon1.png
[2017-05-19 17:46:05.908] [INFO] normal - GET /images/delete.png
[2017-05-19 17:46:05.909] [INFO] normal - GET /images/icon3.png
[2017-05-19 17:46:05.910] [INFO] normal - GET /images/icon2.png
[2017-05-19 17:46:07.941] [INFO] normal - GET /submit/591cfd61f8dcc5ed60a3ff7c
[2017-05-19 17:46:07.946] [INFO] normal - GET /css/index3.css
[2017-05-19 17:46:07.949] [INFO] normal - GET /js/index2.min.js
[2017-05-19 17:46:07.959] [INFO] normal - GET /images/1495072079016_timg.jpg
[2017-05-19 17:46:07.970] [INFO] normal - GET /images/1495072096346_react-ie8.png
[2017-05-19 17:46:12.688] [INFO] normal - GET /submit/591cfd61f8dcc5ed60a3ff7c
[2017-05-19 17:46:12.699] [INFO] normal - GET /css/index3.css
[2017-05-19 17:46:12.700] [INFO] normal - GET /js/index2.min.js
[2017-05-19 17:46:12.704] [INFO] normal - GET /images/1495072079016_timg.jpg
[2017-05-19 17:46:12.709] [INFO] normal - GET /images/1495072096346_react-ie8.png
[2017-05-19 17:46:15.971] [INFO] normal - GET /js/index2.min.js
[2017-05-19 17:46:15.974] [INFO] normal - GET /submit/591eb507c8545b5e78240eb8
[2017-05-19 17:46:15.975] [INFO] normal - GET /css/index2.css
[2017-05-19 17:46:16.018] [INFO] normal - GET /images/1495184626831_timg.jpg
[2017-05-19 17:46:19.643] [INFO] normal - GET /submit/591eb507c8545b5e78240eb8
[2017-05-19 17:46:19.654] [INFO] normal - GET /css/index2.css
[2017-05-19 17:46:19.657] [INFO] normal - GET /js/index2.min.js
[2017-05-19 17:46:19.697] [INFO] normal - GET /images/1495184626831_timg.jpg
[2017-05-19 17:46:19.760] [INFO] normal - GET /images/1495184646192_react-ie8.png
[2017-05-19 17:46:25.171] [INFO] normal - GET /css/index2.css
[2017-05-19 17:46:27.551] [INFO] normal - GET /pagelist
[2017-05-19 17:46:27.570] [INFO] normal - GET /css/index.css
[2017-05-19 17:46:27.578] [INFO] normal - GET /lib/layer.js
[2017-05-19 17:46:27.581] [INFO] normal - GET /css/bootstrap.min.css
[2017-05-19 17:46:27.586] [INFO] normal - GET /lib/bootstrap.min.js
[2017-05-19 17:46:27.590] [INFO] normal - GET /lib/jquery.min.js
[2017-05-19 17:46:27.618] [INFO] normal - GET /images/logo.png
[2017-05-19 17:46:27.664] [INFO] normal - GET /lib/skin/default/layer.css?v=3.0.11110
[2017-05-19 17:46:27.703] [INFO] normal - GET /lib/jquery.min.map
[2017-05-19 17:46:27.709] [INFO] normal - GET /images/icon1.png
[2017-05-19 17:46:27.714] [INFO] normal - GET /images/icon2.png
[2017-05-19 17:46:27.715] [INFO] normal - GET /images/icon3.png
[2017-05-19 17:46:27.716] [INFO] normal - GET /images/delete.png
[2017-05-19 17:46:27.717] [INFO] normal - GET /images/arr.png
[2017-05-19 17:46:29.584] [INFO] normal - GET /pagelist/delete/591eb507c8545b5e78240eb8
[2017-05-19 17:46:29.637] [INFO] normal - GET /pagelist
[2017-05-19 17:46:29.659] [INFO] normal - GET /css/index.css
[2017-05-19 17:46:29.660] [INFO] normal - GET /css/bootstrap.min.css
[2017-05-19 17:46:29.662] [INFO] normal - GET /lib/bootstrap.min.js
[2017-05-19 17:46:29.663] [INFO] normal - GET /lib/layer.js
[2017-05-19 17:46:29.672] [INFO] normal - GET /lib/jquery.min.js
[2017-05-19 17:46:29.684] [INFO] normal - GET /images/logo.png
[2017-05-19 17:46:29.747] [INFO] normal - GET /lib/skin/default/layer.css?v=3.0.11110
[2017-05-19 17:46:29.795] [INFO] normal - GET /lib/jquery.min.map
[2017-05-19 17:46:29.800] [INFO] normal - GET /images/arr.png
[2017-05-19 17:46:29.803] [INFO] normal - GET /images/icon1.png
[2017-05-19 17:46:29.807] [INFO] normal - GET /images/icon2.png
[2017-05-19 17:46:29.808] [INFO] normal - GET /images/icon3.png
[2017-05-19 17:46:29.810] [INFO] normal - GET /images/delete.png
[2017-05-19 17:46:34.149] [INFO] normal - GET /submit/591cfd61f8dcc5ed60a3ff7c
[2017-05-19 17:46:34.152] [INFO] normal - GET /css/index3.css
[2017-05-19 17:46:34.160] [INFO] normal - GET /js/index2.min.js
[2017-05-19 17:46:34.203] [INFO] normal - GET /images/1495072079016_timg.jpg
[2017-05-19 17:46:34.205] [INFO] normal - GET /images/1495072096346_react-ie8.png
[2017-05-19 17:52:25.846] [INFO] normal - GET /pagelist
[2017-05-19 17:52:25.874] [INFO] normal - GET /css/index.css
[2017-05-19 17:52:25.876] [INFO] normal - GET /lib/bootstrap.min.js
[2017-05-19 17:52:25.876] [INFO] normal - GET /lib/layer.js
[2017-05-19 17:52:25.877] [INFO] normal - GET /css/bootstrap.min.css
[2017-05-19 17:52:25.885] [INFO] normal - GET /lib/jquery.min.js
[2017-05-19 17:52:25.899] [INFO] normal - GET /images/logo.png
[2017-05-19 17:52:25.971] [INFO] normal - GET /lib/skin/default/layer.css?v=3.0.11110
[2017-05-19 17:52:26.126] [INFO] normal - GET /lib/jquery.min.map
[2017-05-19 17:52:26.128] [INFO] normal - GET /images/arr.png
[2017-05-19 17:52:26.131] [INFO] normal - GET /images/icon1.png
[2017-05-19 17:52:26.133] [INFO] normal - GET /images/icon2.png
[2017-05-19 17:52:26.136] [INFO] normal - GET /images/icon3.png
[2017-05-19 17:52:26.137] [INFO] normal - GET /images/delete.png
