[2017-02-28 10:27:22.954] [INFO] normal - GET /
[2017-02-28 10:27:23.096] [INFO] normal - GET /users/login
[2017-02-28 10:27:23.104] [INFO] normal - GET /css/index.css
[2017-02-28 10:27:23.105] [INFO] normal - GET /lib/bootstrap.min.js
[2017-02-28 10:27:23.106] [INFO] normal - GET /lib/layer.js
[2017-02-28 10:27:23.107] [INFO] normal - GET /lib/jquery.min.js
[2017-02-28 10:27:23.108] [INFO] normal - GET /css/bootstrap.min.css
[2017-02-28 10:27:23.109] [INFO] normal - GET /images/logo.png
[2017-02-28 10:27:23.145] [INFO] normal - GET /lib/skin/default/layer.css?v=3.0.11110
[2017-02-28 10:27:23.146] [INFO] normal - GET /images/arr.png
[2017-02-28 10:27:23.224] [INFO] normal - GET /favicon.ico
[2017-02-28 10:27:27.980] [INFO] normal - POST /users/login
[2017-02-28 10:27:28.230] [INFO] normal - GET /
[2017-02-28 10:27:28.236] [INFO] normal - GET /css/bootstrap.min.css
[2017-02-28 10:27:28.236] [INFO] normal - GET /css/index.css
[2017-02-28 10:27:28.238] [INFO] normal - GET /lib/jquery.min.js
[2017-02-28 10:27:28.238] [INFO] normal - GET /lib/bootstrap.min.js
[2017-02-28 10:27:28.239] [INFO] normal - GET /lib/layer.js
[2017-02-28 10:27:28.240] [INFO] normal - GET /lib/jquery.form.min.js
[2017-02-28 10:27:28.242] [INFO] normal - GET /js/index.js
[2017-02-28 10:27:28.243] [INFO] normal - GET /images/logo.png
[2017-02-28 10:27:28.263] [INFO] normal - GET /images/%E6%A8%A1%E6%9D%BF%E4%B8%80_s.png
[2017-02-28 10:27:28.272] [INFO] normal - GET /lib/skin/default/layer.css?v=3.0.11110
[2017-02-28 10:27:28.278] [INFO] normal - GET /images/%E6%A8%A1%E6%9D%BF%E4%BA%8C_s.png
[2017-02-28 10:27:28.282] [INFO] normal - GET /images/arr.png
[2017-02-28 10:27:28.285] [INFO] normal - GET /images/dg.png
[2017-02-28 10:27:28.285] [INFO] normal - GET /images/add.png
[2017-02-28 10:27:28.286] [INFO] normal - GET /images/dgs.png
[2017-02-28 10:27:28.286] [INFO] normal - GET /images/delete.png
[2017-02-28 10:27:28.290] [INFO] normal - GET /images/%E6%A8%A1%E6%9D%BF%E4%B8%89_s.png
[2017-02-28 10:27:58.807] [INFO] normal - GET /pagelist
[2017-02-28 10:27:58.811] [INFO] normal - GET /css/bootstrap.min.css
[2017-02-28 10:27:58.812] [INFO] normal - GET /css/index.css
[2017-02-28 10:27:58.814] [INFO] normal - GET /lib/jquery.min.js
[2017-02-28 10:27:58.814] [INFO] normal - GET /lib/bootstrap.min.js
[2017-02-28 10:27:58.815] [INFO] normal - GET /lib/layer.js
[2017-02-28 10:27:58.816] [INFO] normal - GET /images/logo.png
[2017-02-28 10:27:58.828] [INFO] normal - GET /lib/skin/default/layer.css?v=3.0.11110
[2017-02-28 10:27:58.832] [INFO] normal - GET /images/arr.png
[2017-02-28 10:27:58.834] [INFO] normal - GET /images/delete.png
[2017-02-28 10:27:58.835] [INFO] normal - GET /images/icon1.png
[2017-02-28 10:27:58.835] [INFO] normal - GET /images/icon2.png
[2017-02-28 10:27:58.836] [INFO] normal - GET /images/icon3.png
[2017-02-28 10:27:58.836] [INFO] normal - GET /images/fill.png
[2017-02-28 10:28:58.787] [INFO] normal - GET /
[2017-02-28 10:28:58.793] [INFO] normal - GET /css/bootstrap.min.css
[2017-02-28 10:28:58.794] [INFO] normal - GET /css/index.css
[2017-02-28 10:28:58.795] [INFO] normal - GET /lib/jquery.min.js
[2017-02-28 10:28:58.795] [INFO] normal - GET /lib/bootstrap.min.js
[2017-02-28 10:28:58.796] [INFO] normal - GET /lib/layer.js
[2017-02-28 10:28:58.797] [INFO] normal - GET /lib/jquery.form.min.js
[2017-02-28 10:28:58.798] [INFO] normal - GET /js/index.js
[2017-02-28 10:28:58.799] [INFO] normal - GET /images/logo.png
[2017-02-28 10:28:58.800] [INFO] normal - GET /images/%E6%A8%A1%E6%9D%BF%E4%B8%80_s.png
[2017-02-28 10:28:58.802] [INFO] normal - GET /images/%E6%A8%A1%E6%9D%BF%E4%BA%8C_s.png
[2017-02-28 10:28:58.803] [INFO] normal - GET /images/%E6%A8%A1%E6%9D%BF%E4%B8%89_s.png
[2017-02-28 10:28:58.811] [INFO] normal - GET /lib/skin/default/layer.css?v=3.0.11110
[2017-02-28 10:28:58.818] [INFO] normal - GET /images/arr.png
[2017-02-28 10:28:58.818] [INFO] normal - GET /images/dg.png
[2017-02-28 10:28:58.820] [INFO] normal - GET /images/add.png
[2017-02-28 10:28:58.821] [INFO] normal - GET /images/dgs.png
[2017-02-28 10:28:58.821] [INFO] normal - GET /images/delete.png
[2017-02-28 10:32:08.229] [INFO] normal - GET /pagelist
[2017-02-28 10:32:08.234] [INFO] normal - GET /css/bootstrap.min.css
[2017-02-28 10:32:08.238] [INFO] normal - GET /css/index.css
[2017-02-28 10:32:08.239] [INFO] normal - GET /lib/jquery.min.js
[2017-02-28 10:32:08.240] [INFO] normal - GET /lib/bootstrap.min.js
[2017-02-28 10:32:08.240] [INFO] normal - GET /lib/layer.js
[2017-02-28 10:32:08.245] [INFO] normal - GET /images/logo.png
[2017-02-28 10:32:08.252] [INFO] normal - GET /lib/skin/default/layer.css?v=3.0.11110
[2017-02-28 10:32:08.256] [INFO] normal - GET /images/arr.png
[2017-02-28 10:32:08.257] [INFO] normal - GET /images/icon1.png
[2017-02-28 10:32:08.257] [INFO] normal - GET /images/icon2.png
[2017-02-28 10:32:08.257] [INFO] normal - GET /images/icon3.png
[2017-02-28 10:32:08.257] [INFO] normal - GET /images/delete.png
[2017-02-28 10:32:08.259] [INFO] normal - GET /images/fill.png
[2017-02-28 10:32:10.259] [INFO] normal - GET /pagelist/download/58b3f2113540d92968e6f7cb
[2017-02-28 10:33:36.300] [INFO] normal - GET /
[2017-02-28 10:33:36.306] [INFO] normal - GET /css/bootstrap.min.css
[2017-02-28 10:33:36.306] [INFO] normal - GET /css/index.css
[2017-02-28 10:33:36.308] [INFO] normal - GET /lib/bootstrap.min.js
[2017-02-28 10:33:36.308] [INFO] normal - GET /lib/jquery.min.js
[2017-02-28 10:33:36.308] [INFO] normal - GET /lib/layer.js
[2017-02-28 10:33:36.310] [INFO] normal - GET /lib/jquery.form.min.js
[2017-02-28 10:33:36.311] [INFO] normal - GET /js/index.js
[2017-02-28 10:33:36.312] [INFO] normal - GET /images/logo.png
[2017-02-28 10:33:36.313] [INFO] normal - GET /images/%E6%A8%A1%E6%9D%BF%E4%B8%80_s.png
[2017-02-28 10:33:36.314] [INFO] normal - GET /images/%E6%A8%A1%E6%9D%BF%E4%BA%8C_s.png
[2017-02-28 10:33:36.315] [INFO] normal - GET /images/%E6%A8%A1%E6%9D%BF%E4%B8%89_s.png
[2017-02-28 10:33:36.324] [INFO] normal - GET /lib/skin/default/layer.css?v=3.0.11110
[2017-02-28 10:33:36.327] [INFO] normal - GET /images/arr.png
[2017-02-28 10:33:36.329] [INFO] normal - GET /images/dg.png
[2017-02-28 10:33:36.330] [INFO] normal - GET /images/add.png
[2017-02-28 10:33:36.331] [INFO] normal - GET /images/dgs.png
[2017-02-28 10:33:36.331] [INFO] normal - GET /images/delete.png
[2017-02-28 15:03:59.671] [INFO] normal - GET /
[2017-02-28 15:03:59.679] [INFO] normal - GET /css/bootstrap.min.css
[2017-02-28 15:03:59.681] [INFO] normal - GET /css/index.css
[2017-02-28 15:03:59.682] [INFO] normal - GET /lib/jquery.min.js
[2017-02-28 15:03:59.683] [INFO] normal - GET /lib/bootstrap.min.js
[2017-02-28 15:03:59.683] [INFO] normal - GET /lib/layer.js
[2017-02-28 15:03:59.685] [INFO] normal - GET /lib/jquery.form.min.js
[2017-02-28 15:03:59.686] [INFO] normal - GET /js/index.js
[2017-02-28 15:03:59.687] [INFO] normal - GET /images/logo.png
[2017-02-28 15:03:59.688] [INFO] normal - GET /images/%E6%A8%A1%E6%9D%BF%E4%B8%80_s.png
[2017-02-28 15:03:59.690] [INFO] normal - GET /images/%E6%A8%A1%E6%9D%BF%E4%BA%8C_s.png
[2017-02-28 15:03:59.691] [INFO] normal - GET /images/%E6%A8%A1%E6%9D%BF%E4%B8%89_s.png
[2017-02-28 15:03:59.698] [INFO] normal - GET /lib/skin/default/layer.css?v=3.0.11110
[2017-02-28 15:03:59.701] [INFO] normal - GET /images/arr.png
[2017-02-28 15:03:59.702] [INFO] normal - GET /images/dg.png
[2017-02-28 15:03:59.703] [INFO] normal - GET /images/add.png
[2017-02-28 15:03:59.703] [INFO] normal - GET /images/dgs.png
[2017-02-28 15:03:59.704] [INFO] normal - GET /images/delete.png
[2017-02-28 15:04:01.008] [INFO] normal - GET /pagelist
[2017-02-28 15:04:01.015] [INFO] normal - GET /css/bootstrap.min.css
[2017-02-28 15:04:01.015] [INFO] normal - GET /css/index.css
[2017-02-28 15:04:01.015] [INFO] normal - GET /lib/jquery.min.js
[2017-02-28 15:04:01.017] [INFO] normal - GET /lib/bootstrap.min.js
[2017-02-28 15:04:01.017] [INFO] normal - GET /lib/layer.js
[2017-02-28 15:04:01.018] [INFO] normal - GET /images/logo.png
[2017-02-28 15:04:01.031] [INFO] normal - GET /lib/skin/default/layer.css?v=3.0.11110
[2017-02-28 15:04:01.033] [INFO] normal - GET /images/icon1.png
[2017-02-28 15:04:01.035] [INFO] normal - GET /images/icon2.png
[2017-02-28 15:04:01.036] [INFO] normal - GET /images/icon3.png
[2017-02-28 15:04:01.036] [INFO] normal - GET /images/delete.png
[2017-02-28 15:04:01.037] [INFO] normal - GET /images/fill.png
[2017-02-28 15:04:10.211] [INFO] normal - GET /pagelist
[2017-02-28 15:04:10.217] [INFO] normal - GET /css/bootstrap.min.css
[2017-02-28 15:04:10.219] [INFO] normal - GET /lib/bootstrap.min.js
[2017-02-28 15:04:10.220] [INFO] normal - GET /css/index.css
[2017-02-28 15:04:10.220] [INFO] normal - GET /lib/jquery.min.js
[2017-02-28 15:04:10.222] [INFO] normal - GET /lib/layer.js
[2017-02-28 15:04:10.222] [INFO] normal - GET /images/logo.png
[2017-02-28 15:04:10.233] [INFO] normal - GET /lib/skin/default/layer.css?v=3.0.11110
[2017-02-28 15:04:27.681] [INFO] normal - GET /pagelist
[2017-02-28 15:04:27.687] [INFO] normal - GET /css/bootstrap.min.css
[2017-02-28 15:04:27.689] [INFO] normal - GET /lib/jquery.min.js
[2017-02-28 15:04:27.690] [INFO] normal - GET /lib/bootstrap.min.js
[2017-02-28 15:04:27.690] [INFO] normal - GET /lib/layer.js
[2017-02-28 15:04:27.691] [INFO] normal - GET /css/index.css
[2017-02-28 15:04:27.692] [INFO] normal - GET /images/logo.png
[2017-02-28 15:04:27.702] [INFO] normal - GET /lib/skin/default/layer.css?v=3.0.11110
[2017-02-28 15:05:52.673] [INFO] normal - GET /pagelist/
[2017-02-28 15:05:52.680] [INFO] normal - GET /css/bootstrap.min.css
[2017-02-28 15:05:52.682] [INFO] normal - GET /css/index.css
[2017-02-28 15:05:52.683] [INFO] normal - GET /lib/jquery.min.js
[2017-02-28 15:05:52.684] [INFO] normal - GET /lib/bootstrap.min.js
[2017-02-28 15:05:52.684] [INFO] normal - GET /lib/layer.js
[2017-02-28 15:05:52.685] [INFO] normal - GET /images/logo.png
[2017-02-28 15:05:52.696] [INFO] normal - GET /lib/skin/default/layer.css?v=3.0.11110
[2017-02-28 15:05:52.698] [INFO] normal - GET /images/arr.png
[2017-02-28 15:05:52.699] [INFO] normal - GET /images/icon1.png
[2017-02-28 15:05:52.700] [INFO] normal - GET /images/icon2.png
[2017-02-28 15:05:52.701] [INFO] normal - GET /images/icon3.png
[2017-02-28 15:05:52.702] [INFO] normal - GET /images/delete.png
[2017-02-28 15:05:52.702] [INFO] normal - GET /images/fill.png
[2017-02-28 15:05:54.503] [INFO] normal - GET /pagelist/download/58b3f2113540d92968e6f7cb
[2017-02-28 15:11:14.012] [INFO] normal - GET /pagelist/
[2017-02-28 15:11:14.018] [INFO] normal - GET /css/bootstrap.min.css
[2017-02-28 15:11:14.020] [INFO] normal - GET /css/index.css
[2017-02-28 15:11:14.021] [INFO] normal - GET /lib/jquery.min.js
[2017-02-28 15:11:14.021] [INFO] normal - GET /lib/bootstrap.min.js
[2017-02-28 15:11:14.022] [INFO] normal - GET /lib/layer.js
[2017-02-28 15:11:14.023] [INFO] normal - GET /images/logo.png
[2017-02-28 15:11:14.034] [INFO] normal - GET /lib/skin/default/layer.css?v=3.0.11110
[2017-02-28 15:11:14.036] [INFO] normal - GET /images/arr.png
[2017-02-28 15:11:14.037] [INFO] normal - GET /images/icon1.png
[2017-02-28 15:11:14.038] [INFO] normal - GET /images/icon2.png
[2017-02-28 15:11:14.038] [INFO] normal - GET /images/icon3.png
[2017-02-28 15:11:14.039] [INFO] normal - GET /images/delete.png
[2017-02-28 15:11:14.040] [INFO] normal - GET /images/fill.png
[2017-02-28 15:13:03.486] [INFO] normal - GET /pagelist/
[2017-02-28 15:13:03.492] [INFO] normal - GET /css/bootstrap.min.css
[2017-02-28 15:13:03.494] [INFO] normal - GET /lib/jquery.min.js
[2017-02-28 15:13:03.495] [INFO] normal - GET /lib/bootstrap.min.js
[2017-02-28 15:13:03.496] [INFO] normal - GET /css/index.css
[2017-02-28 15:13:03.496] [INFO] normal - GET /lib/layer.js
[2017-02-28 15:13:03.497] [INFO] normal - GET /images/logo.png
[2017-02-28 15:13:03.508] [INFO] normal - GET /lib/skin/default/layer.css?v=3.0.11110
[2017-02-28 15:13:03.511] [INFO] normal - GET /images/icon1.png
[2017-02-28 15:13:03.511] [INFO] normal - GET /images/arr.png
[2017-02-28 15:13:03.513] [INFO] normal - GET /images/icon2.png
[2017-02-28 15:13:03.514] [INFO] normal - GET /images/icon3.png
[2017-02-28 15:13:03.514] [INFO] normal - GET /images/delete.png
[2017-02-28 15:13:03.515] [INFO] normal - GET /images/fill.png
[2017-02-28 15:13:05.261] [INFO] normal - GET /pagelist/download/58b3f2113540d92968e6f7cb
[2017-02-28 15:14:31.543] [INFO] normal - GET /pagelist/
[2017-02-28 15:14:31.550] [INFO] normal - GET /css/bootstrap.min.css
[2017-02-28 15:14:31.552] [INFO] normal - GET /css/index.css
[2017-02-28 15:14:31.552] [INFO] normal - GET /lib/jquery.min.js
[2017-02-28 15:14:31.553] [INFO] normal - GET /lib/bootstrap.min.js
[2017-02-28 15:14:31.554] [INFO] normal - GET /lib/layer.js
[2017-02-28 15:14:31.555] [INFO] normal - GET /images/logo.png
[2017-02-28 15:14:31.567] [INFO] normal - GET /lib/skin/default/layer.css?v=3.0.11110
[2017-02-28 15:14:31.569] [INFO] normal - GET /images/arr.png
[2017-02-28 15:14:31.570] [INFO] normal - GET /images/icon1.png
[2017-02-28 15:14:31.571] [INFO] normal - GET /images/icon2.png
[2017-02-28 15:14:31.572] [INFO] normal - GET /images/icon3.png
[2017-02-28 15:14:31.573] [INFO] normal - GET /images/delete.png
[2017-02-28 15:14:31.573] [INFO] normal - GET /images/fill.png
[2017-02-28 15:14:34.230] [INFO] normal - GET /pagelist/download/58b3f2113540d92968e6f7cb
[2017-02-28 15:15:44.179] [INFO] normal - GET /pagelist/
[2017-02-28 15:15:44.185] [INFO] normal - GET /css/bootstrap.min.css
[2017-02-28 15:15:44.188] [INFO] normal - GET /css/index.css
[2017-02-28 15:15:44.189] [INFO] normal - GET /lib/jquery.min.js
[2017-02-28 15:15:44.189] [INFO] normal - GET /lib/bootstrap.min.js
[2017-02-28 15:15:44.190] [INFO] normal - GET /lib/layer.js
[2017-02-28 15:15:44.191] [INFO] normal - GET /images/logo.png
[2017-02-28 15:15:44.201] [INFO] normal - GET /lib/skin/default/layer.css?v=3.0.11110
[2017-02-28 15:15:44.203] [INFO] normal - GET /images/arr.png
[2017-02-28 15:15:44.203] [INFO] normal - GET /images/icon1.png
[2017-02-28 15:15:44.204] [INFO] normal - GET /images/icon2.png
[2017-02-28 15:15:44.205] [INFO] normal - GET /images/icon3.png
[2017-02-28 15:15:44.205] [INFO] normal - GET /images/delete.png
[2017-02-28 15:15:44.207] [INFO] normal - GET /images/fill.png
[2017-02-28 15:15:45.734] [INFO] normal - GET /pagelist/download/58b3f2113540d92968e6f7cb
[2017-02-28 15:25:38.901] [INFO] normal - GET /pagelist/
[2017-02-28 15:25:38.907] [INFO] normal - GET /css/bootstrap.min.css
[2017-02-28 15:25:38.909] [INFO] normal - GET /css/index.css
[2017-02-28 15:25:38.909] [INFO] normal - GET /lib/jquery.min.js
[2017-02-28 15:25:38.910] [INFO] normal - GET /lib/bootstrap.min.js
[2017-02-28 15:25:38.911] [INFO] normal - GET /lib/layer.js
[2017-02-28 15:25:38.912] [INFO] normal - GET /images/logo.png
[2017-02-28 15:25:38.924] [INFO] normal - GET /lib/skin/default/layer.css?v=3.0.11110
[2017-02-28 15:25:38.925] [INFO] normal - GET /images/arr.png
[2017-02-28 15:25:38.925] [INFO] normal - GET /images/icon1.png
[2017-02-28 15:25:38.927] [INFO] normal - GET /images/icon2.png
[2017-02-28 15:25:38.928] [INFO] normal - GET /images/icon3.png
[2017-02-28 15:25:38.929] [INFO] normal - GET /images/delete.png
[2017-02-28 15:25:38.929] [INFO] normal - GET /images/fill.png
[2017-02-28 15:29:20.336] [INFO] normal - GET /pagelist/download/58b3f2113540d92968e6f7cb
[2017-02-28 15:49:52.141] [INFO] normal - GET /pagelist/
[2017-02-28 15:49:52.148] [INFO] normal - GET /css/bootstrap.min.css
[2017-02-28 15:49:52.150] [INFO] normal - GET /css/index.css
[2017-02-28 15:49:52.151] [INFO] normal - GET /lib/jquery.min.js
[2017-02-28 15:49:52.151] [INFO] normal - GET /lib/bootstrap.min.js
[2017-02-28 15:49:52.152] [INFO] normal - GET /lib/layer.js
[2017-02-28 15:49:52.153] [INFO] normal - GET /images/logo.png
[2017-02-28 15:49:52.165] [INFO] normal - GET /lib/skin/default/layer.css?v=3.0.11110
[2017-02-28 15:56:37.798] [INFO] normal - GET /pagelist/
[2017-02-28 15:56:37.804] [INFO] normal - GET /css/bootstrap.min.css
[2017-02-28 15:56:37.808] [INFO] normal - GET /css/index.css
[2017-02-28 15:56:37.808] [INFO] normal - GET /lib/jquery.min.js
[2017-02-28 15:56:37.808] [INFO] normal - GET /lib/bootstrap.min.js
[2017-02-28 15:56:37.809] [INFO] normal - GET /lib/layer.js
[2017-02-28 15:56:37.810] [INFO] normal - GET /images/logo.png
[2017-02-28 15:56:37.822] [INFO] normal - GET /lib/skin/default/layer.css?v=3.0.11110
[2017-02-28 16:01:47.723] [INFO] normal - GET /pagelist/
[2017-02-28 16:01:47.730] [INFO] normal - GET /css/bootstrap.min.css
[2017-02-28 16:01:47.732] [INFO] normal - GET /lib/bootstrap.min.js
[2017-02-28 16:01:47.733] [INFO] normal - GET /lib/layer.js
[2017-02-28 16:01:47.733] [INFO] normal - GET /css/index.css
[2017-02-28 16:01:47.734] [INFO] normal - GET /lib/jquery.min.js
[2017-02-28 16:01:47.735] [INFO] normal - GET /images/logo.png
[2017-02-28 16:01:47.746] [INFO] normal - GET /lib/skin/default/layer.css?v=3.0.11110
[2017-02-28 16:12:20.216] [INFO] normal - GET /pagelist/
[2017-02-28 16:12:20.221] [INFO] normal - GET /css/bootstrap.min.css
[2017-02-28 16:12:20.223] [INFO] normal - GET /lib/jquery.min.js
[2017-02-28 16:12:20.224] [INFO] normal - GET /lib/bootstrap.min.js
[2017-02-28 16:12:20.224] [INFO] normal - GET /lib/layer.js
[2017-02-28 16:12:20.224] [INFO] normal - GET /css/index.css
[2017-02-28 16:12:20.225] [INFO] normal - GET /images/logo.png
[2017-02-28 16:12:20.237] [INFO] normal - GET /lib/skin/default/layer.css?v=3.0.11110
[2017-02-28 16:14:35.226] [INFO] normal - GET /pagelist/
[2017-02-28 16:14:35.232] [INFO] normal - GET /css/bootstrap.min.css
[2017-02-28 16:14:35.234] [INFO] normal - GET /lib/jquery.min.js
[2017-02-28 16:14:35.235] [INFO] normal - GET /lib/bootstrap.min.js
[2017-02-28 16:14:35.235] [INFO] normal - GET /lib/layer.js
[2017-02-28 16:14:35.237] [INFO] normal - GET /css/index.css
[2017-02-28 16:14:35.238] [INFO] normal - GET /images/logo.png
[2017-02-28 16:14:35.249] [INFO] normal - GET /lib/skin/default/layer.css?v=3.0.11110
[2017-02-28 16:15:15.259] [INFO] normal - GET /pagelist/
[2017-02-28 16:15:15.266] [INFO] normal - GET /css/bootstrap.min.css
[2017-02-28 16:15:15.268] [INFO] normal - GET /css/index.css
[2017-02-28 16:15:15.269] [INFO] normal - GET /lib/jquery.min.js
[2017-02-28 16:15:15.270] [INFO] normal - GET /lib/bootstrap.min.js
[2017-02-28 16:15:15.271] [INFO] normal - GET /lib/layer.js
[2017-02-28 16:15:15.271] [INFO] normal - GET /images/logo.png
[2017-02-28 16:15:15.283] [INFO] normal - GET /lib/skin/default/layer.css?v=3.0.11110
[2017-02-28 16:15:16.649] [INFO] normal - GET /pagelist/download/58b3f2113540d92968e6f7cb
[2017-02-28 16:16:10.405] [INFO] normal - GET /
[2017-02-28 16:16:10.412] [INFO] normal - GET /css/bootstrap.min.css
[2017-02-28 16:16:10.414] [INFO] normal - GET /lib/jquery.min.js
[2017-02-28 16:16:10.415] [INFO] normal - GET /lib/bootstrap.min.js
[2017-02-28 16:16:10.415] [INFO] normal - GET /lib/layer.js
[2017-02-28 16:16:10.416] [INFO] normal - GET /css/index.css
[2017-02-28 16:16:10.417] [INFO] normal - GET /lib/jquery.form.min.js
[2017-02-28 16:16:10.418] [INFO] normal - GET /js/index.js
[2017-02-28 16:16:10.419] [INFO] normal - GET /images/logo.png
[2017-02-28 16:16:10.421] [INFO] normal - GET /images/%E6%A8%A1%E6%9D%BF%E4%B8%80_s.png
[2017-02-28 16:16:10.422] [INFO] normal - GET /images/%E6%A8%A1%E6%9D%BF%E4%BA%8C_s.png
[2017-02-28 16:16:10.423] [INFO] normal - GET /images/%E6%A8%A1%E6%9D%BF%E4%B8%89_s.png
[2017-02-28 16:16:10.429] [INFO] normal - GET /lib/skin/default/layer.css?v=3.0.11110
[2017-02-28 16:16:10.437] [INFO] normal - GET /images/dg.png
[2017-02-28 16:16:10.438] [INFO] normal - GET /images/add.png
[2017-02-28 16:16:10.439] [INFO] normal - GET /images/dgs.png
[2017-02-28 16:16:17.514] [INFO] normal - POST /uploadFile
[2017-02-28 16:16:17.520] [INFO] normal - GET /images/1488269777506_3.jpg
[2017-02-28 16:16:19.355] [INFO] normal - POST /uploadFile
[2017-02-28 16:16:19.358] [INFO] normal - GET /images/1488269779352_2.jpg
[2017-02-28 16:16:20.741] [INFO] normal - POST /submit
[2017-02-28 16:16:20.999] [INFO] normal - GET /submit/58b531d4a7988e2fd431c3ef
[2017-02-28 16:16:21.008] [INFO] normal - GET /css/index2.css
[2017-02-28 16:16:21.025] [INFO] normal - GET /js/index2.min.js
[2017-02-28 16:16:21.557] [INFO] normal - GET /images/1488269777506_3.jpg
[2017-02-28 16:16:21.558] [INFO] normal - GET /images/1488269779352_2.jpg
[2017-02-28 16:16:25.942] [INFO] normal - GET /pagelist
[2017-02-28 16:16:25.947] [INFO] normal - GET /css/bootstrap.min.css
[2017-02-28 16:16:25.948] [INFO] normal - GET /css/index.css
[2017-02-28 16:16:25.949] [INFO] normal - GET /lib/jquery.min.js
[2017-02-28 16:16:25.950] [INFO] normal - GET /lib/bootstrap.min.js
[2017-02-28 16:16:25.950] [INFO] normal - GET /lib/layer.js
[2017-02-28 16:16:25.951] [INFO] normal - GET /images/logo.png
[2017-02-28 16:16:25.962] [INFO] normal - GET /lib/skin/default/layer.css?v=3.0.11110
[2017-02-28 16:16:32.156] [INFO] normal - GET /pagelist/download/58b531d4a7988e2fd431c3ef
[2017-02-28 17:26:17.764] [INFO] normal - GET /
[2017-02-28 17:26:17.912] [INFO] normal - GET /users/login
[2017-02-28 17:26:17.922] [INFO] normal - GET /lib/bootstrap.min.js
[2017-02-28 17:26:17.924] [INFO] normal - GET /lib/layer.js
[2017-02-28 17:26:17.924] [INFO] normal - GET /css/bootstrap.min.css
[2017-02-28 17:26:17.925] [INFO] normal - GET /css/index.css
[2017-02-28 17:26:17.926] [INFO] normal - GET /lib/jquery.min.js
[2017-02-28 17:26:17.927] [INFO] normal - GET /images/logo.png
[2017-02-28 17:26:17.963] [INFO] normal - GET /lib/skin/default/layer.css?v=3.0.11110
[2017-02-28 17:26:17.964] [INFO] normal - GET /images/arr.png
[2017-02-28 17:26:18.043] [INFO] normal - GET /favicon.ico
[2017-02-28 17:26:22.255] [INFO] normal - POST /users/login
[2017-02-28 17:26:22.536] [INFO] normal - GET /
[2017-02-28 17:26:22.543] [INFO] normal - GET /css/bootstrap.min.css
[2017-02-28 17:26:22.544] [INFO] normal - GET /css/index.css
[2017-02-28 17:26:22.545] [INFO] normal - GET /lib/jquery.min.js
[2017-02-28 17:26:22.546] [INFO] normal - GET /lib/bootstrap.min.js
[2017-02-28 17:26:22.546] [INFO] normal - GET /lib/layer.js
[2017-02-28 17:26:22.549] [INFO] normal - GET /lib/jquery.form.min.js
[2017-02-28 17:26:22.550] [INFO] normal - GET /js/index.js
[2017-02-28 17:26:22.551] [INFO] normal - GET /images/logo.png
[2017-02-28 17:26:22.553] [INFO] normal - GET /images/%E6%A8%A1%E6%9D%BF%E4%B8%80_s.png
[2017-02-28 17:26:22.556] [INFO] normal - GET /images/%E6%A8%A1%E6%9D%BF%E4%BA%8C_s.png
[2017-02-28 17:26:22.559] [INFO] normal - GET /images/%E6%A8%A1%E6%9D%BF%E4%B8%89_s.png
[2017-02-28 17:26:22.580] [INFO] normal - GET /lib/skin/default/layer.css?v=3.0.11110
[2017-02-28 17:26:22.584] [INFO] normal - GET /images/arr.png
[2017-02-28 17:26:22.588] [INFO] normal - GET /images/dg.png
[2017-02-28 17:26:22.589] [INFO] normal - GET /images/add.png
[2017-02-28 17:26:22.589] [INFO] normal - GET /images/dgs.png
[2017-02-28 17:26:22.590] [INFO] normal - GET /images/delete.png
[2017-02-28 17:26:42.934] [INFO] normal - GET /pagelist
[2017-02-28 17:26:42.937] [INFO] normal - GET /css/bootstrap.min.css
[2017-02-28 17:26:42.938] [INFO] normal - GET /css/index.css
[2017-02-28 17:26:42.938] [INFO] normal - GET /lib/jquery.min.js
[2017-02-28 17:26:42.938] [INFO] normal - GET /lib/bootstrap.min.js
[2017-02-28 17:26:42.939] [INFO] normal - GET /lib/layer.js
[2017-02-28 17:26:42.940] [INFO] normal - GET /images/logo.png
[2017-02-28 17:26:42.955] [INFO] normal - GET /lib/skin/default/layer.css?v=3.0.11110
[2017-02-28 17:26:42.958] [INFO] normal - GET /images/arr.png
[2017-02-28 17:26:42.960] [INFO] normal - GET /images/delete.png
[2017-02-28 17:26:42.961] [INFO] normal - GET /images/icon1.png
[2017-02-28 17:26:42.962] [INFO] normal - GET /images/icon2.png
[2017-02-28 17:26:42.962] [INFO] normal - GET /images/icon3.png
[2017-02-28 17:26:42.964] [INFO] normal - GET /images/fill.png
[2017-02-28 17:26:45.424] [INFO] normal - GET /submit/58b531d4a7988e2fd431c3ef
[2017-02-28 17:26:45.424] [INFO] normal - GET /css/index2.css
[2017-02-28 17:26:45.432] [INFO] normal - GET /js/index2.min.js
[2017-02-28 17:26:45.624] [INFO] normal - GET /images/1488269779352_2.jpg
[2017-02-28 17:26:45.626] [INFO] normal - GET /images/1488269777506_3.jpg
[2017-02-28 17:26:56.051] [INFO] normal - GET /
[2017-02-28 17:26:56.058] [INFO] normal - GET /css/bootstrap.min.css
[2017-02-28 17:26:56.061] [INFO] normal - GET /css/index.css
[2017-02-28 17:26:56.061] [INFO] normal - GET /lib/jquery.min.js
[2017-02-28 17:26:56.062] [INFO] normal - GET /lib/bootstrap.min.js
[2017-02-28 17:26:56.063] [INFO] normal - GET /lib/layer.js
[2017-02-28 17:26:56.064] [INFO] normal - GET /lib/jquery.form.min.js
[2017-02-28 17:26:56.066] [INFO] normal - GET /js/index.js
[2017-02-28 17:26:56.068] [INFO] normal - GET /images/logo.png
[2017-02-28 17:26:56.069] [INFO] normal - GET /images/%E6%A8%A1%E6%9D%BF%E4%B8%80_s.png
[2017-02-28 17:26:56.070] [INFO] normal - GET /images/%E6%A8%A1%E6%9D%BF%E4%BA%8C_s.png
[2017-02-28 17:26:56.072] [INFO] normal - GET /images/%E6%A8%A1%E6%9D%BF%E4%B8%89_s.png
[2017-02-28 17:26:56.092] [INFO] normal - GET /lib/skin/default/layer.css?v=3.0.11110
[2017-02-28 17:26:56.102] [INFO] normal - GET /images/arr.png
[2017-02-28 17:26:56.103] [INFO] normal - GET /images/dg.png
[2017-02-28 17:26:56.104] [INFO] normal - GET /images/add.png
[2017-02-28 17:26:56.105] [INFO] normal - GET /images/dgs.png
[2017-02-28 17:26:56.105] [INFO] normal - GET /images/delete.png
[2017-02-28 17:30:58.226] [INFO] normal - GET /css/bootstrap.min.css
[2017-02-28 17:30:58.227] [INFO] normal - GET /css/index.css
[2017-02-28 17:30:58.227] [INFO] normal - GET /lib/skin/default/layer.css?v=3.0.11110
[2017-02-28 17:30:58.329] [INFO] normal - GET /lib/jquery.min.map
[2017-02-28 17:32:48.210] [INFO] normal - GET /
[2017-02-28 17:32:48.216] [INFO] normal - GET /css/bootstrap.min.css
[2017-02-28 17:32:48.217] [INFO] normal - GET /css/index.css
[2017-02-28 17:32:48.218] [INFO] normal - GET /lib/jquery.min.js
[2017-02-28 17:32:48.220] [INFO] normal - GET /lib/bootstrap.min.js
[2017-02-28 17:32:48.220] [INFO] normal - GET /lib/layer.js
[2017-02-28 17:32:48.222] [INFO] normal - GET /lib/jquery.form.min.js
[2017-02-28 17:32:48.223] [INFO] normal - GET /js/index.js
[2017-02-28 17:32:48.224] [INFO] normal - GET /images/logo.png
[2017-02-28 17:32:48.225] [INFO] normal - GET /images/%E6%A8%A1%E6%9D%BF%E4%B8%80_s.png
[2017-02-28 17:32:48.227] [INFO] normal - GET /images/%E6%A8%A1%E6%9D%BF%E4%BA%8C_s.png
[2017-02-28 17:32:48.229] [INFO] normal - GET /images/%E6%A8%A1%E6%9D%BF%E4%B8%89_s.png
[2017-02-28 17:32:48.281] [INFO] normal - GET /lib/skin/default/layer.css?v=3.0.11110
[2017-02-28 17:32:48.281] [INFO] normal - GET /images/arr.png
[2017-02-28 17:32:48.281] [INFO] normal - GET /lib/jquery.min.map
[2017-02-28 17:32:48.284] [INFO] normal - GET /images/dg.png
[2017-02-28 17:32:48.285] [INFO] normal - GET /images/add.png
[2017-02-28 17:32:48.285] [INFO] normal - GET /images/dgs.png
[2017-02-28 17:32:48.285] [INFO] normal - GET /images/delete.png
[2017-02-28 17:33:10.877] [INFO] normal - GET /
[2017-02-28 17:33:10.913] [INFO] normal - GET /users/login
[2017-02-28 17:33:10.918] [INFO] normal - GET /css/index.css
[2017-02-28 17:33:10.919] [INFO] normal - GET /lib/layer.js
[2017-02-28 17:33:10.920] [INFO] normal - GET /lib/bootstrap.min.js
[2017-02-28 17:33:10.921] [INFO] normal - GET /lib/jquery.min.js
[2017-02-28 17:33:10.922] [INFO] normal - GET /css/bootstrap.min.css
[2017-02-28 17:33:10.922] [INFO] normal - GET /images/logo.png
[2017-02-28 17:33:10.960] [INFO] normal - GET /lib/skin/default/layer.css?v=3.0.11110
[2017-02-28 17:33:10.963] [INFO] normal - GET /images/arr.png
[2017-02-28 17:33:17.913] [INFO] normal - POST /users/login
[2017-02-28 17:33:18.131] [INFO] normal - GET /
[2017-02-28 17:33:18.137] [INFO] normal - GET /css/bootstrap.min.css
[2017-02-28 17:33:18.138] [INFO] normal - GET /css/index.css
[2017-02-28 17:33:18.139] [INFO] normal - GET /lib/jquery.min.js
[2017-02-28 17:33:18.139] [INFO] normal - GET /lib/bootstrap.min.js
[2017-02-28 17:33:18.140] [INFO] normal - GET /lib/layer.js
[2017-02-28 17:33:18.143] [INFO] normal - GET /lib/jquery.form.min.js
[2017-02-28 17:33:18.147] [INFO] normal - GET /js/index.js
[2017-02-28 17:33:18.148] [INFO] normal - GET /images/logo.png
[2017-02-28 17:33:18.150] [INFO] normal - GET /images/%E6%A8%A1%E6%9D%BF%E4%B8%80_s.png
[2017-02-28 17:33:18.151] [INFO] normal - GET /images/%E6%A8%A1%E6%9D%BF%E4%BA%8C_s.png
[2017-02-28 17:33:18.152] [INFO] normal - GET /images/%E6%A8%A1%E6%9D%BF%E4%B8%89_s.png
[2017-02-28 17:33:18.173] [INFO] normal - GET /lib/skin/default/layer.css?v=3.0.11110
[2017-02-28 17:33:18.177] [INFO] normal - GET /images/arr.png
[2017-02-28 17:33:18.180] [INFO] normal - GET /images/dg.png
[2017-02-28 17:33:18.181] [INFO] normal - GET /images/add.png
[2017-02-28 17:33:18.181] [INFO] normal - GET /images/dgs.png
[2017-02-28 17:33:18.182] [INFO] normal - GET /images/delete.png
[2017-02-28 17:33:20.363] [INFO] normal - GET /css/bootstrap.min.css
[2017-02-28 17:33:20.363] [INFO] normal - GET /css/index.css
[2017-02-28 17:33:20.364] [INFO] normal - GET /lib/skin/default/layer.css?v=3.0.11110
[2017-02-28 17:33:20.418] [INFO] normal - GET /lib/jquery.min.map
[2017-02-28 17:33:37.399] [INFO] normal - GET /
[2017-02-28 17:33:37.405] [INFO] normal - GET /css/bootstrap.min.css
[2017-02-28 17:33:37.405] [INFO] normal - GET /css/index.css
[2017-02-28 17:33:37.407] [INFO] normal - GET /lib/jquery.min.js
[2017-02-28 17:33:37.407] [INFO] normal - GET /lib/bootstrap.min.js
[2017-02-28 17:33:37.408] [INFO] normal - GET /lib/layer.js
[2017-02-28 17:33:37.410] [INFO] normal - GET /lib/jquery.form.min.js
[2017-02-28 17:33:37.419] [INFO] normal - GET /js/index.js
[2017-02-28 17:33:37.422] [INFO] normal - GET /images/logo.png
[2017-02-28 17:33:37.427] [INFO] normal - GET /images/%E6%A8%A1%E6%9D%BF%E4%B8%80_s.png
[2017-02-28 17:33:37.428] [INFO] normal - GET /images/%E6%A8%A1%E6%9D%BF%E4%BA%8C_s.png
[2017-02-28 17:33:37.429] [INFO] normal - GET /images/%E6%A8%A1%E6%9D%BF%E4%B8%89_s.png
[2017-02-28 17:33:37.468] [INFO] normal - GET /lib/skin/default/layer.css?v=3.0.11110
[2017-02-28 17:33:37.468] [INFO] normal - GET /lib/jquery.min.map
[2017-02-28 17:33:37.471] [INFO] normal - GET /images/arr.png
[2017-02-28 17:33:37.473] [INFO] normal - GET /images/dg.png
[2017-02-28 17:33:37.473] [INFO] normal - GET /images/add.png
[2017-02-28 17:33:37.473] [INFO] normal - GET /images/dgs.png
[2017-02-28 17:33:37.473] [INFO] normal - GET /images/delete.png
[2017-02-28 17:34:37.465] [INFO] normal - GET /
[2017-02-28 17:34:37.471] [INFO] normal - GET /css/bootstrap.min.css
[2017-02-28 17:34:37.472] [INFO] normal - GET /css/index.css
[2017-02-28 17:34:37.473] [INFO] normal - GET /lib/jquery.min.js
[2017-02-28 17:34:37.473] [INFO] normal - GET /lib/bootstrap.min.js
[2017-02-28 17:34:37.474] [INFO] normal - GET /lib/layer.js
[2017-02-28 17:34:37.475] [INFO] normal - GET /lib/jquery.form.min.js
[2017-02-28 17:34:37.479] [INFO] normal - GET /js/index.js
[2017-02-28 17:34:37.480] [INFO] normal - GET /images/logo.png
[2017-02-28 17:34:37.482] [INFO] normal - GET /images/%E6%A8%A1%E6%9D%BF%E4%B8%80_s.png
[2017-02-28 17:34:37.483] [INFO] normal - GET /images/%E6%A8%A1%E6%9D%BF%E4%BA%8C_s.png
[2017-02-28 17:34:37.484] [INFO] normal - GET /images/%E6%A8%A1%E6%9D%BF%E4%B8%89_s.png
[2017-02-28 17:34:37.523] [INFO] normal - GET /lib/skin/default/layer.css?v=3.0.11110
[2017-02-28 17:34:37.562] [INFO] normal - GET /images/arr.png
[2017-02-28 17:34:37.562] [INFO] normal - GET /images/dg.png
[2017-02-28 17:34:37.563] [INFO] normal - GET /images/add.png
[2017-02-28 17:34:37.564] [INFO] normal - GET /images/dgs.png
[2017-02-28 17:34:37.568] [INFO] normal - GET /lib/jquery.min.map
[2017-02-28 17:34:37.568] [INFO] normal - GET /images/delete.png
[2017-02-28 17:34:49.383] [INFO] normal - GET /
[2017-02-28 17:34:49.390] [INFO] normal - GET /css/bootstrap.min.css
[2017-02-28 17:34:49.391] [INFO] normal - GET /css/index.css
[2017-02-28 17:34:49.392] [INFO] normal - GET /lib/jquery.min.js
[2017-02-28 17:34:49.395] [INFO] normal - GET /lib/bootstrap.min.js
[2017-02-28 17:34:49.396] [INFO] normal - GET /lib/layer.js
[2017-02-28 17:34:49.400] [INFO] normal - GET /lib/jquery.form.min.js
[2017-02-28 17:34:49.403] [INFO] normal - GET /js/index.js
[2017-02-28 17:34:49.404] [INFO] normal - GET /images/logo.png
[2017-02-28 17:34:49.405] [INFO] normal - GET /images/%E6%A8%A1%E6%9D%BF%E4%B8%80_s.png
[2017-02-28 17:34:49.407] [INFO] normal - GET /images/%E6%A8%A1%E6%9D%BF%E4%BA%8C_s.png
[2017-02-28 17:34:49.408] [INFO] normal - GET /images/%E6%A8%A1%E6%9D%BF%E4%B8%89_s.png
[2017-02-28 17:34:49.452] [INFO] normal - GET /lib/skin/default/layer.css?v=3.0.11110
[2017-02-28 17:34:49.453] [INFO] normal - GET /lib/jquery.min.map
[2017-02-28 17:34:49.457] [INFO] normal - GET /images/arr.png
[2017-02-28 17:34:49.457] [INFO] normal - GET /images/dg.png
[2017-02-28 17:34:49.459] [INFO] normal - GET /images/add.png
[2017-02-28 17:34:49.460] [INFO] normal - GET /images/dgs.png
[2017-02-28 17:34:49.461] [INFO] normal - GET /images/delete.png
[2017-02-28 17:34:54.325] [INFO] normal - GET /
[2017-02-28 17:34:54.334] [INFO] normal - GET /css/bootstrap.min.css
[2017-02-28 17:34:54.335] [INFO] normal - GET /css/index.css
[2017-02-28 17:34:54.336] [INFO] normal - GET /lib/jquery.min.js
[2017-02-28 17:34:54.337] [INFO] normal - GET /lib/bootstrap.min.js
[2017-02-28 17:34:54.338] [INFO] normal - GET /lib/layer.js
[2017-02-28 17:34:54.338] [INFO] normal - GET /lib/jquery.form.min.js
[2017-02-28 17:34:54.340] [INFO] normal - GET /js/index.js
[2017-02-28 17:34:54.341] [INFO] normal - GET /images/logo.png
[2017-02-28 17:34:54.343] [INFO] normal - GET /images/%E6%A8%A1%E6%9D%BF%E4%B8%80_s.png
[2017-02-28 17:34:54.345] [INFO] normal - GET /images/%E6%A8%A1%E6%9D%BF%E4%BA%8C_s.png
[2017-02-28 17:34:54.346] [INFO] normal - GET /images/%E6%A8%A1%E6%9D%BF%E4%B8%89_s.png
[2017-02-28 17:34:54.396] [INFO] normal - GET /lib/skin/default/layer.css?v=3.0.11110
[2017-02-28 17:34:54.396] [INFO] normal - GET /lib/jquery.min.map
[2017-02-28 17:34:54.400] [INFO] normal - GET /images/arr.png
[2017-02-28 17:34:54.400] [INFO] normal - GET /images/dg.png
[2017-02-28 17:34:54.401] [INFO] normal - GET /images/add.png
[2017-02-28 17:34:54.403] [INFO] normal - GET /images/dgs.png
[2017-02-28 17:34:54.404] [INFO] normal - GET /images/delete.png
[2017-02-28 17:36:26.927] [INFO] normal - GET /
[2017-02-28 17:36:26.934] [INFO] normal - GET /css/bootstrap.min.css
[2017-02-28 17:36:26.935] [INFO] normal - GET /css/index.css
[2017-02-28 17:36:26.937] [INFO] normal - GET /lib/jquery.min.js
[2017-02-28 17:36:26.937] [INFO] normal - GET /lib/bootstrap.min.js
[2017-02-28 17:36:26.937] [INFO] normal - GET /lib/layer.js
[2017-02-28 17:36:26.940] [INFO] normal - GET /lib/jquery.form.min.js
[2017-02-28 17:36:26.946] [INFO] normal - GET /js/index.js
[2017-02-28 17:36:26.947] [INFO] normal - GET /images/logo.png
[2017-02-28 17:36:26.949] [INFO] normal - GET /images/%E6%A8%A1%E6%9D%BF%E4%B8%80_s.png
[2017-02-28 17:36:26.950] [INFO] normal - GET /images/%E6%A8%A1%E6%9D%BF%E4%BA%8C_s.png
[2017-02-28 17:36:26.952] [INFO] normal - GET /images/%E6%A8%A1%E6%9D%BF%E4%B8%89_s.png
[2017-02-28 17:36:27.009] [INFO] normal - GET /lib/skin/default/layer.css?v=3.0.11110
[2017-02-28 17:36:27.009] [INFO] normal - GET /images/arr.png
[2017-02-28 17:36:27.009] [INFO] normal - GET /lib/jquery.min.map
[2017-02-28 17:36:27.011] [INFO] normal - GET /images/dg.png
[2017-02-28 17:36:27.012] [INFO] normal - GET /images/add.png
[2017-02-28 17:36:27.013] [INFO] normal - GET /images/dgs.png
[2017-02-28 17:36:27.014] [INFO] normal - GET /images/delete.png
[2017-02-28 17:36:34.763] [INFO] normal - GET /
[2017-02-28 17:36:34.770] [INFO] normal - GET /css/bootstrap.min.css
[2017-02-28 17:36:34.771] [INFO] normal - GET /css/index.css
[2017-02-28 17:36:34.772] [INFO] normal - GET /lib/jquery.min.js
[2017-02-28 17:36:34.772] [INFO] normal - GET /lib/bootstrap.min.js
[2017-02-28 17:36:34.772] [INFO] normal - GET /lib/layer.js
[2017-02-28 17:36:34.774] [INFO] normal - GET /lib/jquery.form.min.js
[2017-02-28 17:36:34.775] [INFO] normal - GET /js/index.js
[2017-02-28 17:36:34.777] [INFO] normal - GET /images/logo.png
[2017-02-28 17:36:34.778] [INFO] normal - GET /images/%E6%A8%A1%E6%9D%BF%E4%B8%80_s.png
[2017-02-28 17:36:34.780] [INFO] normal - GET /images/%E6%A8%A1%E6%9D%BF%E4%BA%8C_s.png
[2017-02-28 17:36:34.781] [INFO] normal - GET /images/%E6%A8%A1%E6%9D%BF%E4%B8%89_s.png
[2017-02-28 17:36:34.840] [INFO] normal - GET /lib/skin/default/layer.css?v=3.0.11110
[2017-02-28 17:36:34.840] [INFO] normal - GET /lib/jquery.min.map
[2017-02-28 17:36:34.848] [INFO] normal - GET /images/arr.png
[2017-02-28 17:36:34.849] [INFO] normal - GET /images/dg.png
[2017-02-28 17:36:34.850] [INFO] normal - GET /images/add.png
[2017-02-28 17:36:34.851] [INFO] normal - GET /images/dgs.png
[2017-02-28 17:36:34.851] [INFO] normal - GET /images/delete.png
[2017-02-28 17:37:09.749] [INFO] normal - GET /
[2017-02-28 17:37:09.756] [INFO] normal - GET /css/bootstrap.min.css
[2017-02-28 17:37:09.756] [INFO] normal - GET /css/index.css
[2017-02-28 17:37:09.757] [INFO] normal - GET /lib/jquery.min.js
[2017-02-28 17:37:09.757] [INFO] normal - GET /lib/bootstrap.min.js
[2017-02-28 17:37:09.757] [INFO] normal - GET /lib/layer.js
[2017-02-28 17:37:09.759] [INFO] normal - GET /lib/jquery.form.min.js
[2017-02-28 17:37:09.763] [INFO] normal - GET /js/index.js
[2017-02-28 17:37:09.764] [INFO] normal - GET /images/logo.png
[2017-02-28 17:37:09.765] [INFO] normal - GET /images/%E6%A8%A1%E6%9D%BF%E4%B8%80_s.png
[2017-02-28 17:37:09.766] [INFO] normal - GET /images/%E6%A8%A1%E6%9D%BF%E4%BA%8C_s.png
[2017-02-28 17:37:09.767] [INFO] normal - GET /images/%E6%A8%A1%E6%9D%BF%E4%B8%89_s.png
[2017-02-28 17:37:09.832] [INFO] normal - GET /lib/jquery.min.map
[2017-02-28 17:37:09.833] [INFO] normal - GET /lib/skin/default/layer.css?v=3.0.11110
[2017-02-28 17:37:09.833] [INFO] normal - GET /images/dgs.png
[2017-02-28 17:37:09.834] [INFO] normal - GET /images/arr.png
[2017-02-28 17:37:09.835] [INFO] normal - GET /images/delete.png
[2017-02-28 17:37:09.835] [INFO] normal - GET /images/add.png
[2017-02-28 17:37:09.836] [INFO] normal - GET /images/dg.png
[2017-02-28 17:37:32.538] [INFO] normal - POST /uploadFile
[2017-02-28 17:37:32.542] [INFO] normal - GET /images/1488274652531_3.jpg
[2017-02-28 17:37:34.143] [INFO] normal - POST /uploadFile
[2017-02-28 17:37:34.147] [INFO] normal - GET /images/1488274654140_3.jpg
[2017-02-28 17:37:41.099] [INFO] normal - POST /uploadFile
[2017-02-28 17:37:41.104] [INFO] normal - GET /images/1488274661093_2.jpg
[2017-02-28 17:38:11.487] [INFO] normal - POST /uploadFile
[2017-02-28 17:38:11.491] [INFO] normal - GET /images/1488274691483_Banner.jpg
[2017-02-28 17:38:16.664] [INFO] normal - POST /uploadFile
[2017-02-28 17:38:16.667] [INFO] normal - GET /images/1488274696660_goods1.jpg
[2017-02-28 17:38:21.430] [INFO] normal - POST /uploadFile
[2017-02-28 17:38:21.434] [INFO] normal - GET /images/1488274701426_goods1.jpg
[2017-02-28 17:38:25.553] [INFO] normal - POST /uploadFile
[2017-02-28 17:38:25.555] [INFO] normal - GET /images/1488274705550_goods2.jpg
[2017-02-28 17:38:29.335] [INFO] normal - POST /uploadFile
[2017-02-28 17:38:29.338] [INFO] normal - GET /images/1488274709332_goods2.jpg
[2017-02-28 17:38:33.455] [INFO] normal - POST /uploadFile
[2017-02-28 17:38:33.457] [INFO] normal - GET /images/1488274713452_goods2.jpg
[2017-02-28 17:38:37.572] [INFO] normal - POST /uploadFile
[2017-02-28 17:38:37.575] [INFO] normal - GET /images/1488274717569_goods2.jpg
[2017-02-28 17:38:39.347] [INFO] normal - POST /submit
[2017-02-28 17:38:39.707] [INFO] normal - GET /submit/58b5451f2f51a81920830db7
[2017-02-28 17:38:39.707] [INFO] normal - GET /css/index1.css
[2017-02-28 17:38:39.718] [INFO] normal - GET /js/index1.min.js
[2017-02-28 17:38:39.770] [INFO] normal - GET /images/1488274691483_Banner.jpg
[2017-02-28 17:38:39.770] [INFO] normal - GET /images/1488274696660_goods1.jpg
[2017-02-28 17:38:39.771] [INFO] normal - GET /images/1488274705550_goods2.jpg
[2017-02-28 17:38:39.771] [INFO] normal - GET /images/1488274709332_goods2.jpg
[2017-02-28 17:38:39.771] [INFO] normal - GET /images/1488274713452_goods2.jpg
[2017-02-28 17:38:39.772] [INFO] normal - GET /images/1488274701426_goods1.jpg
[2017-02-28 17:38:39.772] [INFO] normal - GET /images/1488274717569_goods2.jpg
[2017-02-28 17:38:46.296] [INFO] normal - GET /lib/jquery.min.map
[2017-02-28 17:41:30.456] [INFO] normal - GET /
[2017-02-28 17:41:30.463] [INFO] normal - GET /css/bootstrap.min.css
[2017-02-28 17:41:30.465] [INFO] normal - GET /css/index.css
[2017-02-28 17:41:30.466] [INFO] normal - GET /lib/jquery.min.js
[2017-02-28 17:41:30.467] [INFO] normal - GET /lib/bootstrap.min.js
[2017-02-28 17:41:30.468] [INFO] normal - GET /lib/layer.js
[2017-02-28 17:41:30.469] [INFO] normal - GET /lib/jquery.form.min.js
[2017-02-28 17:41:30.470] [INFO] normal - GET /js/index.js
[2017-02-28 17:41:30.472] [INFO] normal - GET /images/logo.png
[2017-02-28 17:41:30.474] [INFO] normal - GET /images/%E6%A8%A1%E6%9D%BF%E4%B8%80_s.png
[2017-02-28 17:41:30.476] [INFO] normal - GET /images/%E6%A8%A1%E6%9D%BF%E4%BA%8C_s.png
[2017-02-28 17:41:30.477] [INFO] normal - GET /images/%E6%A8%A1%E6%9D%BF%E4%B8%89_s.png
[2017-02-28 17:41:30.496] [INFO] normal - GET /lib/skin/default/layer.css?v=3.0.11110
[2017-02-28 17:41:30.506] [INFO] normal - GET /images/arr.png
[2017-02-28 17:41:30.506] [INFO] normal - GET /images/dg.png
[2017-02-28 17:41:30.507] [INFO] normal - GET /images/add.png
[2017-02-28 17:41:30.508] [INFO] normal - GET /images/dgs.png
[2017-02-28 17:41:30.508] [INFO] normal - GET /images/delete.png
[2017-02-28 17:57:20.775] [INFO] normal - GET /
[2017-02-28 17:57:20.783] [INFO] normal - GET /css/bootstrap.min.css
[2017-02-28 17:57:20.785] [INFO] normal - GET /css/index.css
[2017-02-28 17:57:20.785] [INFO] normal - GET /lib/jquery.min.js
[2017-02-28 17:57:20.786] [INFO] normal - GET /lib/bootstrap.min.js
[2017-02-28 17:57:20.786] [INFO] normal - GET /lib/layer.js
[2017-02-28 17:57:20.787] [INFO] normal - GET /lib/jquery.form.min.js
[2017-02-28 17:57:20.789] [INFO] normal - GET /js/index.js
[2017-02-28 17:57:20.790] [INFO] normal - GET /images/logo.png
[2017-02-28 17:57:20.791] [INFO] normal - GET /images/%E6%A8%A1%E6%9D%BF%E4%B8%80_s.png
[2017-02-28 17:57:20.793] [INFO] normal - GET /images/%E6%A8%A1%E6%9D%BF%E4%BA%8C_s.png
[2017-02-28 17:57:20.794] [INFO] normal - GET /images/%E6%A8%A1%E6%9D%BF%E4%B8%89_s.png
[2017-02-28 17:57:20.800] [INFO] normal - GET /lib/skin/default/layer.css?v=3.0.11110
[2017-02-28 17:57:20.805] [INFO] normal - GET /images/arr.png
[2017-02-28 17:57:20.806] [INFO] normal - GET /images/dg.png
[2017-02-28 17:57:20.806] [INFO] normal - GET /images/add.png
[2017-02-28 17:57:20.808] [INFO] normal - GET /images/dgs.png
[2017-02-28 17:57:20.809] [INFO] normal - GET /images/delete.png
[2017-02-28 17:59:41.640] [INFO] normal - GET /pagelist
[2017-02-28 17:59:41.646] [INFO] normal - GET /css/bootstrap.min.css
[2017-02-28 17:59:41.648] [INFO] normal - GET /lib/jquery.min.js
[2017-02-28 17:59:41.649] [INFO] normal - GET /lib/bootstrap.min.js
[2017-02-28 17:59:41.649] [INFO] normal - GET /lib/layer.js
[2017-02-28 17:59:41.649] [INFO] normal - GET /css/index.css
[2017-02-28 17:59:41.650] [INFO] normal - GET /images/logo.png
[2017-02-28 17:59:41.663] [INFO] normal - GET /lib/skin/default/layer.css?v=3.0.11110
[2017-02-28 17:59:41.666] [INFO] normal - GET /images/arr.png
[2017-02-28 17:59:41.671] [INFO] normal - GET /images/delete.png
[2017-02-28 17:59:41.672] [INFO] normal - GET /images/icon1.png
[2017-02-28 17:59:41.674] [INFO] normal - GET /images/icon2.png
[2017-02-28 17:59:41.674] [INFO] normal - GET /images/icon3.png
[2017-02-28 17:59:41.675] [INFO] normal - GET /images/fill.png
[2017-02-28 17:59:46.843] [INFO] normal - GET /edit/58b5451f2f51a81920830db7
[2017-02-28 17:59:46.846] [INFO] normal - GET /css/bootstrap.min.css
[2017-02-28 17:59:46.846] [INFO] normal - GET /css/index.css
[2017-02-28 17:59:46.848] [INFO] normal - GET /lib/jquery.min.js
[2017-02-28 17:59:46.851] [INFO] normal - GET /lib/bootstrap.min.js
[2017-02-28 17:59:46.852] [INFO] normal - GET /lib/layer.js
[2017-02-28 17:59:46.853] [INFO] normal - GET /lib/jquery.form.min.js
[2017-02-28 17:59:46.854] [INFO] normal - GET /js/index.js
[2017-02-28 17:59:46.855] [INFO] normal - GET /images/logo.png
[2017-02-28 17:59:46.856] [INFO] normal - GET /images/%E6%A8%A1%E6%9D%BF%E4%B8%80_s.png
[2017-02-28 17:59:46.858] [INFO] normal - GET /images/%E6%A8%A1%E6%9D%BF%E4%BA%8C_s.png
[2017-02-28 17:59:46.860] [INFO] normal - GET /images/%E6%A8%A1%E6%9D%BF%E4%B8%89_s.png
[2017-02-28 17:59:46.891] [INFO] normal - GET /lib/skin/default/layer.css?v=3.0.11110
[2017-02-28 17:59:46.891] [INFO] normal - GET /images/dgs.png
[2017-02-28 17:59:46.892] [INFO] normal - GET /images/dg.png
[2017-02-28 17:59:46.892] [INFO] normal - GET /images/1488274691483_Banner.jpg
[2017-02-28 17:59:46.935] [INFO] normal - GET /images/add.png
[2017-02-28 17:59:46.981] [INFO] normal - GET /images/1488274705550_goods2.jpg
[2017-02-28 17:59:46.983] [INFO] normal - GET /images/1488274696660_goods1.jpg
[2017-02-28 17:59:57.964] [INFO] normal - GET /css/bootstrap.min.css
[2017-02-28 17:59:57.964] [INFO] normal - GET /css/index.css
[2017-02-28 17:59:57.965] [INFO] normal - GET /lib/skin/default/layer.css?v=3.0.11110
[2017-02-28 17:59:58.060] [INFO] normal - GET /lib/jquery.min.map
[2017-02-28 18:00:10.092] [INFO] normal - GET /edit/58b5451f2f51a81920830db7
[2017-02-28 18:00:10.099] [INFO] normal - GET /css/bootstrap.min.css
[2017-02-28 18:00:10.099] [INFO] normal - GET /css/index.css
[2017-02-28 18:00:10.101] [INFO] normal - GET /lib/jquery.min.js
[2017-02-28 18:00:10.101] [INFO] normal - GET /lib/bootstrap.min.js
[2017-02-28 18:00:10.102] [INFO] normal - GET /lib/layer.js
[2017-02-28 18:00:10.103] [INFO] normal - GET /lib/jquery.form.min.js
[2017-02-28 18:00:10.103] [INFO] normal - GET /js/index.js
[2017-02-28 18:00:10.105] [INFO] normal - GET /images/logo.png
[2017-02-28 18:00:10.106] [INFO] normal - GET /images/%E6%A8%A1%E6%9D%BF%E4%B8%80_s.png
[2017-02-28 18:00:10.108] [INFO] normal - GET /images/%E6%A8%A1%E6%9D%BF%E4%BA%8C_s.png
[2017-02-28 18:00:10.109] [INFO] normal - GET /images/%E6%A8%A1%E6%9D%BF%E4%B8%89_s.png
[2017-02-28 18:00:10.133] [INFO] normal - GET /lib/skin/default/layer.css?v=3.0.11110
[2017-02-28 18:00:10.135] [INFO] normal - GET /images/1488274691483_Banner.jpg
[2017-02-28 18:00:10.267] [INFO] normal - GET /images/1488274701426_goods1.jpg
[2017-02-28 18:02:40.081] [INFO] normal - GET /users/logout
[2017-02-28 18:02:40.179] [INFO] normal - GET /css/bootstrap.min.css
[2017-02-28 18:02:40.180] [INFO] normal - GET /users/login
[2017-02-28 18:02:40.182] [INFO] normal - GET /css/index.css
[2017-02-28 18:02:40.182] [INFO] normal - GET /lib/jquery.min.js
[2017-02-28 18:02:40.183] [INFO] normal - GET /lib/bootstrap.min.js
[2017-02-28 18:02:40.183] [INFO] normal - GET /lib/layer.js
[2017-02-28 18:02:40.184] [INFO] normal - GET /images/logo.png
[2017-02-28 18:02:40.196] [INFO] normal - GET /lib/skin/default/layer.css?v=3.0.11110
[2017-02-28 18:02:42.036] [INFO] normal - GET /users/findPwd
[2017-02-28 18:02:42.041] [INFO] normal - GET /css/bootstrap.min.css
[2017-02-28 18:02:42.042] [INFO] normal - GET /css/index.css
[2017-02-28 18:02:42.044] [INFO] normal - GET /lib/jquery.min.js
[2017-02-28 18:02:42.044] [INFO] normal - GET /lib/bootstrap.min.js
[2017-02-28 18:02:42.045] [INFO] normal - GET /lib/layer.js
[2017-02-28 18:02:42.046] [INFO] normal - GET /images/logo.png
[2017-02-28 18:02:42.058] [INFO] normal - GET /lib/skin/default/layer.css?v=3.0.11110
[2017-02-28 18:02:56.819] [INFO] normal - GET /users/findPwd
[2017-02-28 18:02:56.824] [INFO] normal - GET /css/bootstrap.min.css
[2017-02-28 18:02:56.824] [INFO] normal - GET /css/index.css
[2017-02-28 18:02:56.825] [INFO] normal - GET /lib/jquery.min.js
[2017-02-28 18:02:56.826] [INFO] normal - GET /lib/bootstrap.min.js
[2017-02-28 18:02:56.826] [INFO] normal - GET /lib/layer.js
[2017-02-28 18:02:56.827] [INFO] normal - GET /images/logo.png
[2017-02-28 18:02:56.838] [INFO] normal - GET /lib/skin/default/layer.css?v=3.0.11110
[2017-02-28 18:03:10.679] [INFO] normal - POST /users/findPwd
[2017-02-28 18:03:10.680] [INFO] normal - GET /users/login
[2017-02-28 18:03:10.687] [INFO] normal - GET /css/bootstrap.min.css
[2017-02-28 18:03:10.688] [INFO] normal - GET /css/index.css
[2017-02-28 18:03:10.690] [INFO] normal - GET /lib/jquery.min.js
[2017-02-28 18:03:10.691] [INFO] normal - GET /lib/bootstrap.min.js
[2017-02-28 18:03:10.691] [INFO] normal - GET /lib/layer.js
[2017-02-28 18:03:10.693] [INFO] normal - GET /images/logo.png
[2017-02-28 18:03:10.707] [INFO] normal - GET /lib/skin/default/layer.css?v=3.0.11110
[2017-02-28 18:05:49.946] [INFO] normal - POST /users/login
[2017-02-28 18:05:50.182] [INFO] normal - GET /
[2017-02-28 18:05:50.187] [INFO] normal - GET /css/bootstrap.min.css
[2017-02-28 18:05:50.189] [INFO] normal - GET /css/index.css
[2017-02-28 18:05:50.191] [INFO] normal - GET /lib/jquery.min.js
[2017-02-28 18:05:50.191] [INFO] normal - GET /lib/bootstrap.min.js
[2017-02-28 18:05:50.192] [INFO] normal - GET /lib/layer.js
[2017-02-28 18:05:50.193] [INFO] normal - GET /lib/jquery.form.min.js
[2017-02-28 18:05:50.194] [INFO] normal - GET /js/index.js
[2017-02-28 18:05:50.198] [INFO] normal - GET /images/logo.png
[2017-02-28 18:05:50.207] [INFO] normal - GET /images/%E6%A8%A1%E6%9D%BF%E4%B8%80_s.png
[2017-02-28 18:05:50.208] [INFO] normal - GET /lib/skin/default/layer.css?v=3.0.11110
[2017-02-28 18:05:50.209] [INFO] normal - GET /images/%E6%A8%A1%E6%9D%BF%E4%BA%8C_s.png
[2017-02-28 18:05:50.210] [INFO] normal - GET /images/%E6%A8%A1%E6%9D%BF%E4%B8%89_s.png
[2017-02-28 18:12:05.710] [INFO] normal - GET /
[2017-02-28 18:12:05.718] [INFO] normal - GET /css/bootstrap.min.css
[2017-02-28 18:12:05.724] [INFO] normal - GET /lib/jquery.min.js
[2017-02-28 18:12:05.725] [INFO] normal - GET /lib/bootstrap.min.js
[2017-02-28 18:12:05.726] [INFO] normal - GET /lib/layer.js
[2017-02-28 18:12:05.727] [INFO] normal - GET /css/index.css
[2017-02-28 18:12:05.728] [INFO] normal - GET /lib/jquery.form.min.js
[2017-02-28 18:12:05.729] [INFO] normal - GET /js/index.js
[2017-02-28 18:12:05.730] [INFO] normal - GET /images/logo.png
[2017-02-28 18:12:05.732] [INFO] normal - GET /images/%E6%A8%A1%E6%9D%BF%E4%B8%80_s.png
[2017-02-28 18:12:05.733] [INFO] normal - GET /images/%E6%A8%A1%E6%9D%BF%E4%BA%8C_s.png
[2017-02-28 18:12:05.734] [INFO] normal - GET /images/%E6%A8%A1%E6%9D%BF%E4%B8%89_s.png
[2017-02-28 18:12:05.738] [INFO] normal - GET /lib/skin/default/layer.css?v=3.0.11110
[2017-02-28 18:25:59.645] [INFO] normal - GET /pagelist
[2017-02-28 18:25:59.658] [INFO] normal - GET /css/bootstrap.min.css
[2017-02-28 18:25:59.658] [INFO] normal - GET /css/index.css
[2017-02-28 18:25:59.659] [INFO] normal - GET /lib/jquery.min.js
[2017-02-28 18:25:59.659] [INFO] normal - GET /lib/bootstrap.min.js
[2017-02-28 18:25:59.660] [INFO] normal - GET /lib/layer.js
[2017-02-28 18:25:59.661] [INFO] normal - GET /images/logo.png
[2017-02-28 18:25:59.678] [INFO] normal - GET /lib/skin/default/layer.css?v=3.0.11110
[2017-02-28 18:25:59.678] [INFO] normal - GET /images/arr.png
[2017-02-28 18:25:59.681] [INFO] normal - GET /images/icon1.png
[2017-02-28 18:25:59.682] [INFO] normal - GET /images/icon2.png
[2017-02-28 18:25:59.683] [INFO] normal - GET /images/icon3.png
[2017-02-28 18:25:59.683] [INFO] normal - GET /images/delete.png
[2017-02-28 18:25:59.684] [INFO] normal - GET /images/fill.png
[2017-02-28 18:26:13.256] [INFO] normal - GET /pagelist
[2017-02-28 18:26:13.263] [INFO] normal - GET /css/bootstrap.min.css
[2017-02-28 18:26:13.266] [INFO] normal - GET /css/index.css
[2017-02-28 18:26:13.266] [INFO] normal - GET /lib/jquery.min.js
[2017-02-28 18:26:13.267] [INFO] normal - GET /lib/bootstrap.min.js
[2017-02-28 18:26:13.268] [INFO] normal - GET /lib/layer.js
[2017-02-28 18:26:13.269] [INFO] normal - GET /images/logo.png
[2017-02-28 18:26:13.279] [INFO] normal - GET /lib/skin/default/layer.css?v=3.0.11110
[2017-02-28 18:26:34.553] [INFO] normal - GET /pagelist
[2017-02-28 18:26:34.558] [INFO] normal - GET /css/bootstrap.min.css
[2017-02-28 18:26:34.560] [INFO] normal - GET /lib/jquery.min.js
[2017-02-28 18:26:34.561] [INFO] normal - GET /lib/bootstrap.min.js
[2017-02-28 18:26:34.561] [INFO] normal - GET /lib/layer.js
[2017-02-28 18:26:34.562] [INFO] normal - GET /css/index.css
[2017-02-28 18:26:34.563] [INFO] normal - GET /images/logo.png
[2017-02-28 18:26:34.573] [INFO] normal - GET /lib/skin/default/layer.css?v=3.0.11110
[2017-02-28 18:26:44.013] [INFO] normal - GET /pagelist/delete/58b3f2113540d92968e6f7cb
[2017-02-28 18:26:44.231] [INFO] normal - GET /pagelist/delete/58b3f2113540d92968e6f7cb
[2017-02-28 18:26:44.313] [INFO] normal - GET /pagelist
[2017-02-28 18:26:44.321] [INFO] normal - GET /css/bootstrap.min.css
[2017-02-28 18:26:44.322] [INFO] normal - GET /css/index.css
[2017-02-28 18:26:44.324] [INFO] normal - GET /lib/jquery.min.js
[2017-02-28 18:26:44.325] [INFO] normal - GET /lib/bootstrap.min.js
[2017-02-28 18:26:44.325] [INFO] normal - GET /lib/layer.js
[2017-02-28 18:26:44.327] [INFO] normal - GET /images/logo.png
[2017-02-28 18:26:44.337] [INFO] normal - GET /lib/skin/default/layer.css?v=3.0.11110
[2017-02-28 18:26:45.838] [INFO] normal - GET /pagelist/delete/58b5451f2f51a81920830db7
[2017-02-28 18:26:45.887] [INFO] normal - GET /pagelist
[2017-02-28 18:26:45.891] [INFO] normal - GET /css/bootstrap.min.css
[2017-02-28 18:26:45.891] [INFO] normal - GET /css/index.css
[2017-02-28 18:26:45.892] [INFO] normal - GET /lib/jquery.min.js
[2017-02-28 18:26:45.892] [INFO] normal - GET /lib/bootstrap.min.js
[2017-02-28 18:26:45.892] [INFO] normal - GET /lib/layer.js
[2017-02-28 18:26:45.893] [INFO] normal - GET /images/logo.png
[2017-02-28 18:26:45.905] [INFO] normal - GET /lib/skin/default/layer.css?v=3.0.11110
[2017-02-28 18:26:46.412] [INFO] normal - GET /pagelist/delete/58b531d4a7988e2fd431c3ef
[2017-02-28 18:26:46.456] [INFO] normal - GET /pagelist
[2017-02-28 18:26:46.462] [INFO] normal - GET /css/bootstrap.min.css
[2017-02-28 18:26:46.462] [INFO] normal - GET /css/index.css
[2017-02-28 18:26:46.463] [INFO] normal - GET /lib/jquery.min.js
[2017-02-28 18:26:46.463] [INFO] normal - GET /lib/bootstrap.min.js
[2017-02-28 18:26:46.463] [INFO] normal - GET /lib/layer.js
[2017-02-28 18:26:46.465] [INFO] normal - GET /images/logo.png
[2017-02-28 18:26:46.476] [INFO] normal - GET /lib/skin/default/layer.css?v=3.0.11110
[2017-02-28 18:26:49.119] [INFO] normal - GET /
[2017-02-28 18:26:49.124] [INFO] normal - GET /css/bootstrap.min.css
[2017-02-28 18:26:49.125] [INFO] normal - GET /css/index.css
[2017-02-28 18:26:49.126] [INFO] normal - GET /lib/jquery.min.js
[2017-02-28 18:26:49.127] [INFO] normal - GET /lib/bootstrap.min.js
[2017-02-28 18:26:49.127] [INFO] normal - GET /lib/layer.js
[2017-02-28 18:26:49.128] [INFO] normal - GET /lib/jquery.form.min.js
[2017-02-28 18:26:49.130] [INFO] normal - GET /js/index.js
[2017-02-28 18:26:49.131] [INFO] normal - GET /images/logo.png
[2017-02-28 18:26:49.134] [INFO] normal - GET /images/%E6%A8%A1%E6%9D%BF%E4%B8%80_s.png
[2017-02-28 18:26:49.135] [INFO] normal - GET /images/%E6%A8%A1%E6%9D%BF%E4%BA%8C_s.png
[2017-02-28 18:26:49.137] [INFO] normal - GET /images/%E6%A8%A1%E6%9D%BF%E4%B8%89_s.png
[2017-02-28 18:26:49.143] [INFO] normal - GET /lib/skin/default/layer.css?v=3.0.11110
[2017-02-28 18:26:49.149] [INFO] normal - GET /images/dg.png
[2017-02-28 18:26:49.150] [INFO] normal - GET /images/add.png
[2017-02-28 18:26:49.151] [INFO] normal - GET /images/dgs.png
[2017-02-28 18:26:57.688] [INFO] normal - POST /uploadFile
[2017-02-28 18:26:57.695] [INFO] normal - GET /images/1488277617683_Banner.jpg
[2017-02-28 18:26:59.914] [INFO] normal - POST /uploadFile
[2017-02-28 18:26:59.918] [INFO] normal - GET /images/1488277619911_goods2.jpg
[2017-02-28 18:27:01.091] [INFO] normal - POST /submit
[2017-02-28 18:27:01.248] [INFO] normal - GET /submit/58b5507567745919b0ec0742
[2017-02-28 18:27:01.248] [INFO] normal - GET /css/index3.css
[2017-02-28 18:27:01.260] [INFO] normal - GET /js/index3.min.js
[2017-02-28 18:27:01.260] [INFO] normal - GET /images/1488277617683_Banner.jpg
[2017-02-28 18:27:01.262] [INFO] normal - GET /images/1488277619911_goods2.jpg
[2017-02-28 18:27:02.709] [INFO] normal - GET /resource4/js/a/cummerBun.js
[2017-02-28 18:27:04.981] [INFO] normal - GET /pagelist
[2017-02-28 18:27:04.985] [INFO] normal - GET /css/bootstrap.min.css
[2017-02-28 18:27:04.986] [INFO] normal - GET /css/index.css
[2017-02-28 18:27:04.987] [INFO] normal - GET /lib/jquery.min.js
[2017-02-28 18:27:04.988] [INFO] normal - GET /lib/bootstrap.min.js
[2017-02-28 18:27:04.989] [INFO] normal - GET /lib/layer.js
[2017-02-28 18:27:04.991] [INFO] normal - GET /images/logo.png
[2017-02-28 18:27:05.012] [INFO] normal - GET /lib/skin/default/layer.css?v=3.0.11110
[2017-02-28 18:27:06.777] [INFO] normal - GET /pagelist/download/58b5507567745919b0ec0742
[2017-02-28 18:27:34.184] [INFO] normal - GET /submit/58b5507567745919b0ec0742
[2017-02-28 18:27:34.193] [INFO] normal - GET /css/index3.css
[2017-02-28 18:27:34.194] [INFO] normal - GET /js/index3.min.js
[2017-02-28 18:27:34.198] [INFO] normal - GET /images/1488277617683_Banner.jpg
[2017-02-28 18:27:34.199] [INFO] normal - GET /images/1488277619911_goods2.jpg
[2017-02-28 18:27:35.491] [INFO] normal - GET /resource4/js/a/cummerBun.js
