[2017-03-02 14:22:26.221] [INFO] normal - GET /lib/bootstrap.min.js
[2017-03-02 14:22:26.226] [INFO] normal - GET /lib/layer.js
[2017-03-02 14:22:26.231] [INFO] normal - GET /css/bootstrap.min.css
[2017-03-02 14:22:26.235] [INFO] normal - GET /edit/58b7b50fbae5e926f0b68fd5
[2017-03-02 14:22:26.237] [INFO] normal - GET /css/index.css
[2017-03-02 14:22:26.239] [INFO] normal - GET /lib/jquery.min.js
[2017-03-02 14:22:26.245] [INFO] normal - GET /lib/jquery.form.min.js
[2017-03-02 14:22:26.251] [INFO] normal - GET /js/index.js
[2017-03-02 14:22:26.254] [INFO] normal - GET /images/logo.png
[2017-03-02 14:22:26.257] [INFO] normal - GET /images/%E6%A8%A1%E6%9D%BF%E4%B8%80_s.png
[2017-03-02 14:22:26.261] [INFO] normal - GET /images/%E6%A8%A1%E6%9D%BF%E4%BA%8C_s.png
[2017-03-02 14:22:26.264] [INFO] normal - GET /images/%E6%A8%A1%E6%9D%BF%E4%B8%89_s.png
[2017-03-02 14:22:26.287] [INFO] normal - GET /lib/skin/default/layer.css?v=3.0.11110
[2017-03-02 14:22:26.365] [INFO] normal - GET /lib/jquery.min.map
[2017-03-02 14:22:26.366] [INFO] normal - GET /images/1488435135009_%7BFB30239C-826F-4F07-BAC6-230FE1DACA2F%7D.jpg
[2017-03-02 14:22:26.369] [INFO] normal - GET /images/1488435152311_QQ%E5%9B%BE%E7%89%8720170113094842.jpg
[2017-03-02 14:22:26.371] [INFO] normal - GET /images/1488435074425_f31fbe096b63f624abe98f1c8344ebf81a4ca37d.jpg
[2017-03-02 14:22:26.377] [INFO] normal - GET /images/dg.png
[2017-03-02 14:22:26.381] [INFO] normal - GET /images/add.png
[2017-03-02 14:22:26.383] [INFO] normal - GET /images/1488435077917_5667819c8316a.jpg
[2017-03-02 14:22:26.386] [INFO] normal - GET /images/dgs.png
[2017-03-02 14:22:26.388] [INFO] normal - GET /images/delete.png
[2017-03-02 14:22:26.394] [INFO] normal - GET /images/arr.png
[2017-03-02 14:22:26.397] [INFO] normal - GET /images/1488435164052_QQ%E5%9B%BE%E7%89%8720170113094908.jpg
[2017-03-02 14:22:26.399] [INFO] normal - GET /images/1488435170032_QQ%E5%9B%BE%E7%89%8720170113094915.jpg
[2017-03-02 14:22:26.403] [INFO] normal - GET /images/1488435178104_QQ%E5%9B%BE%E7%89%8720170113094923.jpg
[2017-03-02 14:22:26.479] [INFO] normal - GET /images/1488434284791_2800x1800.jpg
[2017-03-02 14:22:26.637] [INFO] normal - GET /images/%E6%A8%A1%E6%9D%BF%E4%B8%89.png
[2017-03-02 14:22:26.693] [INFO] normal - GET /images/%E6%A8%A1%E6%9D%BF%E4%B8%80.png
[2017-03-02 14:22:26.757] [INFO] normal - GET /images/%E6%A8%A1%E6%9D%BF%E4%BA%8C.png
[2017-03-02 14:22:34.122] [INFO] normal - GET /edit/58b7b50fbae5e926f0b68fd5
[2017-03-02 14:22:34.136] [INFO] normal - GET /css/index.css
[2017-03-02 14:22:34.140] [INFO] normal - GET /lib/bootstrap.min.js
[2017-03-02 14:22:34.144] [INFO] normal - GET /lib/layer.js
[2017-03-02 14:22:34.147] [INFO] normal - GET /css/bootstrap.min.css
[2017-03-02 14:22:34.157] [INFO] normal - GET /lib/jquery.min.js
[2017-03-02 14:22:34.160] [INFO] normal - GET /lib/jquery.form.min.js
[2017-03-02 14:22:34.173] [INFO] normal - GET /js/index.js
[2017-03-02 14:22:34.176] [INFO] normal - GET /images/logo.png
[2017-03-02 14:22:34.191] [INFO] normal - GET /images/%E6%A8%A1%E6%9D%BF%E4%B8%80_s.png
[2017-03-02 14:22:34.196] [INFO] normal - GET /images/%E6%A8%A1%E6%9D%BF%E4%BA%8C_s.png
[2017-03-02 14:22:34.210] [INFO] normal - GET /lib/skin/default/layer.css?v=3.0.11110
[2017-03-02 14:22:34.212] [INFO] normal - GET /images/%E6%A8%A1%E6%9D%BF%E4%B8%89_s.png
[2017-03-02 14:22:34.246] [INFO] normal - GET /lib/jquery.min.map
[2017-03-02 14:22:34.247] [INFO] normal - GET /images/dg.png
[2017-03-02 14:22:34.249] [INFO] normal - GET /images/add.png
[2017-03-02 14:22:34.264] [INFO] normal - GET /images/delete.png
[2017-03-02 14:22:34.266] [INFO] normal - GET /images/dgs.png
[2017-03-02 14:22:34.274] [INFO] normal - GET /images/arr.png
[2017-03-02 14:22:34.277] [INFO] normal - GET /images/1488435135009_%7BFB30239C-826F-4F07-BAC6-230FE1DACA2F%7D.jpg
[2017-03-02 14:22:34.296] [INFO] normal - GET /images/1488435152311_QQ%E5%9B%BE%E7%89%8720170113094842.jpg
[2017-03-02 14:22:34.299] [INFO] normal - GET /images/1488435074425_f31fbe096b63f624abe98f1c8344ebf81a4ca37d.jpg
[2017-03-02 14:22:34.306] [INFO] normal - GET /images/1488435164052_QQ%E5%9B%BE%E7%89%8720170113094908.jpg
[2017-03-02 14:22:34.311] [INFO] normal - GET /images/1488435170032_QQ%E5%9B%BE%E7%89%8720170113094915.jpg
[2017-03-02 14:22:34.315] [INFO] normal - GET /images/1488435077917_5667819c8316a.jpg
[2017-03-02 14:22:34.328] [INFO] normal - GET /images/1488435178104_QQ%E5%9B%BE%E7%89%8720170113094923.jpg
[2017-03-02 14:22:34.385] [INFO] normal - GET /images/1488434284791_2800x1800.jpg
[2017-03-02 14:22:34.507] [INFO] normal - GET /images/%E6%A8%A1%E6%9D%BF%E4%B8%89.png
[2017-03-02 14:22:34.565] [INFO] normal - GET /images/%E6%A8%A1%E6%9D%BF%E4%B8%80.png
[2017-03-02 14:22:34.606] [INFO] normal - GET /images/%E6%A8%A1%E6%9D%BF%E4%BA%8C.png
[2017-03-02 14:22:37.443] [INFO] normal - POST /submit/58b7b50fbae5e926f0b68fd5
[2017-03-02 14:22:37.700] [INFO] normal - GET /css/index1.css
[2017-03-02 14:22:37.706] [INFO] normal - GET /js/index1.min.js
[2017-03-02 14:22:37.721] [INFO] normal - GET /submit/58b7b50fbae5e926f0b68fd5
[2017-03-02 14:22:37.762] [INFO] normal - GET /images/1488435135009_%7BFB30239C-826F-4F07-BAC6-230FE1DACA2F%7D.jpg
[2017-03-02 14:22:37.765] [INFO] normal - GET /images/1488435152311_QQ%E5%9B%BE%E7%89%8720170113094842.jpg
[2017-03-02 14:22:37.772] [INFO] normal - GET /images/1488435164052_QQ%E5%9B%BE%E7%89%8720170113094908.jpg
[2017-03-02 14:22:37.774] [INFO] normal - GET /images/1488435074425_f31fbe096b63f624abe98f1c8344ebf81a4ca37d.jpg
[2017-03-02 14:22:37.795] [INFO] normal - GET /images/1488435170032_QQ%E5%9B%BE%E7%89%8720170113094915.jpg
[2017-03-02 14:22:37.798] [INFO] normal - GET /images/1488435178104_QQ%E5%9B%BE%E7%89%8720170113094923.jpg
[2017-03-02 14:22:37.834] [INFO] normal - GET /images/1488435077917_5667819c8316a.jpg
[2017-03-02 14:22:37.964] [INFO] normal - GET /images/1488434284791_2800x1800.jpg
[2017-03-02 14:22:38.001] [INFO] normal - GET /resource4/js/a/cummerBun.js
[2017-03-02 14:22:43.916] [INFO] normal - GET /edit/58b7b50fbae5e926f0b68fd5
[2017-03-02 14:22:43.929] [INFO] normal - GET /css/index.css
[2017-03-02 14:22:43.934] [INFO] normal - GET /lib/bootstrap.min.js
[2017-03-02 14:22:43.937] [INFO] normal - GET /lib/layer.js
[2017-03-02 14:22:43.940] [INFO] normal - GET /lib/jquery.min.js
[2017-03-02 14:22:43.945] [INFO] normal - GET /css/bootstrap.min.css
[2017-03-02 14:22:43.948] [INFO] normal - GET /lib/jquery.form.min.js
[2017-03-02 14:22:43.961] [INFO] normal - GET /js/index.js
[2017-03-02 14:22:43.963] [INFO] normal - GET /images/logo.png
[2017-03-02 14:22:43.975] [INFO] normal - GET /images/%E6%A8%A1%E6%9D%BF%E4%B8%80_s.png
[2017-03-02 14:22:43.978] [INFO] normal - GET /images/%E6%A8%A1%E6%9D%BF%E4%BA%8C_s.png
[2017-03-02 14:22:43.993] [INFO] normal - GET /images/%E6%A8%A1%E6%9D%BF%E4%B8%89_s.png
[2017-03-02 14:22:44.000] [INFO] normal - GET /lib/skin/default/layer.css?v=3.0.11110
[2017-03-02 14:22:44.013] [INFO] normal - GET /images/1488435135009_%7BFB30239C-826F-4F07-BAC6-230FE1DACA2F%7D.jpg
[2017-03-02 14:22:44.032] [INFO] normal - GET /images/1488435152311_QQ%E5%9B%BE%E7%89%8720170113094842.jpg
[2017-03-02 14:22:44.036] [INFO] normal - GET /images/1488435074425_f31fbe096b63f624abe98f1c8344ebf81a4ca37d.jpg
[2017-03-02 14:22:44.056] [INFO] normal - GET /lib/jquery.min.map
[2017-03-02 14:22:44.059] [INFO] normal - GET /images/1488435164052_QQ%E5%9B%BE%E7%89%8720170113094908.jpg
[2017-03-02 14:22:44.064] [INFO] normal - GET /images/dg.png
[2017-03-02 14:22:44.077] [INFO] normal - GET /images/1488435077917_5667819c8316a.jpg
[2017-03-02 14:22:44.079] [INFO] normal - GET /images/add.png
[2017-03-02 14:22:44.096] [INFO] normal - GET /images/dgs.png
[2017-03-02 14:22:44.098] [INFO] normal - GET /images/delete.png
[2017-03-02 14:22:44.107] [INFO] normal - GET /images/arr.png
[2017-03-02 14:22:44.110] [INFO] normal - GET /images/1488435170032_QQ%E5%9B%BE%E7%89%8720170113094915.jpg
[2017-03-02 14:22:44.133] [INFO] normal - GET /images/1488435178104_QQ%E5%9B%BE%E7%89%8720170113094923.jpg
[2017-03-02 14:22:44.172] [INFO] normal - GET /images/1488434284791_2800x1800.jpg
[2017-03-02 14:22:44.310] [INFO] normal - GET /images/%E6%A8%A1%E6%9D%BF%E4%B8%89.png
[2017-03-02 14:22:44.388] [INFO] normal - GET /images/%E6%A8%A1%E6%9D%BF%E4%B8%80.png
[2017-03-02 14:22:44.435] [INFO] normal - GET /images/%E6%A8%A1%E6%9D%BF%E4%BA%8C.png
[2017-03-02 14:23:08.827] [INFO] normal - POST /uploadFile
[2017-03-02 14:23:08.834] [INFO] normal - GET /images/1488435788813_QQ%E5%9B%BE%E7%89%8720170113095250.jpg
[2017-03-02 14:23:09.877] [INFO] normal - POST /submit/58b7b50fbae5e926f0b68fd5
[2017-03-02 14:23:10.209] [INFO] normal - GET /submit/58b7b50fbae5e926f0b68fd5
[2017-03-02 14:23:10.212] [INFO] normal - GET /css/index1.css
[2017-03-02 14:23:10.217] [INFO] normal - GET /js/index1.min.js
[2017-03-02 14:23:10.274] [INFO] normal - GET /images/1488435135009_%7BFB30239C-826F-4F07-BAC6-230FE1DACA2F%7D.jpg
[2017-03-02 14:23:10.287] [INFO] normal - GET /images/1488435152311_QQ%E5%9B%BE%E7%89%8720170113094842.jpg
[2017-03-02 14:23:10.294] [INFO] normal - GET /images/1488435074425_f31fbe096b63f624abe98f1c8344ebf81a4ca37d.jpg
[2017-03-02 14:23:10.295] [INFO] normal - GET /images/1488435164052_QQ%E5%9B%BE%E7%89%8720170113094908.jpg
[2017-03-02 14:23:10.303] [INFO] normal - GET /images/1488435170032_QQ%E5%9B%BE%E7%89%8720170113094915.jpg
[2017-03-02 14:23:10.307] [INFO] normal - GET /images/1488435178104_QQ%E5%9B%BE%E7%89%8720170113094923.jpg
[2017-03-02 14:23:10.315] [INFO] normal - GET /images/1488435788813_QQ%E5%9B%BE%E7%89%8720170113095250.jpg
[2017-03-02 14:23:10.318] [INFO] normal - GET /images/1488435077917_5667819c8316a.jpg
[2017-03-02 14:23:10.358] [INFO] normal - GET /images/1488434284791_2800x1800.jpg
[2017-03-02 14:23:10.538] [INFO] normal - GET /resource4/js/a/cummerBun.js
[2017-03-02 14:23:25.893] [INFO] normal - GET /edit/58b7b50fbae5e926f0b68fd5
[2017-03-02 14:23:25.904] [INFO] normal - GET /css/index.css
[2017-03-02 14:23:25.908] [INFO] normal - GET /lib/bootstrap.min.js
[2017-03-02 14:23:25.912] [INFO] normal - GET /lib/layer.js
[2017-03-02 14:23:25.924] [INFO] normal - GET /lib/jquery.min.js
[2017-03-02 14:23:25.926] [INFO] normal - GET /css/bootstrap.min.css
[2017-03-02 14:23:25.940] [INFO] normal - GET /lib/jquery.form.min.js
[2017-03-02 14:23:25.952] [INFO] normal - GET /js/index.js
[2017-03-02 14:23:25.954] [INFO] normal - GET /images/logo.png
[2017-03-02 14:23:25.978] [INFO] normal - GET /lib/skin/default/layer.css?v=3.0.11110
[2017-03-02 14:23:25.986] [INFO] normal - GET /images/%E6%A8%A1%E6%9D%BF%E4%B8%80_s.png
[2017-03-02 14:23:26.061] [INFO] normal - GET /lib/jquery.min.map
[2017-03-02 14:23:26.065] [INFO] normal - GET /images/%E6%A8%A1%E6%9D%BF%E4%B8%89_s.png
[2017-03-02 14:23:26.074] [INFO] normal - GET /images/%E6%A8%A1%E6%9D%BF%E4%BA%8C_s.png
[2017-03-02 14:23:26.084] [INFO] normal - GET /images/1488435074425_f31fbe096b63f624abe98f1c8344ebf81a4ca37d.jpg
[2017-03-02 14:23:26.094] [INFO] normal - GET /images/dg.png
[2017-03-02 14:23:26.096] [INFO] normal - GET /images/add.png
[2017-03-02 14:23:26.098] [INFO] normal - GET /images/dgs.png
[2017-03-02 14:23:26.099] [INFO] normal - GET /images/1488435077917_5667819c8316a.jpg
[2017-03-02 14:23:26.101] [INFO] normal - GET /images/delete.png
[2017-03-02 14:23:26.110] [INFO] normal - GET /images/arr.png
[2017-03-02 14:23:26.112] [INFO] normal - GET /images/1488435135009_%7BFB30239C-826F-4F07-BAC6-230FE1DACA2F%7D.jpg
[2017-03-02 14:23:26.116] [INFO] normal - GET /images/1488435152311_QQ%E5%9B%BE%E7%89%8720170113094842.jpg
[2017-03-02 14:23:26.118] [INFO] normal - GET /images/1488435164052_QQ%E5%9B%BE%E7%89%8720170113094908.jpg
[2017-03-02 14:23:26.126] [INFO] normal - GET /images/1488435170032_QQ%E5%9B%BE%E7%89%8720170113094915.jpg
[2017-03-02 14:23:26.130] [INFO] normal - GET /images/1488435178104_QQ%E5%9B%BE%E7%89%8720170113094923.jpg
[2017-03-02 14:23:26.133] [INFO] normal - GET /images/1488435788813_QQ%E5%9B%BE%E7%89%8720170113095250.jpg
[2017-03-02 14:23:26.180] [INFO] normal - GET /images/1488434284791_2800x1800.jpg
[2017-03-02 14:23:26.304] [INFO] normal - GET /images/%E6%A8%A1%E6%9D%BF%E4%B8%89.png
[2017-03-02 14:23:26.388] [INFO] normal - GET /images/%E6%A8%A1%E6%9D%BF%E4%B8%80.png
[2017-03-02 14:23:26.431] [INFO] normal - GET /images/%E6%A8%A1%E6%9D%BF%E4%BA%8C.png
[2017-03-02 14:23:33.376] [INFO] normal - POST /submit/58b7b50fbae5e926f0b68fd5
[2017-03-02 14:23:33.566] [INFO] normal - GET /submit/58b7b50fbae5e926f0b68fd5
[2017-03-02 14:23:33.568] [INFO] normal - GET /css/index3.css
[2017-03-02 14:23:33.572] [INFO] normal - GET /js/index2.min.js
[2017-03-02 14:23:33.649] [INFO] normal - GET /images/1488435135009_%7BFB30239C-826F-4F07-BAC6-230FE1DACA2F%7D.jpg
[2017-03-02 14:23:33.652] [INFO] normal - GET /images/1488435152311_QQ%E5%9B%BE%E7%89%8720170113094842.jpg
[2017-03-02 14:23:33.663] [INFO] normal - GET /images/1488435164052_QQ%E5%9B%BE%E7%89%8720170113094908.jpg
[2017-03-02 14:23:33.668] [INFO] normal - GET /images/1488435178104_QQ%E5%9B%BE%E7%89%8720170113094923.jpg
[2017-03-02 14:23:33.672] [INFO] normal - GET /images/1488435170032_QQ%E5%9B%BE%E7%89%8720170113094915.jpg
[2017-03-02 14:23:33.686] [INFO] normal - GET /images/1488435788813_QQ%E5%9B%BE%E7%89%8720170113095250.jpg
[2017-03-02 14:23:33.712] [INFO] normal - GET /images/1488434284791_2800x1800.jpg
[2017-03-02 14:23:33.890] [INFO] normal - GET /resource4/js/a/cummerBun.js
[2017-03-02 15:17:26.423] [INFO] normal - GET /
[2017-03-02 15:17:26.619] [INFO] normal - GET /users/login
[2017-03-02 15:17:26.843] [INFO] normal - GET /css/index.css
[2017-03-02 15:17:26.858] [INFO] normal - GET /lib/bootstrap.min.js
[2017-03-02 15:17:26.863] [INFO] normal - GET /css/bootstrap.min.css
[2017-03-02 15:17:26.881] [INFO] normal - GET /images/logo.png
[2017-03-02 15:17:26.941] [INFO] normal - GET /lib/layer.js
[2017-03-02 15:17:27.001] [INFO] normal - GET /lib/jquery.min.js
[2017-03-02 15:17:27.110] [INFO] normal - GET /images/arr.png
[2017-03-02 15:17:27.123] [INFO] normal - GET /lib/skin/default/layer.css?v=3.0.11110
[2017-03-02 15:17:27.556] [INFO] normal - GET /favicon.ico
[2017-03-02 15:17:31.982] [INFO] normal - GET /users/reg
[2017-03-02 15:17:31.992] [INFO] normal - GET /css/bootstrap.min.css
[2017-03-02 15:17:31.992] [INFO] normal - GET /css/index.css
[2017-03-02 15:17:31.993] [INFO] normal - GET /lib/jquery.min.js
[2017-03-02 15:17:31.994] [INFO] normal - GET /lib/bootstrap.min.js
[2017-03-02 15:17:31.994] [INFO] normal - GET /lib/layer.js
[2017-03-02 15:17:31.995] [INFO] normal - GET /images/logo.png
[2017-03-02 15:17:32.031] [INFO] normal - GET /lib/skin/default/layer.css?v=3.0.11110
[2017-03-02 15:18:04.247] [INFO] normal - POST /users/reg
[2017-03-02 15:18:04.607] [INFO] normal - GET /
[2017-03-02 15:18:04.717] [INFO] normal - GET /css/bootstrap.min.css
[2017-03-02 15:18:04.717] [INFO] normal - GET /css/index.css
[2017-03-02 15:18:04.720] [INFO] normal - GET /lib/jquery.min.js
[2017-03-02 15:18:04.721] [INFO] normal - GET /lib/bootstrap.min.js
[2017-03-02 15:18:04.722] [INFO] normal - GET /lib/layer.js
[2017-03-02 15:18:04.724] [INFO] normal - GET /images/logo.png
[2017-03-02 15:18:04.727] [INFO] normal - GET /js/index.js
[2017-03-02 15:18:04.753] [INFO] normal - GET /lib/skin/default/layer.css?v=3.0.11110
[2017-03-02 15:18:04.766] [INFO] normal - GET /lib/jquery.form.min.js
[2017-03-02 15:18:04.772] [INFO] normal - GET /images/%E6%A8%A1%E6%9D%BF%E4%B8%80_s.png
[2017-03-02 15:18:04.877] [INFO] normal - GET /images/dg.png
[2017-03-02 15:18:04.882] [INFO] normal - GET /images/delete.png
[2017-03-02 15:18:04.887] [INFO] normal - GET /images/add.png
[2017-03-02 15:18:04.891] [INFO] normal - GET /images/%E6%A8%A1%E6%9D%BF%E4%B8%89_s.png
[2017-03-02 15:18:04.905] [INFO] normal - GET /images/dgs.png
[2017-03-02 15:18:04.925] [INFO] normal - GET /images/%E6%A8%A1%E6%9D%BF%E4%BA%8C_s.png
[2017-03-02 15:18:05.043] [INFO] normal - GET /images/%E6%A8%A1%E6%9D%BF%E4%B8%89.png
[2017-03-02 15:18:05.354] [INFO] normal - GET /images/%E6%A8%A1%E6%9D%BF%E4%B8%80.png
[2017-03-02 15:18:05.894] [INFO] normal - GET /images/%E6%A8%A1%E6%9D%BF%E4%BA%8C.png
[2017-03-02 15:20:13.246] [INFO] normal - GET /
[2017-03-02 15:20:13.256] [INFO] normal - GET /css/bootstrap.min.css
[2017-03-02 15:20:13.257] [INFO] normal - GET /css/index.css
[2017-03-02 15:20:13.258] [INFO] normal - GET /lib/jquery.min.js
[2017-03-02 15:20:13.260] [INFO] normal - GET /lib/bootstrap.min.js
[2017-03-02 15:20:13.261] [INFO] normal - GET /lib/layer.js
[2017-03-02 15:20:13.263] [INFO] normal - GET /images/logo.png
[2017-03-02 15:20:13.266] [INFO] normal - GET /lib/jquery.form.min.js
[2017-03-02 15:20:13.266] [INFO] normal - GET /js/index.js
[2017-03-02 15:20:13.268] [INFO] normal - GET /images/%E6%A8%A1%E6%9D%BF%E4%B8%80_s.png
[2017-03-02 15:20:13.269] [INFO] normal - GET /images/%E6%A8%A1%E6%9D%BF%E4%BA%8C_s.png
[2017-03-02 15:20:13.271] [INFO] normal - GET /images/%E6%A8%A1%E6%9D%BF%E4%B8%89_s.png
[2017-03-02 15:20:13.272] [INFO] normal - GET /images/%E6%A8%A1%E6%9D%BF%E4%B8%80.png
[2017-03-02 15:20:13.273] [INFO] normal - GET /images/%E6%A8%A1%E6%9D%BF%E4%BA%8C.png
[2017-03-02 15:20:13.273] [INFO] normal - GET /images/%E6%A8%A1%E6%9D%BF%E4%B8%89.png
[2017-03-02 15:20:13.297] [INFO] normal - GET /lib/skin/default/layer.css?v=3.0.11110
[2017-03-02 15:20:21.917] [INFO] normal - GET /
[2017-03-02 15:20:21.930] [INFO] normal - GET /css/bootstrap.min.css
[2017-03-02 15:20:21.931] [INFO] normal - GET /css/index.css
[2017-03-02 15:20:21.931] [INFO] normal - GET /lib/jquery.min.js
[2017-03-02 15:20:21.932] [INFO] normal - GET /lib/bootstrap.min.js
[2017-03-02 15:20:21.932] [INFO] normal - GET /lib/layer.js
[2017-03-02 15:20:21.933] [INFO] normal - GET /images/logo.png
[2017-03-02 15:20:21.934] [INFO] normal - GET /lib/jquery.form.min.js
[2017-03-02 15:20:21.935] [INFO] normal - GET /js/index.js
[2017-03-02 15:20:21.938] [INFO] normal - GET /images/%E6%A8%A1%E6%9D%BF%E4%B8%80_s.png
[2017-03-02 15:20:21.941] [INFO] normal - GET /images/%E6%A8%A1%E6%9D%BF%E4%BA%8C_s.png
[2017-03-02 15:20:21.942] [INFO] normal - GET /images/%E6%A8%A1%E6%9D%BF%E4%B8%89_s.png
[2017-03-02 15:20:21.943] [INFO] normal - GET /images/%E6%A8%A1%E6%9D%BF%E4%B8%80.png
[2017-03-02 15:20:21.943] [INFO] normal - GET /images/%E6%A8%A1%E6%9D%BF%E4%BA%8C.png
[2017-03-02 15:20:21.944] [INFO] normal - GET /images/%E6%A8%A1%E6%9D%BF%E4%B8%89.png
[2017-03-02 15:20:21.962] [INFO] normal - GET /lib/skin/default/layer.css?v=3.0.11110
[2017-03-02 15:20:23.236] [INFO] normal - GET /
[2017-03-02 15:20:23.257] [INFO] normal - GET /css/bootstrap.min.css
[2017-03-02 15:20:23.258] [INFO] normal - GET /css/index.css
[2017-03-02 15:20:23.259] [INFO] normal - GET /lib/jquery.min.js
[2017-03-02 15:20:23.351] [INFO] normal - GET /lib/bootstrap.min.js
[2017-03-02 15:20:23.354] [INFO] normal - GET /lib/layer.js
[2017-03-02 15:20:23.354] [INFO] normal - GET /images/logo.png
[2017-03-02 15:20:23.356] [INFO] normal - GET /lib/jquery.form.min.js
[2017-03-02 15:20:23.357] [INFO] normal - GET /js/index.js
[2017-03-02 15:20:23.358] [INFO] normal - GET /images/%E6%A8%A1%E6%9D%BF%E4%B8%80_s.png
[2017-03-02 15:20:23.361] [INFO] normal - GET /images/%E6%A8%A1%E6%9D%BF%E4%BA%8C_s.png
[2017-03-02 15:20:23.363] [INFO] normal - GET /images/%E6%A8%A1%E6%9D%BF%E4%B8%89_s.png
[2017-03-02 15:20:23.365] [INFO] normal - GET /images/%E6%A8%A1%E6%9D%BF%E4%B8%80.png
[2017-03-02 15:20:23.366] [INFO] normal - GET /images/%E6%A8%A1%E6%9D%BF%E4%BA%8C.png
[2017-03-02 15:20:23.367] [INFO] normal - GET /images/%E6%A8%A1%E6%9D%BF%E4%B8%89.png
[2017-03-02 15:20:23.386] [INFO] normal - GET /lib/skin/default/layer.css?v=3.0.11110
[2017-03-02 15:21:30.910] [INFO] normal - GET /css/bootstrap.min.css
[2017-03-02 15:21:30.911] [INFO] normal - GET /css/index.css
[2017-03-02 15:21:30.912] [INFO] normal - GET /lib/skin/default/layer.css?v=3.0.11110
[2017-03-02 15:21:31.038] [INFO] normal - GET /lib/jquery.min.map
[2017-03-02 15:22:40.515] [INFO] normal - GET /
[2017-03-02 15:22:40.536] [INFO] normal - GET /css/index.css
[2017-03-02 15:22:40.538] [INFO] normal - GET /lib/bootstrap.min.js
[2017-03-02 15:22:40.541] [INFO] normal - GET /lib/layer.js
[2017-03-02 15:22:40.544] [INFO] normal - GET /css/bootstrap.min.css
[2017-03-02 15:22:40.546] [INFO] normal - GET /lib/jquery.min.js
[2017-03-02 15:22:40.547] [INFO] normal - GET /images/logo.png
[2017-03-02 15:22:40.548] [INFO] normal - GET /lib/jquery.form.min.js
[2017-03-02 15:22:40.549] [INFO] normal - GET /js/index.js
[2017-03-02 15:22:40.559] [INFO] normal - GET /images/%E6%A8%A1%E6%9D%BF%E4%B8%80_s.png
[2017-03-02 15:22:40.565] [INFO] normal - GET /images/%E6%A8%A1%E6%9D%BF%E4%B8%89_s.png
[2017-03-02 15:22:40.570] [INFO] normal - GET /images/%E6%A8%A1%E6%9D%BF%E4%BA%8C_s.png
[2017-03-02 15:22:40.601] [INFO] normal - GET /lib/skin/default/layer.css?v=3.0.11110
[2017-03-02 15:22:40.640] [INFO] normal - GET /lib/jquery.min.map
[2017-03-02 15:22:40.645] [INFO] normal - GET /images/arr.png
[2017-03-02 15:22:40.646] [INFO] normal - GET /images/dg.png
[2017-03-02 15:22:40.648] [INFO] normal - GET /images/add.png
[2017-03-02 15:22:40.649] [INFO] normal - GET /images/dgs.png
[2017-03-02 15:22:40.650] [INFO] normal - GET /images/delete.png
[2017-03-02 15:22:40.768] [INFO] normal - GET /images/%E6%A8%A1%E6%9D%BF%E4%B8%89.png
[2017-03-02 15:22:40.807] [INFO] normal - GET /images/%E6%A8%A1%E6%9D%BF%E4%B8%80.png
[2017-03-02 15:22:40.882] [INFO] normal - GET /images/%E6%A8%A1%E6%9D%BF%E4%BA%8C.png
[2017-03-02 15:23:18.045] [INFO] normal - GET /pagelist
[2017-03-02 15:23:18.154] [INFO] normal - GET /css/index.css
[2017-03-02 15:23:18.155] [INFO] normal - GET /lib/bootstrap.min.js
[2017-03-02 15:23:18.156] [INFO] normal - GET /lib/layer.js
[2017-03-02 15:23:18.157] [INFO] normal - GET /lib/jquery.min.js
[2017-03-02 15:23:18.161] [INFO] normal - GET /images/logo.png
[2017-03-02 15:23:18.164] [INFO] normal - GET /css/bootstrap.min.css
[2017-03-02 15:23:18.211] [INFO] normal - GET /lib/skin/default/layer.css?v=3.0.11110
[2017-03-02 15:23:18.227] [INFO] normal - GET /images/arr.png
[2017-03-02 15:23:18.235] [INFO] normal - GET /images/fill.png
[2017-03-02 15:23:18.371] [INFO] normal - GET /lib/jquery.min.map
[2017-03-02 15:23:19.775] [INFO] normal - GET /pagelist
[2017-03-02 15:23:19.791] [INFO] normal - GET /css/index.css
[2017-03-02 15:23:19.792] [INFO] normal - GET /lib/bootstrap.min.js
[2017-03-02 15:23:19.801] [INFO] normal - GET /lib/layer.js
[2017-03-02 15:23:19.802] [INFO] normal - GET /lib/jquery.min.js
[2017-03-02 15:23:19.804] [INFO] normal - GET /images/logo.png
[2017-03-02 15:23:19.811] [INFO] normal - GET /css/bootstrap.min.css
[2017-03-02 15:23:19.854] [INFO] normal - GET /lib/skin/default/layer.css?v=3.0.11110
[2017-03-02 15:23:19.858] [INFO] normal - GET /images/arr.png
[2017-03-02 15:23:19.859] [INFO] normal - GET /images/fill.png
[2017-03-02 15:23:19.978] [INFO] normal - GET /lib/jquery.min.map
[2017-03-02 15:23:21.185] [INFO] normal - GET /pagelist
[2017-03-02 15:23:21.198] [INFO] normal - GET /css/index.css
[2017-03-02 15:23:21.199] [INFO] normal - GET /lib/bootstrap.min.js
[2017-03-02 15:23:21.199] [INFO] normal - GET /lib/layer.js
[2017-03-02 15:23:21.206] [INFO] normal - GET /lib/jquery.min.js
[2017-03-02 15:23:21.208] [INFO] normal - GET /images/logo.png
[2017-03-02 15:23:21.211] [INFO] normal - GET /css/bootstrap.min.css
[2017-03-02 15:23:21.253] [INFO] normal - GET /lib/skin/default/layer.css?v=3.0.11110
[2017-03-02 15:23:21.258] [INFO] normal - GET /images/arr.png
[2017-03-02 15:23:21.260] [INFO] normal - GET /images/fill.png
[2017-03-02 15:23:21.379] [INFO] normal - GET /lib/jquery.min.map
[2017-03-02 15:23:23.040] [INFO] normal - GET /
[2017-03-02 15:23:23.054] [INFO] normal - GET /css/bootstrap.min.css
[2017-03-02 15:23:23.055] [INFO] normal - GET /css/index.css
[2017-03-02 15:23:23.062] [INFO] normal - GET /lib/bootstrap.min.js
[2017-03-02 15:23:23.064] [INFO] normal - GET /lib/layer.js
[2017-03-02 15:23:23.065] [INFO] normal - GET /images/logo.png
[2017-03-02 15:23:23.066] [INFO] normal - GET /lib/jquery.min.js
[2017-03-02 15:23:23.068] [INFO] normal - GET /lib/jquery.form.min.js
[2017-03-02 15:23:23.070] [INFO] normal - GET /js/index.js
[2017-03-02 15:23:23.078] [INFO] normal - GET /images/%E6%A8%A1%E6%9D%BF%E4%B8%80_s.png
[2017-03-02 15:23:23.079] [INFO] normal - GET /images/%E6%A8%A1%E6%9D%BF%E4%B8%89_s.png
[2017-03-02 15:23:23.082] [INFO] normal - GET /images/%E6%A8%A1%E6%9D%BF%E4%BA%8C_s.png
[2017-03-02 15:23:23.123] [INFO] normal - GET /lib/skin/default/layer.css?v=3.0.11110
[2017-03-02 15:23:23.156] [INFO] normal - GET /lib/jquery.min.map
[2017-03-02 15:23:23.159] [INFO] normal - GET /images/arr.png
[2017-03-02 15:23:23.161] [INFO] normal - GET /images/dg.png
[2017-03-02 15:23:23.163] [INFO] normal - GET /images/add.png
[2017-03-02 15:23:23.164] [INFO] normal - GET /images/dgs.png
[2017-03-02 15:23:23.165] [INFO] normal - GET /images/delete.png
[2017-03-02 15:23:23.285] [INFO] normal - GET /images/%E6%A8%A1%E6%9D%BF%E4%B8%89.png
[2017-03-02 15:23:23.329] [INFO] normal - GET /images/%E6%A8%A1%E6%9D%BF%E4%B8%80.png
[2017-03-02 15:23:23.360] [INFO] normal - GET /images/%E6%A8%A1%E6%9D%BF%E4%BA%8C.png
